Started by user Xinyu Luan
Running as SYSTEM
Building in workspace /var/jenkins_home/workspace/eCommerce-Application
The recommended git tool is: NONE
using credential cdecfcc2-4b6d-46b9-ba1b-d03eca4c7f73
 > git rev-parse --resolve-git-dir /var/jenkins_home/workspace/eCommerce-Application/.git # timeout=10
Fetching changes from the remote Git repository
 > git config remote.origin.url https://github.com/XinyuLuan/eCommerce_Application.git # timeout=10
Fetching upstream changes from https://github.com/XinyuLuan/eCommerce_Application.git
 > git --version # timeout=10
 > git --version # 'git version 2.30.2'
using GIT_SSH to set credentials
 > git fetch --tags --force --progress -- https://github.com/XinyuLuan/eCommerce_Application.git +refs/heads/*:refs/remotes/origin/* # timeout=10
 > git rev-parse refs/remotes/origin/main^{commit} # timeout=10
Checking out Revision 88a155ce476739c37610b3320c73d8cbfcb5d5ef (refs/remotes/origin/main)
 > git config core.sparsecheckout # timeout=10
 > git checkout -f 88a155ce476739c37610b3320c73d8cbfcb5d5ef # timeout=10
Commit message: "update org.apache.maven.plugins 2.19 for jenkins"
 > git rev-list --no-walk 50a586cf56303fad39f85980f0dec783dfb3ee7f # timeout=10
[eCommerce-Application] $ mvn -f pom.xml package
[INFO] Scanning for projects...
[INFO]
[INFO] ----------------< com.ecommerce:ecommerce-application >-----------------
[INFO] Building ecommerce-application 0.0.1-SNAPSHOT
[INFO] --------------------------------[ jar ]---------------------------------
Downloading from central: https://repo.maven.apache.org/maven2/org/apache/maven/plugins/maven-surefire-plugin/2.19.1/maven-surefire-plugin-2.19.1.pom
Progress (1): 2.7/5.6 kB
Progress (1): 5.5/5.6 kB
Progress (1): 5.6 kB

Downloaded from central: https://repo.maven.apache.org/maven2/org/apache/maven/plugins/maven-surefire-plugin/2.19.1/maven-surefire-plugin-2.19.1.pom (5.6 kB at 7.6 kB/s)
Downloading from central: https://repo.maven.apache.org/maven2/org/apache/maven/surefire/surefire/2.19.1/surefire-2.19.1.pom
Progress (1): 2.7/18 kB
Progress (1): 5.5/18 kB
Progress (1): 8.2/18 kB
Progress (1): 11/18 kB
Progress (1): 14/18 kB
Progress (1): 16/18 kB
Progress (1): 18 kB

Downloaded from central: https://repo.maven.apache.org/maven2/org/apache/maven/surefire/surefire/2.19.1/surefire-2.19.1.pom (18 kB at 439 kB/s)
Downloading from central: https://repo.maven.apache.org/maven2/org/apache/maven/maven-parent/26/maven-parent-26.pom
Progress (1): 2.7/40 kB
Progress (1): 5.5/40 kB
Progress (1): 8.2/40 kB
Progress (1): 11/40 kB
Progress (1): 14/40 kB
Progress (1): 16/40 kB
Progress (1): 19/40 kB
Progress (1): 22/40 kB
Progress (1): 25/40 kB
Progress (1): 27/40 kB
Progress (1): 30/40 kB
Progress (1): 33/40 kB
Progress (1): 36/40 kB
Progress (1): 38/40 kB
Progress (1): 40 kB

Downloaded from central: https://repo.maven.apache.org/maven2/org/apache/maven/maven-parent/26/maven-parent-26.pom (40 kB at 765 kB/s)
Downloading from central: https://repo.maven.apache.org/maven2/org/apache/maven/plugins/maven-surefire-plugin/2.19.1/maven-surefire-plugin-2.19.1.jar
Progress (1): 2.7/38 kB
Progress (1): 5.5/38 kB
Progress (1): 8.2/38 kB
Progress (1): 11/38 kB
Progress (1): 14/38 kB
Progress (1): 16/38 kB
Progress (1): 19/38 kB
Progress (1): 22/38 kB
Progress (1): 25/38 kB
Progress (1): 27/38 kB
Progress (1): 30/38 kB
Progress (1): 33/38 kB
Progress (1): 36/38 kB
Progress (1): 38/38 kB
Progress (1): 38 kB

Downloaded from central: https://repo.maven.apache.org/maven2/org/apache/maven/plugins/maven-surefire-plugin/2.19.1/maven-surefire-plugin-2.19.1.jar (38 kB at 914 kB/s)
[INFO]
[INFO] --- maven-resources-plugin:3.1.0:resources (default-resources) @ ecommerce-application ---
[INFO] Using 'UTF-8' encoding to copy filtered resources.
[INFO] Copying 1 resource
[INFO] Copying 2 resources
[INFO]
[INFO] --- maven-compiler-plugin:3.8.1:compile (default-compile) @ ecommerce-application ---
[INFO] Changes detected - recompiling the module!
[INFO] Compiling 20 source files to /var/jenkins_home/workspace/eCommerce-Application/target/classes
[INFO]
[INFO] --- maven-resources-plugin:3.1.0:testResources (default-testResources) @ ecommerce-application ---
[INFO] Using 'UTF-8' encoding to copy filtered resources.
[INFO] skip non existing resourceDirectory /var/jenkins_home/workspace/eCommerce-Application/src/test/resources
[INFO]
[INFO] --- maven-compiler-plugin:3.8.1:testCompile (default-testCompile) @ ecommerce-application ---
[INFO] Changes detected - recompiling the module!
[INFO] Compiling 6 source files to /var/jenkins_home/workspace/eCommerce-Application/target/test-classes
[INFO]
[INFO] --- maven-surefire-plugin:2.19.1:test (default-test) @ ecommerce-application ---
Downloading from central: https://repo.maven.apache.org/maven2/org/apache/maven/surefire/maven-surefire-common/2.19.1/maven-surefire-common-2.19.1.pom
Progress (1): 2.7/7.3 kB
Progress (1): 5.5/7.3 kB
Progress (1): 7.3 kB

Downloaded from central: https://repo.maven.apache.org/maven2/org/apache/maven/surefire/maven-surefire-common/2.19.1/maven-surefire-common-2.19.1.pom (7.3 kB at 349 kB/s)
Downloading from central: https://repo.maven.apache.org/maven2/org/apache/maven/plugin-tools/maven-plugin-annotations/3.3/maven-plugin-annotations-3.3.pom
Progress (1): 1.6 kB

Downloaded from central: https://repo.maven.apache.org/maven2/org/apache/maven/plugin-tools/maven-plugin-annotations/3.3/maven-plugin-annotations-3.3.pom (1.6 kB at 102 kB/s)
Downloading from central: https://repo.maven.apache.org/maven2/org/apache/maven/plugin-tools/maven-plugin-tools/3.3/maven-plugin-tools-3.3.pom
Progress (1): 2.7/13 kB
Progress (1): 5.5/13 kB
Progress (1): 8.2/13 kB
Progress (1): 11/13 kB
Progress (1): 13 kB

Downloaded from central: https://repo.maven.apache.org/maven2/org/apache/maven/plugin-tools/maven-plugin-tools/3.3/maven-plugin-tools-3.3.pom (13 kB at 316 kB/s)
Downloading from central: https://repo.maven.apache.org/maven2/org/apache/maven/maven-parent/24/maven-parent-24.pom
Progress (1): 2.7/37 kB
Progress (1): 5.5/37 kB
Progress (1): 8.2/37 kB
Progress (1): 11/37 kB
Progress (1): 14/37 kB
Progress (1): 16/37 kB
Progress (1): 19/37 kB
Progress (1): 22/37 kB
Progress (1): 25/37 kB
Progress (1): 27/37 kB
Progress (1): 30/37 kB
Progress (1): 33/37 kB
Progress (1): 36/37 kB
Progress (1): 37 kB

Downloaded from central: https://repo.maven.apache.org/maven2/org/apache/maven/maven-parent/24/maven-parent-24.pom (37 kB at 1.1 MB/s)
Downloading from central: https://repo.maven.apache.org/maven2/org/apache/apache/14/apache-14.pom
Progress (1): 2.7/15 kB
Progress (1): 5.5/15 kB
Progress (1): 8.2/15 kB
Progress (1): 11/15 kB
Progress (1): 14/15 kB
Progress (1): 15 kB

Downloaded from central: https://repo.maven.apache.org/maven2/org/apache/apache/14/apache-14.pom (15 kB at 864 kB/s)
Downloading from central: https://repo.maven.apache.org/maven2/org/apache/maven/surefire/surefire-api/2.19.1/surefire-api-2.19.1.pom
Progress (1): 2.7/3.5 kB
Progress (1): 3.5 kB

Downloaded from central: https://repo.maven.apache.org/maven2/org/apache/maven/surefire/surefire-api/2.19.1/surefire-api-2.19.1.pom (3.5 kB at 110 kB/s)
Downloading from central: https://repo.maven.apache.org/maven2/org/apache/maven/surefire/surefire-booter/2.19.1/surefire-booter-2.19.1.pom
Progress (1): 2.7/3.2 kB
Progress (1): 3.2 kB

Downloaded from central: https://repo.maven.apache.org/maven2/org/apache/maven/surefire/surefire-booter/2.19.1/surefire-booter-2.19.1.pom (3.2 kB at 59 kB/s)
Downloading from central: https://repo.maven.apache.org/maven2/org/apache/commons/commons-lang3/3.1/commons-lang3-3.1.pom
Progress (1): 2.7/17 kB
Progress (1): 5.5/17 kB
Progress (1): 8.2/17 kB
Progress (1): 11/17 kB
Progress (1): 14/17 kB
Progress (1): 16/17 kB
Progress (1): 17 kB

Downloaded from central: https://repo.maven.apache.org/maven2/org/apache/commons/commons-lang3/3.1/commons-lang3-3.1.pom (17 kB at 696 kB/s)
Downloading from central: https://repo.maven.apache.org/maven2/org/apache/commons/commons-parent/22/commons-parent-22.pom
Progress (1): 4.1/42 kB
Progress (1): 8.2/42 kB
Progress (1): 12/42 kB
Progress (1): 16/42 kB
Progress (1): 20/42 kB
Progress (1): 25/42 kB
Progress (1): 29/42 kB
Progress (1): 33/42 kB
Progress (1): 37/42 kB
Progress (1): 41/42 kB
Progress (1): 42 kB

Downloaded from central: https://repo.maven.apache.org/maven2/org/apache/commons/commons-parent/22/commons-parent-22.pom (42 kB at 1.3 MB/s)
Downloading from central: https://repo.maven.apache.org/maven2/org/apache/maven/surefire/maven-surefire-common/2.19.1/maven-surefire-common-2.19.1.jar
Downloading from central: https://repo.maven.apache.org/maven2/org/apache/maven/surefire/surefire-booter/2.19.1/surefire-booter-2.19.1.jar
Downloading from central: https://repo.maven.apache.org/maven2/org/apache/commons/commons-lang3/3.1/commons-lang3-3.1.jar
Downloading from central: https://repo.maven.apache.org/maven2/org/apache/maven/surefire/surefire-api/2.19.1/surefire-api-2.19.1.jar
Progress (1): 4.1/293 kB
Progress (1): 8.2/293 kB
Progress (1): 12/293 kB
Progress (1): 16/293 kB

Downloading from central: https://repo.maven.apache.org/maven2/org/apache/maven/plugin-tools/maven-plugin-annotations/3.3/maven-plugin-annotations-3.3.jar
Progress (1): 20/293 kB
Progress (1): 25/293 kB
Progress (1): 29/293 kB
Progress (1): 33/293 kB
Progress (1): 37/293 kB
Progress (1): 41/293 kB
Progress (1): 45/293 kB
Progress (1): 49/293 kB
Progress (1): 53/293 kB
Progress (1): 57/293 kB
Progress (2): 57/293 kB | 2.7/46 kB
Progress (2): 57/293 kB | 5.5/46 kB
Progress (2): 57/293 kB | 8.2/46 kB
Progress (2): 57/293 kB | 11/46 kB
Progress (2): 57/293 kB | 14/46 kB
Progress (2): 61/293 kB | 14/46 kB
Progress (2): 66/293 kB | 14/46 kB
Progress (2): 70/293 kB | 14/46 kB
Progress (2): 74/293 kB | 14/46 kB
Progress (2): 78/293 kB | 14/46 kB
Progress (2): 82/293 kB | 14/46 kB
Progress (2): 86/293 kB | 14/46 kB
Progress (3): 86/293 kB | 14/46 kB | 2.7/316 kB
Progress (3): 86/293 kB | 14/46 kB | 5.5/316 kB
Progress (3): 86/293 kB | 14/46 kB | 8.2/316 kB
Progress (3): 86/293 kB | 14/46 kB | 11/316 kB
Progress (4): 86/293 kB | 14/46 kB | 11/316 kB | 2.7/196 kB
Progress (4): 86/293 kB | 16/46 kB | 11/316 kB | 2.7/196 kB
Progress (4): 86/293 kB | 19/46 kB | 11/316 kB | 2.7/196 kB
Progress (4): 86/293 kB | 22/46 kB | 11/316 kB | 2.7/196 kB
Progress (4): 86/293 kB | 25/46 kB | 11/316 kB | 2.7/196 kB
Progress (4): 86/293 kB | 27/46 kB | 11/316 kB | 2.7/196 kB
Progress (4): 90/293 kB | 27/46 kB | 11/316 kB | 2.7/196 kB
Progress (4): 94/293 kB | 27/46 kB | 11/316 kB | 2.7/196 kB
Progress (4): 98/293 kB | 27/46 kB | 11/316 kB | 2.7/196 kB
Progress (4): 98/293 kB | 27/46 kB | 14/316 kB | 2.7/196 kB
Progress (4): 98/293 kB | 27/46 kB | 16/316 kB | 2.7/196 kB
Progress (4): 98/293 kB | 27/46 kB | 19/316 kB | 2.7/196 kB
Progress (5): 98/293 kB | 27/46 kB | 19/316 kB | 2.7/196 kB | 2.7/14 kB
Progress (5): 98/293 kB | 27/46 kB | 19/316 kB | 5.5/196 kB | 2.7/14 kB
Progress (5): 98/293 kB | 27/46 kB | 19/316 kB | 8.2/196 kB | 2.7/14 kB
Progress (5): 98/293 kB | 27/46 kB | 19/316 kB | 11/196 kB | 2.7/14 kB
Progress (5): 98/293 kB | 27/46 kB | 19/316 kB | 14/196 kB | 2.7/14 kB
Progress (5): 98/293 kB | 27/46 kB | 19/316 kB | 16/196 kB | 2.7/14 kB
Progress (5): 98/293 kB | 27/46 kB | 19/316 kB | 19/196 kB | 2.7/14 kB
Progress (5): 102/293 kB | 27/46 kB | 19/316 kB | 19/196 kB | 2.7/14 kB
Progress (5): 102/293 kB | 30/46 kB | 19/316 kB | 19/196 kB | 2.7/14 kB
Progress (5): 102/293 kB | 33/46 kB | 19/316 kB | 19/196 kB | 2.7/14 kB
Progress (5): 102/293 kB | 36/46 kB | 19/316 kB | 19/196 kB | 2.7/14 kB
Progress (5): 102/293 kB | 38/46 kB | 19/316 kB | 19/196 kB | 2.7/14 kB
Progress (5): 102/293 kB | 41/46 kB | 19/316 kB | 19/196 kB | 2.7/14 kB
Progress (5): 102/293 kB | 44/46 kB | 19/316 kB | 19/196 kB | 2.7/14 kB
Progress (5): 102/293 kB | 46 kB | 19/316 kB | 19/196 kB | 2.7/14 kB
Progress (5): 102/293 kB | 46 kB | 22/316 kB | 19/196 kB | 2.7/14 kB
Progress (5): 102/293 kB | 46 kB | 22/316 kB | 19/196 kB | 5.5/14 kB
Progress (5): 102/293 kB | 46 kB | 22/316 kB | 19/196 kB | 8.2/14 kB
Progress (5): 102/293 kB | 46 kB | 22/316 kB | 19/196 kB | 11/14 kB
Progress (5): 102/293 kB | 46 kB | 22/316 kB | 19/196 kB | 14/14 kB
Progress (5): 102/293 kB | 46 kB | 22/316 kB | 19/196 kB | 14 kB
Progress (5): 102/293 kB | 46 kB | 25/316 kB | 19/196 kB | 14 kB
Progress (5): 102/293 kB | 46 kB | 27/316 kB | 19/196 kB | 14 kB
Progress (5): 102/293 kB | 46 kB | 30/316 kB | 19/196 kB | 14 kB
Progress (5): 102/293 kB | 46 kB | 30/316 kB | 22/196 kB | 14 kB
Progress (5): 106/293 kB | 46 kB | 30/316 kB | 22/196 kB | 14 kB
Progress (5): 111/293 kB | 46 kB | 30/316 kB | 22/196 kB | 14 kB
Progress (5): 115/293 kB | 46 kB | 30/316 kB | 22/196 kB | 14 kB
Progress (5): 119/293 kB | 46 kB | 30/316 kB | 22/196 kB | 14 kB
Progress (5): 123/293 kB | 46 kB | 30/316 kB | 22/196 kB | 14 kB
Progress (5): 127/293 kB | 46 kB | 30/316 kB | 22/196 kB | 14 kB
Progress (5): 131/293 kB | 46 kB | 30/316 kB | 22/196 kB | 14 kB
Progress (5): 135/293 kB | 46 kB | 30/316 kB | 22/196 kB | 14 kB
Progress (5): 139/293 kB | 46 kB | 30/316 kB | 22/196 kB | 14 kB

Downloaded from central: https://repo.maven.apache.org/maven2/org/apache/maven/plugin-tools/maven-plugin-annotations/3.3/maven-plugin-annotations-3.3.jar (14 kB at 85 kB/s)
Progress (4): 143/293 kB | 46 kB | 30/316 kB | 22/196 kB
Progress (4): 147/293 kB | 46 kB | 30/316 kB | 22/196 kB
Progress (4): 152/293 kB | 46 kB | 30/316 kB | 22/196 kB

Downloaded from central: https://repo.maven.apache.org/maven2/org/apache/maven/surefire/surefire-booter/2.19.1/surefire-booter-2.19.1.jar (46 kB at 235 kB/s)
Progress (3): 152/293 kB | 33/316 kB | 22/196 kB
Progress (3): 152/293 kB | 36/316 kB | 22/196 kB
Progress (3): 152/293 kB | 38/316 kB | 22/196 kB
Progress (3): 152/293 kB | 41/316 kB | 22/196 kB
Progress (3): 152/293 kB | 41/316 kB | 25/196 kB
Progress (3): 152/293 kB | 41/316 kB | 27/196 kB
Progress (3): 152/293 kB | 41/316 kB | 30/196 kB
Progress (3): 152/293 kB | 41/316 kB | 33/196 kB
Progress (3): 152/293 kB | 41/316 kB | 36/196 kB
Progress (3): 152/293 kB | 41/316 kB | 38/196 kB
Progress (3): 152/293 kB | 41/316 kB | 41/196 kB
Progress (3): 152/293 kB | 41/316 kB | 44/196 kB
Progress (3): 152/293 kB | 41/316 kB | 47/196 kB
Progress (3): 152/293 kB | 41/316 kB | 49/196 kB
Progress (3): 152/293 kB | 41/316 kB | 52/196 kB
Progress (3): 156/293 kB | 41/316 kB | 52/196 kB
Progress (3): 156/293 kB | 44/316 kB | 52/196 kB
Progress (3): 156/293 kB | 47/316 kB | 52/196 kB
Progress (3): 156/293 kB | 49/316 kB | 52/196 kB
Progress (3): 156/293 kB | 52/316 kB | 52/196 kB
Progress (3): 156/293 kB | 55/316 kB | 52/196 kB
Progress (3): 156/293 kB | 58/316 kB | 52/196 kB
Progress (3): 160/293 kB | 58/316 kB | 52/196 kB
Progress (3): 164/293 kB | 58/316 kB | 52/196 kB
Progress (3): 168/293 kB | 58/316 kB | 52/196 kB
Progress (3): 172/293 kB | 58/316 kB | 52/196 kB
Progress (3): 176/293 kB | 58/316 kB | 52/196 kB
Progress (3): 180/293 kB | 58/316 kB | 52/196 kB
Progress (3): 184/293 kB | 58/316 kB | 52/196 kB
Progress (3): 184/293 kB | 58/316 kB | 55/196 kB
Progress (3): 184/293 kB | 58/316 kB | 58/196 kB
Progress (3): 184/293 kB | 60/316 kB | 58/196 kB
Progress (3): 184/293 kB | 63/316 kB | 58/196 kB
Progress (3): 184/293 kB | 66/316 kB | 58/196 kB
Progress (3): 184/293 kB | 66/316 kB | 60/196 kB
Progress (3): 184/293 kB | 66/316 kB | 63/196 kB
Progress (3): 184/293 kB | 66/316 kB | 66/196 kB
Progress (3): 184/293 kB | 69/316 kB | 66/196 kB
Progress (3): 184/293 kB | 71/316 kB | 66/196 kB
Progress (3): 184/293 kB | 74/316 kB | 66/196 kB
Progress (3): 184/293 kB | 77/316 kB | 66/196 kB
Progress (3): 188/293 kB | 77/316 kB | 66/196 kB
Progress (3): 193/293 kB | 77/316 kB | 66/196 kB
Progress (3): 197/293 kB | 77/316 kB | 66/196 kB
Progress (3): 201/293 kB | 77/316 kB | 66/196 kB
Progress (3): 201/293 kB | 77/316 kB | 69/196 kB
Progress (3): 201/293 kB | 77/316 kB | 71/196 kB
Progress (3): 201/293 kB | 77/316 kB | 74/196 kB
Progress (3): 201/293 kB | 77/316 kB | 77/196 kB
Progress (3): 201/293 kB | 77/316 kB | 80/196 kB
Progress (3): 201/293 kB | 77/316 kB | 82/196 kB
Progress (3): 201/293 kB | 77/316 kB | 85/196 kB
Progress (3): 201/293 kB | 77/316 kB | 88/196 kB
Progress (3): 201/293 kB | 80/316 kB | 88/196 kB
Progress (3): 201/293 kB | 82/316 kB | 88/196 kB
Progress (3): 201/293 kB | 85/316 kB | 88/196 kB
Progress (3): 201/293 kB | 88/316 kB | 88/196 kB
Progress (3): 205/293 kB | 88/316 kB | 88/196 kB
Progress (3): 209/293 kB | 88/316 kB | 88/196 kB
Progress (3): 213/293 kB | 88/316 kB | 88/196 kB
Progress (3): 217/293 kB | 88/316 kB | 88/196 kB
Progress (3): 221/293 kB | 88/316 kB | 88/196 kB
Progress (3): 225/293 kB | 88/316 kB | 88/196 kB
Progress (3): 225/293 kB | 90/316 kB | 88/196 kB
Progress (3): 225/293 kB | 93/316 kB | 88/196 kB
Progress (3): 225/293 kB | 96/316 kB | 88/196 kB
Progress (3): 225/293 kB | 96/316 kB | 90/196 kB
Progress (3): 225/293 kB | 96/316 kB | 93/196 kB
Progress (3): 225/293 kB | 96/316 kB | 96/196 kB
Progress (3): 225/293 kB | 96/316 kB | 99/196 kB
Progress (3): 229/293 kB | 96/316 kB | 99/196 kB
Progress (3): 233/293 kB | 96/316 kB | 99/196 kB
Progress (3): 238/293 kB | 96/316 kB | 99/196 kB
Progress (3): 238/293 kB | 99/316 kB | 99/196 kB
Progress (3): 238/293 kB | 101/316 kB | 99/196 kB
Progress (3): 238/293 kB | 104/316 kB | 99/196 kB
Progress (3): 238/293 kB | 107/316 kB | 99/196 kB
Progress (3): 238/293 kB | 110/316 kB | 99/196 kB
Progress (3): 238/293 kB | 110/316 kB | 101/196 kB
Progress (3): 238/293 kB | 110/316 kB | 104/196 kB
Progress (3): 238/293 kB | 110/316 kB | 107/196 kB
Progress (3): 242/293 kB | 110/316 kB | 107/196 kB
Progress (3): 246/293 kB | 110/316 kB | 107/196 kB
Progress (3): 250/293 kB | 110/316 kB | 107/196 kB
Progress (3): 254/293 kB | 110/316 kB | 107/196 kB
Progress (3): 258/293 kB | 110/316 kB | 107/196 kB
Progress (3): 262/293 kB | 110/316 kB | 107/196 kB
Progress (3): 266/293 kB | 110/316 kB | 107/196 kB
Progress (3): 270/293 kB | 110/316 kB | 107/196 kB
Progress (3): 274/293 kB | 110/316 kB | 107/196 kB
Progress (3): 279/293 kB | 110/316 kB | 107/196 kB
Progress (3): 283/293 kB | 110/316 kB | 107/196 kB
Progress (3): 287/293 kB | 110/316 kB | 107/196 kB
Progress (3): 291/293 kB | 110/316 kB | 107/196 kB
Progress (3): 293 kB | 110/316 kB | 107/196 kB
Progress (3): 293 kB | 112/316 kB | 107/196 kB
Progress (3): 293 kB | 115/316 kB | 107/196 kB
Progress (3): 293 kB | 118/316 kB | 107/196 kB
Progress (3): 293 kB | 121/316 kB | 107/196 kB
Progress (3): 293 kB | 123/316 kB | 107/196 kB
Progress (3): 293 kB | 126/316 kB | 107/196 kB
Progress (3): 293 kB | 129/316 kB | 107/196 kB
Progress (3): 293 kB | 132/316 kB | 107/196 kB
Progress (3): 293 kB | 134/316 kB | 107/196 kB
Progress (3): 293 kB | 134/316 kB | 110/196 kB
Progress (3): 293 kB | 134/316 kB | 112/196 kB
Progress (3): 293 kB | 134/316 kB | 115/196 kB
Progress (3): 293 kB | 134/316 kB | 118/196 kB
Progress (3): 293 kB | 134/316 kB | 121/196 kB
Progress (3): 293 kB | 134/316 kB | 123/196 kB
Progress (3): 293 kB | 134/316 kB | 126/196 kB
Progress (3): 293 kB | 134/316 kB | 129/196 kB
Progress (3): 293 kB | 134/316 kB | 132/196 kB
Progress (3): 293 kB | 134/316 kB | 134/196 kB
Progress (3): 293 kB | 137/316 kB | 134/196 kB
Progress (3): 293 kB | 140/316 kB | 134/196 kB
Progress (3): 293 kB | 143/316 kB | 134/196 kB
Progress (3): 293 kB | 145/316 kB | 134/196 kB
Progress (3): 293 kB | 145/316 kB | 137/196 kB
Progress (3): 293 kB | 145/316 kB | 140/196 kB
Progress (3): 293 kB | 145/316 kB | 143/196 kB
Progress (3): 293 kB | 145/316 kB | 145/196 kB
Progress (3): 293 kB | 145/316 kB | 148/196 kB

Downloaded from central: https://repo.maven.apache.org/maven2/org/apache/maven/surefire/maven-surefire-common/2.19.1/maven-surefire-common-2.19.1.jar (293 kB at 950 kB/s)
Progress (2): 148/316 kB | 148/196 kB
Progress (2): 151/316 kB | 148/196 kB
Progress (2): 154/316 kB | 148/196 kB
Progress (2): 156/316 kB | 148/196 kB
Progress (2): 159/316 kB | 148/196 kB
Progress (2): 159/316 kB | 151/196 kB
Progress (2): 159/316 kB | 154/196 kB
Progress (2): 159/316 kB | 156/196 kB
Progress (2): 159/316 kB | 159/196 kB
Progress (2): 159/316 kB | 162/196 kB
Progress (2): 159/316 kB | 165/196 kB
Progress (2): 159/316 kB | 167/196 kB
Progress (2): 159/316 kB | 170/196 kB
Progress (2): 162/316 kB | 170/196 kB
Progress (2): 165/316 kB | 170/196 kB
Progress (2): 167/316 kB | 170/196 kB
Progress (2): 170/316 kB | 170/196 kB
Progress (2): 173/316 kB | 170/196 kB
Progress (2): 175/316 kB | 170/196 kB
Progress (2): 178/316 kB | 170/196 kB
Progress (2): 178/316 kB | 173/196 kB
Progress (2): 178/316 kB | 175/196 kB
Progress (2): 178/316 kB | 178/196 kB
Progress (2): 178/316 kB | 181/196 kB
Progress (2): 178/316 kB | 184/196 kB
Progress (2): 178/316 kB | 186/196 kB
Progress (2): 178/316 kB | 189/196 kB
Progress (2): 181/316 kB | 189/196 kB
Progress (2): 184/316 kB | 189/196 kB
Progress (2): 186/316 kB | 189/196 kB
Progress (2): 189/316 kB | 189/196 kB
Progress (2): 192/316 kB | 189/196 kB
Progress (2): 195/316 kB | 189/196 kB
Progress (2): 197/316 kB | 189/196 kB
Progress (2): 197/316 kB | 192/196 kB
Progress (2): 197/316 kB | 195/196 kB
Progress (2): 197/316 kB | 196 kB
Progress (2): 200/316 kB | 196 kB
Progress (2): 203/316 kB | 196 kB
Progress (2): 206/316 kB | 196 kB
Progress (2): 208/316 kB | 196 kB
Progress (2): 211/316 kB | 196 kB
Progress (2): 214/316 kB | 196 kB
Progress (2): 217/316 kB | 196 kB

Downloaded from central: https://repo.maven.apache.org/maven2/org/apache/maven/surefire/surefire-api/2.19.1/surefire-api-2.19.1.jar (196 kB at 570 kB/s)
Progress (1): 219/316 kB
Progress (1): 222/316 kB
Progress (1): 225/316 kB
Progress (1): 228/316 kB
Progress (1): 230/316 kB
Progress (1): 233/316 kB
Progress (1): 236/316 kB
Progress (1): 239/316 kB
Progress (1): 241/316 kB
Progress (1): 244/316 kB
Progress (1): 247/316 kB
Progress (1): 250/316 kB
Progress (1): 252/316 kB
Progress (1): 255/316 kB
Progress (1): 259/316 kB
Progress (1): 263/316 kB
Progress (1): 267/316 kB
Progress (1): 271/316 kB
Progress (1): 275/316 kB
Progress (1): 280/316 kB
Progress (1): 284/316 kB
Progress (1): 288/316 kB
Progress (1): 292/316 kB
Progress (1): 296/316 kB
Progress (1): 300/316 kB
Progress (1): 304/316 kB
Progress (1): 308/316 kB
Progress (1): 312/316 kB
Progress (1): 316 kB

Downloaded from central: https://repo.maven.apache.org/maven2/org/apache/commons/commons-lang3/3.1/commons-lang3-3.1.jar (316 kB at 806 kB/s)
Downloading from central: https://repo.maven.apache.org/maven2/org/apache/maven/surefire/surefire-junit4/2.19.1/surefire-junit4-2.19.1.pom
Progress (1): 3.3 kB

Downloaded from central: https://repo.maven.apache.org/maven2/org/apache/maven/surefire/surefire-junit4/2.19.1/surefire-junit4-2.19.1.pom (3.3 kB at 218 kB/s)
Downloading from central: https://repo.maven.apache.org/maven2/org/apache/maven/surefire/surefire-providers/2.19.1/surefire-providers-2.19.1.pom
Progress (1): 2.6 kB

Downloaded from central: https://repo.maven.apache.org/maven2/org/apache/maven/surefire/surefire-providers/2.19.1/surefire-providers-2.19.1.pom (2.6 kB at 197 kB/s)
Downloading from central: https://repo.maven.apache.org/maven2/org/apache/maven/surefire/surefire-junit4/2.19.1/surefire-junit4-2.19.1.jar
Progress (1): 4.1/75 kB
Progress (1): 8.2/75 kB
Progress (1): 12/75 kB
Progress (1): 16/75 kB
Progress (1): 20/75 kB
Progress (1): 25/75 kB
Progress (1): 29/75 kB
Progress (1): 33/75 kB
Progress (1): 37/75 kB
Progress (1): 41/75 kB
Progress (1): 45/75 kB
Progress (1): 49/75 kB
Progress (1): 53/75 kB
Progress (1): 57/75 kB
Progress (1): 61/75 kB
Progress (1): 66/75 kB
Progress (1): 70/75 kB
Progress (1): 74/75 kB
Progress (1): 75 kB

Downloaded from central: https://repo.maven.apache.org/maven2/org/apache/maven/surefire/surefire-junit4/2.19.1/surefire-junit4-2.19.1.jar (75 kB at 2.8 MB/s)

-------------------------------------------------------
 T E S T S
-------------------------------------------------------
Running com.example.demo.controllers.CartControllerTest
04:09:47.384 [main] INFO  c.e.d.controllers.CartControllerTest - test
Tests run: 2, Failures: 0, Errors: 0, Skipped: 0, Time elapsed: 1.823 sec - in com.example.demo.controllers.CartControllerTest
Running com.example.demo.controllers.ItemControllerTest
Tests run: 3, Failures: 0, Errors: 0, Skipped: 0, Time elapsed: 0.006 sec - in com.example.demo.controllers.ItemControllerTest
Running com.example.demo.controllers.OrderControllerTest
04:09:47.580 [main] INFO  c.e.demo.controllers.OrderController - Order requests successes with UserOrder(id=null, items=[Item(id=1, name=Round Widget, price=2.99, description=A widget that is round), Item(id=1, name=Round Widget, price=2.99, description=A widget that is round), Item(id=1, name=Round Widget, price=2.99, description=A widget that is round), Item(id=1, name=Round Widget, price=2.99, description=A widget that is round), Item(id=1, name=Round Widget, price=2.99, description=A widget that is round)], user=com.example.demo.model.persistence.User@1b84f475, total=null)
04:09:47.591 [main] ERROR c.e.demo.controllers.OrderController - Order requests failures with Incorrect username(IncorrectUsername)
Tests run: 2, Failures: 0, Errors: 0, Skipped: 0, Time elapsed: 0.129 sec - in com.example.demo.controllers.OrderControllerTest
Running com.example.demo.controllers.UserControllerTest
04:09:47.674 [main] INFO  c.e.demo.controllers.UserController - CreateUser request successes with CreateUserRequest(username=test, password=testPassword, confirmPassword=testPassword)
04:09:47.679 [main] ERROR c.e.demo.controllers.UserController - CreateUser request failure. Error with User password. Cannot create user test
04:09:47.686 [main] INFO  c.e.demo.controllers.UserController - CreateUser request successes with CreateUserRequest(username=test, password=testPassword, confirmPassword=testPassword)
Tests run: 4, Failures: 0, Errors: 0, Skipped: 0, Time elapsed: 0.091 sec - in com.example.demo.controllers.UserControllerTest

Results :

Tests run: 11, Failures: 0, Errors: 0, Skipped: 0

[INFO]
[INFO] --- maven-jar-plugin:3.1.1:jar (default-jar) @ ecommerce-application ---
Downloading from central: https://repo.maven.apache.org/maven2/org/apache/maven/maven-archiver/3.3.0/maven-archiver-3.3.0.pom
Progress (1): 4.1/4.4 kB
Progress (1): 4.4 kB

Downloaded from central: https://repo.maven.apache.org/maven2/org/apache/maven/maven-archiver/3.3.0/maven-archiver-3.3.0.pom (4.4 kB at 295 kB/s)
Downloading from central: https://repo.maven.apache.org/maven2/org/apache/maven/shared/maven-shared-components/33/maven-shared-components-33.pom
Progress (1): 4.1/5.1 kB
Progress (1): 5.1 kB

Downloaded from central: https://repo.maven.apache.org/maven2/org/apache/maven/shared/maven-shared-components/33/maven-shared-components-33.pom (5.1 kB at 300 kB/s)
Downloading from central: https://repo.maven.apache.org/maven2/org/codehaus/plexus/plexus-archiver/3.6.0/plexus-archiver-3.6.0.pom
Progress (1): 4.1/4.8 kB
Progress (1): 4.8 kB

Downloaded from central: https://repo.maven.apache.org/maven2/org/codehaus/plexus/plexus-archiver/3.6.0/plexus-archiver-3.6.0.pom (4.8 kB at 219 kB/s)
Downloading from central: https://repo.maven.apache.org/maven2/org/codehaus/plexus/plexus/5.0/plexus-5.0.pom
Progress (1): 4.1/21 kB
Progress (1): 8.2/21 kB
Progress (1): 12/21 kB
Progress (1): 16/21 kB
Progress (1): 20/21 kB
Progress (1): 21 kB

Downloaded from central: https://repo.maven.apache.org/maven2/org/codehaus/plexus/plexus/5.0/plexus-5.0.pom (21 kB at 889 kB/s)
Downloading from central: https://repo.maven.apache.org/maven2/org/codehaus/plexus/plexus-io/3.0.1/plexus-io-3.0.1.pom
Progress (1): 4.1/4.5 kB
Progress (1): 4.5 kB

Downloaded from central: https://repo.maven.apache.org/maven2/org/codehaus/plexus/plexus-io/3.0.1/plexus-io-3.0.1.pom (4.5 kB at 325 kB/s)
Downloading from central: https://repo.maven.apache.org/maven2/commons-io/commons-io/2.6/commons-io-2.6.pom
Progress (1): 4.1/14 kB
Progress (1): 8.2/14 kB
Progress (1): 12/14 kB
Progress (1): 14 kB

Downloaded from central: https://repo.maven.apache.org/maven2/commons-io/commons-io/2.6/commons-io-2.6.pom (14 kB at 570 kB/s)
Downloading from central: https://repo.maven.apache.org/maven2/org/apache/commons/commons-compress/1.16.1/commons-compress-1.16.1.pom
Progress (1): 4.1/16 kB
Progress (1): 8.2/16 kB
Progress (1): 12/16 kB
Progress (1): 16 kB

Downloaded from central: https://repo.maven.apache.org/maven2/org/apache/commons/commons-compress/1.16.1/commons-compress-1.16.1.pom (16 kB at 652 kB/s)
Downloading from central: https://repo.maven.apache.org/maven2/org/apache/commons/commons-parent/43/commons-parent-43.pom
Progress (1): 4.1/70 kB
Progress (1): 8.2/70 kB
Progress (1): 12/70 kB
Progress (1): 16/70 kB
Progress (1): 20/70 kB
Progress (1): 25/70 kB
Progress (1): 29/70 kB
Progress (1): 33/70 kB
Progress (1): 37/70 kB
Progress (1): 41/70 kB
Progress (1): 45/70 kB
Progress (1): 49/70 kB
Progress (1): 53/70 kB
Progress (1): 57/70 kB
Progress (1): 61/70 kB
Progress (1): 66/70 kB
Progress (1): 70/70 kB
Progress (1): 70 kB

Downloaded from central: https://repo.maven.apache.org/maven2/org/apache/commons/commons-parent/43/commons-parent-43.pom (70 kB at 3.2 MB/s)
Downloading from central: https://repo.maven.apache.org/maven2/org/iq80/snappy/snappy/0.4/snappy-0.4.pom
Progress (1): 4.1/15 kB
Progress (1): 8.2/15 kB
Progress (1): 12/15 kB
Progress (1): 15 kB

Downloaded from central: https://repo.maven.apache.org/maven2/org/iq80/snappy/snappy/0.4/snappy-0.4.pom (15 kB at 1.3 MB/s)
Downloading from central: https://repo.maven.apache.org/maven2/org/tukaani/xz/1.8/xz-1.8.pom
Progress (1): 1.9 kB

Downloaded from central: https://repo.maven.apache.org/maven2/org/tukaani/xz/1.8/xz-1.8.pom (1.9 kB at 212 kB/s)
Downloading from central: https://repo.maven.apache.org/maven2/org/codehaus/plexus/plexus-interpolation/1.25/plexus-interpolation-1.25.pom
Progress (1): 2.6 kB

Downloaded from central: https://repo.maven.apache.org/maven2/org/codehaus/plexus/plexus-interpolation/1.25/plexus-interpolation-1.25.pom (2.6 kB at 241 kB/s)
Downloading from central: https://repo.maven.apache.org/maven2/org/codehaus/plexus/plexus/5.1/plexus-5.1.pom
Progress (1): 4.1/23 kB
Progress (1): 8.2/23 kB
Progress (1): 12/23 kB
Progress (1): 16/23 kB
Progress (1): 20/23 kB
Progress (1): 23 kB

Downloaded from central: https://repo.maven.apache.org/maven2/org/codehaus/plexus/plexus/5.1/plexus-5.1.pom (23 kB at 1.7 MB/s)
Downloading from central: https://repo.maven.apache.org/maven2/org/codehaus/plexus/plexus-archiver/3.7.0/plexus-archiver-3.7.0.pom
Progress (1): 4.1/4.8 kB
Progress (1): 4.8 kB

Downloaded from central: https://repo.maven.apache.org/maven2/org/codehaus/plexus/plexus-archiver/3.7.0/plexus-archiver-3.7.0.pom (4.8 kB at 604 kB/s)
Downloading from central: https://repo.maven.apache.org/maven2/org/codehaus/plexus/plexus-io/3.1.0/plexus-io-3.1.0.pom
Progress (1): 4.1/4.5 kB
Progress (1): 4.5 kB

Downloaded from central: https://repo.maven.apache.org/maven2/org/codehaus/plexus/plexus-io/3.1.0/plexus-io-3.1.0.pom (4.5 kB at 505 kB/s)
Downloading from central: https://repo.maven.apache.org/maven2/org/apache/commons/commons-compress/1.18/commons-compress-1.18.pom
Progress (1): 4.1/18 kB
Progress (1): 8.2/18 kB
Progress (1): 12/18 kB
Progress (1): 16/18 kB
Progress (1): 18 kB

Downloaded from central: https://repo.maven.apache.org/maven2/org/apache/commons/commons-compress/1.18/commons-compress-1.18.pom (18 kB at 651 kB/s)
Downloading from central: https://repo.maven.apache.org/maven2/org/apache/commons/commons-parent/47/commons-parent-47.pom
Progress (1): 4.1/78 kB
Progress (1): 8.2/78 kB
Progress (1): 12/78 kB
Progress (1): 16/78 kB
Progress (1): 20/78 kB
Progress (1): 25/78 kB
Progress (1): 29/78 kB
Progress (1): 33/78 kB
Progress (1): 37/78 kB
Progress (1): 41/78 kB
Progress (1): 45/78 kB
Progress (1): 49/78 kB
Progress (1): 53/78 kB
Progress (1): 57/78 kB
Progress (1): 61/78 kB
Progress (1): 66/78 kB
Progress (1): 70/78 kB
Progress (1): 74/78 kB
Progress (1): 78 kB

Downloaded from central: https://repo.maven.apache.org/maven2/org/apache/commons/commons-parent/47/commons-parent-47.pom (78 kB at 2.5 MB/s)
Downloading from central: https://repo.maven.apache.org/maven2/org/apache/maven/maven-archiver/3.3.0/maven-archiver-3.3.0.jar
Downloading from central: https://repo.maven.apache.org/maven2/org/codehaus/plexus/plexus-archiver/3.7.0/plexus-archiver-3.7.0.jar
Downloading from central: https://repo.maven.apache.org/maven2/org/codehaus/plexus/plexus-io/3.1.0/plexus-io-3.1.0.jar
Downloading from central: https://repo.maven.apache.org/maven2/org/apache/commons/commons-compress/1.18/commons-compress-1.18.jar
Downloading from central: https://repo.maven.apache.org/maven2/org/iq80/snappy/snappy/0.4/snappy-0.4.jar
Progress (1): 2.7/192 kB
Progress (1): 5.5/192 kB
Progress (1): 8.2/192 kB
Progress (1): 11/192 kB
Progress (1): 14/192 kB
Progress (1): 16/192 kB
Progress (1): 19/192 kB
Progress (1): 22/192 kB
Progress (1): 25/192 kB
Progress (2): 25/192 kB | 4.1/75 kB
Progress (2): 25/192 kB | 8.2/75 kB
Progress (2): 25/192 kB | 12/75 kB
Progress (2): 25/192 kB | 16/75 kB
Progress (2): 25/192 kB | 20/75 kB
Progress (2): 25/192 kB | 25/75 kB
Progress (2): 25/192 kB | 29/75 kB
Progress (2): 25/192 kB | 33/75 kB
Progress (3): 25/192 kB | 33/75 kB | 4.1/24 kB
Progress (3): 25/192 kB | 33/75 kB | 8.2/24 kB
Progress (3): 25/192 kB | 33/75 kB | 12/24 kB
Progress (3): 25/192 kB | 33/75 kB | 16/24 kB
Progress (3): 25/192 kB | 33/75 kB | 20/24 kB
Progress (3): 25/192 kB | 33/75 kB | 24 kB
Progress (4): 25/192 kB | 33/75 kB | 24 kB | 2.7/592 kB
Progress (4): 25/192 kB | 33/75 kB | 24 kB | 5.5/592 kB
Progress (4): 25/192 kB | 33/75 kB | 24 kB | 8.2/592 kB
Progress (4): 25/192 kB | 37/75 kB | 24 kB | 8.2/592 kB
Progress (4): 25/192 kB | 41/75 kB | 24 kB | 8.2/592 kB
Progress (4): 25/192 kB | 45/75 kB | 24 kB | 8.2/592 kB
Progress (4): 25/192 kB | 49/75 kB | 24 kB | 8.2/592 kB
Progress (4): 25/192 kB | 49/75 kB | 24 kB | 11/592 kB
Progress (4): 25/192 kB | 49/75 kB | 24 kB | 14/592 kB
Progress (4): 25/192 kB | 49/75 kB | 24 kB | 16/592 kB
Progress (4): 25/192 kB | 49/75 kB | 24 kB | 19/592 kB

Downloaded from central: https://repo.maven.apache.org/maven2/org/apache/maven/maven-archiver/3.3.0/maven-archiver-3.3.0.jar (24 kB at 487 kB/s)
Progress (3): 27/192 kB | 49/75 kB | 19/592 kB
Progress (3): 30/192 kB | 49/75 kB | 19/592 kB
Progress (3): 33/192 kB | 49/75 kB | 19/592 kB
Progress (3): 36/192 kB | 49/75 kB | 19/592 kB
Progress (3): 38/192 kB | 49/75 kB | 19/592 kB
Progress (3): 41/192 kB | 49/75 kB | 19/592 kB
Progress (3): 44/192 kB | 49/75 kB | 19/592 kB
Progress (3): 47/192 kB | 49/75 kB | 19/592 kB
Progress (3): 49/192 kB | 49/75 kB | 19/592 kB
Progress (3): 52/192 kB | 49/75 kB | 19/592 kB
Progress (3): 55/192 kB | 49/75 kB | 19/592 kB
Progress (3): 58/192 kB | 49/75 kB | 19/592 kB
Progress (3): 60/192 kB | 49/75 kB | 19/592 kB
Progress (3): 63/192 kB | 49/75 kB | 19/592 kB
Progress (3): 66/192 kB | 49/75 kB | 19/592 kB
Progress (3): 66/192 kB | 53/75 kB | 19/592 kB
Progress (3): 66/192 kB | 57/75 kB | 19/592 kB
Progress (3): 66/192 kB | 61/75 kB | 19/592 kB
Progress (3): 66/192 kB | 66/75 kB | 19/592 kB
Progress (3): 66/192 kB | 66/75 kB | 22/592 kB

Downloading from central: https://repo.maven.apache.org/maven2/org/tukaani/xz/1.8/xz-1.8.jar
Progress (4): 66/192 kB | 66/75 kB | 22/592 kB | 2.7/58 kB
Progress (4): 66/192 kB | 66/75 kB | 22/592 kB | 5.5/58 kB
Progress (4): 66/192 kB | 66/75 kB | 22/592 kB | 8.2/58 kB
Progress (4): 66/192 kB | 66/75 kB | 22/592 kB | 11/58 kB
Progress (4): 66/192 kB | 66/75 kB | 22/592 kB | 14/58 kB
Progress (4): 66/192 kB | 66/75 kB | 22/592 kB | 16/58 kB
Progress (4): 66/192 kB | 66/75 kB | 22/592 kB | 19/58 kB
Progress (4): 66/192 kB | 66/75 kB | 22/592 kB | 22/58 kB
Progress (4): 66/192 kB | 66/75 kB | 22/592 kB | 25/58 kB
Progress (5): 66/192 kB | 66/75 kB | 22/592 kB | 25/58 kB | 4.1/109 kB
Progress (5): 66/192 kB | 66/75 kB | 22/592 kB | 25/58 kB | 8.2/109 kB
Progress (5): 66/192 kB | 66/75 kB | 22/592 kB | 25/58 kB | 12/109 kB
Progress (5): 66/192 kB | 66/75 kB | 22/592 kB | 25/58 kB | 16/109 kB
Progress (5): 66/192 kB | 66/75 kB | 25/592 kB | 25/58 kB | 16/109 kB
Progress (5): 66/192 kB | 66/75 kB | 27/592 kB | 25/58 kB | 16/109 kB
Progress (5): 66/192 kB | 66/75 kB | 30/592 kB | 25/58 kB | 16/109 kB
Progress (5): 66/192 kB | 66/75 kB | 33/592 kB | 25/58 kB | 16/109 kB
Progress (5): 66/192 kB | 66/75 kB | 36/592 kB | 25/58 kB | 16/109 kB
Progress (5): 66/192 kB | 66/75 kB | 38/592 kB | 25/58 kB | 16/109 kB
Progress (5): 66/192 kB | 66/75 kB | 41/592 kB | 25/58 kB | 16/109 kB
Progress (5): 66/192 kB | 66/75 kB | 44/592 kB | 25/58 kB | 16/109 kB
Progress (5): 66/192 kB | 66/75 kB | 47/592 kB | 25/58 kB | 16/109 kB
Progress (5): 66/192 kB | 66/75 kB | 49/592 kB | 25/58 kB | 16/109 kB
Progress (5): 66/192 kB | 66/75 kB | 52/592 kB | 25/58 kB | 16/109 kB
Progress (5): 69/192 kB | 66/75 kB | 52/592 kB | 25/58 kB | 16/109 kB
Progress (5): 71/192 kB | 66/75 kB | 52/592 kB | 25/58 kB | 16/109 kB
Progress (5): 74/192 kB | 66/75 kB | 52/592 kB | 25/58 kB | 16/109 kB
Progress (5): 74/192 kB | 66/75 kB | 52/592 kB | 25/58 kB | 20/109 kB
Progress (5): 74/192 kB | 66/75 kB | 52/592 kB | 25/58 kB | 25/109 kB
Progress (5): 74/192 kB | 66/75 kB | 52/592 kB | 25/58 kB | 29/109 kB
Progress (5): 74/192 kB | 66/75 kB | 52/592 kB | 25/58 kB | 33/109 kB
Progress (5): 74/192 kB | 66/75 kB | 52/592 kB | 25/58 kB | 37/109 kB
Progress (5): 74/192 kB | 66/75 kB | 52/592 kB | 25/58 kB | 41/109 kB
Progress (5): 74/192 kB | 66/75 kB | 52/592 kB | 25/58 kB | 45/109 kB
Progress (5): 74/192 kB | 66/75 kB | 52/592 kB | 25/58 kB | 49/109 kB
Progress (5): 74/192 kB | 66/75 kB | 52/592 kB | 25/58 kB | 53/109 kB
Progress (5): 74/192 kB | 66/75 kB | 52/592 kB | 25/58 kB | 57/109 kB
Progress (5): 74/192 kB | 66/75 kB | 52/592 kB | 25/58 kB | 61/109 kB
Progress (5): 74/192 kB | 66/75 kB | 52/592 kB | 25/58 kB | 66/109 kB
Progress (5): 74/192 kB | 66/75 kB | 52/592 kB | 25/58 kB | 70/109 kB
Progress (5): 74/192 kB | 66/75 kB | 52/592 kB | 25/58 kB | 74/109 kB
Progress (5): 74/192 kB | 66/75 kB | 52/592 kB | 25/58 kB | 78/109 kB
Progress (5): 74/192 kB | 66/75 kB | 52/592 kB | 25/58 kB | 82/109 kB
Progress (5): 74/192 kB | 66/75 kB | 52/592 kB | 25/58 kB | 86/109 kB
Progress (5): 74/192 kB | 66/75 kB | 52/592 kB | 27/58 kB | 86/109 kB
Progress (5): 74/192 kB | 66/75 kB | 52/592 kB | 30/58 kB | 86/109 kB
Progress (5): 74/192 kB | 66/75 kB | 52/592 kB | 33/58 kB | 86/109 kB
Progress (5): 74/192 kB | 66/75 kB | 52/592 kB | 36/58 kB | 86/109 kB
Progress (5): 74/192 kB | 66/75 kB | 52/592 kB | 38/58 kB | 86/109 kB
Progress (5): 74/192 kB | 66/75 kB | 52/592 kB | 41/58 kB | 86/109 kB
Progress (5): 74/192 kB | 66/75 kB | 52/592 kB | 44/58 kB | 86/109 kB
Progress (5): 74/192 kB | 66/75 kB | 52/592 kB | 47/58 kB | 86/109 kB
Progress (5): 74/192 kB | 66/75 kB | 52/592 kB | 49/58 kB | 86/109 kB
Progress (5): 74/192 kB | 66/75 kB | 52/592 kB | 52/58 kB | 86/109 kB
Progress (5): 74/192 kB | 70/75 kB | 52/592 kB | 52/58 kB | 86/109 kB
Progress (5): 74/192 kB | 74/75 kB | 52/592 kB | 52/58 kB | 86/109 kB
Progress (5): 74/192 kB | 75 kB | 52/592 kB | 52/58 kB | 86/109 kB
Progress (5): 74/192 kB | 75 kB | 55/592 kB | 52/58 kB | 86/109 kB
Progress (5): 74/192 kB | 75 kB | 58/592 kB | 52/58 kB | 86/109 kB
Progress (5): 74/192 kB | 75 kB | 60/592 kB | 52/58 kB | 86/109 kB
Progress (5): 74/192 kB | 75 kB | 63/592 kB | 52/58 kB | 86/109 kB
Progress (5): 74/192 kB | 75 kB | 66/592 kB | 52/58 kB | 86/109 kB
Progress (5): 74/192 kB | 75 kB | 69/592 kB | 52/58 kB | 86/109 kB
Progress (5): 74/192 kB | 75 kB | 71/592 kB | 52/58 kB | 86/109 kB
Progress (5): 74/192 kB | 75 kB | 74/592 kB | 52/58 kB | 86/109 kB
Progress (5): 74/192 kB | 75 kB | 77/592 kB | 52/58 kB | 86/109 kB
Progress (5): 74/192 kB | 75 kB | 80/592 kB | 52/58 kB | 86/109 kB
Progress (5): 74/192 kB | 75 kB | 82/592 kB | 52/58 kB | 86/109 kB
Progress (5): 74/192 kB | 75 kB | 85/592 kB | 52/58 kB | 86/109 kB
Progress (5): 74/192 kB | 75 kB | 88/592 kB | 52/58 kB | 86/109 kB
Progress (5): 74/192 kB | 75 kB | 90/592 kB | 52/58 kB | 86/109 kB
Progress (5): 74/192 kB | 75 kB | 93/592 kB | 52/58 kB | 86/109 kB
Progress (5): 77/192 kB | 75 kB | 93/592 kB | 52/58 kB | 86/109 kB
Progress (5): 80/192 kB | 75 kB | 93/592 kB | 52/58 kB | 86/109 kB
Progress (5): 82/192 kB | 75 kB | 93/592 kB | 52/58 kB | 86/109 kB
Progress (5): 85/192 kB | 75 kB | 93/592 kB | 52/58 kB | 86/109 kB
Progress (5): 88/192 kB | 75 kB | 93/592 kB | 52/58 kB | 86/109 kB
Progress (5): 90/192 kB | 75 kB | 93/592 kB | 52/58 kB | 86/109 kB
Progress (5): 93/192 kB | 75 kB | 93/592 kB | 52/58 kB | 86/109 kB
Progress (5): 96/192 kB | 75 kB | 93/592 kB | 52/58 kB | 86/109 kB
Progress (5): 99/192 kB | 75 kB | 93/592 kB | 52/58 kB | 86/109 kB
Progress (5): 101/192 kB | 75 kB | 93/592 kB | 52/58 kB | 86/109 kB
Progress (5): 104/192 kB | 75 kB | 93/592 kB | 52/58 kB | 86/109 kB
Progress (5): 107/192 kB | 75 kB | 93/592 kB | 52/58 kB | 86/109 kB
Progress (5): 110/192 kB | 75 kB | 93/592 kB | 52/58 kB | 86/109 kB
Progress (5): 112/192 kB | 75 kB | 93/592 kB | 52/58 kB | 86/109 kB
Progress (5): 115/192 kB | 75 kB | 93/592 kB | 52/58 kB | 86/109 kB
Progress (5): 118/192 kB | 75 kB | 93/592 kB | 52/58 kB | 86/109 kB
Progress (5): 121/192 kB | 75 kB | 93/592 kB | 52/58 kB | 86/109 kB
Progress (5): 121/192 kB | 75 kB | 93/592 kB | 52/58 kB | 90/109 kB

Downloaded from central: https://repo.maven.apache.org/maven2/org/codehaus/plexus/plexus-io/3.1.0/plexus-io-3.1.0.jar (75 kB at 793 kB/s)
Progress (4): 121/192 kB | 93/592 kB | 55/58 kB | 90/109 kB
Progress (4): 121/192 kB | 93/592 kB | 58/58 kB | 90/109 kB
Progress (4): 121/192 kB | 93/592 kB | 58 kB | 90/109 kB
Progress (4): 121/192 kB | 96/592 kB | 58 kB | 90/109 kB
Progress (4): 121/192 kB | 96/592 kB | 58 kB | 94/109 kB
Progress (4): 121/192 kB | 96/592 kB | 58 kB | 98/109 kB
Progress (4): 121/192 kB | 96/592 kB | 58 kB | 102/109 kB
Progress (4): 121/192 kB | 96/592 kB | 58 kB | 106/109 kB
Progress (4): 121/192 kB | 96/592 kB | 58 kB | 109 kB
Progress (4): 123/192 kB | 96/592 kB | 58 kB | 109 kB
Progress (4): 126/192 kB | 96/592 kB | 58 kB | 109 kB
Progress (4): 129/192 kB | 96/592 kB | 58 kB | 109 kB
Progress (4): 132/192 kB | 96/592 kB | 58 kB | 109 kB
Progress (4): 132/192 kB | 99/592 kB | 58 kB | 109 kB
Progress (4): 132/192 kB | 101/592 kB | 58 kB | 109 kB
Progress (4): 132/192 kB | 104/592 kB | 58 kB | 109 kB
Progress (4): 132/192 kB | 107/592 kB | 58 kB | 109 kB
Progress (4): 132/192 kB | 110/592 kB | 58 kB | 109 kB
Progress (4): 132/192 kB | 112/592 kB | 58 kB | 109 kB
Progress (4): 132/192 kB | 115/592 kB | 58 kB | 109 kB
Progress (4): 132/192 kB | 118/592 kB | 58 kB | 109 kB
Progress (4): 132/192 kB | 121/592 kB | 58 kB | 109 kB
Progress (4): 132/192 kB | 123/592 kB | 58 kB | 109 kB
Progress (4): 132/192 kB | 126/592 kB | 58 kB | 109 kB
Progress (4): 132/192 kB | 129/592 kB | 58 kB | 109 kB
Progress (4): 132/192 kB | 132/592 kB | 58 kB | 109 kB
Progress (4): 132/192 kB | 134/592 kB | 58 kB | 109 kB
Progress (4): 132/192 kB | 137/592 kB | 58 kB | 109 kB

Downloaded from central: https://repo.maven.apache.org/maven2/org/iq80/snappy/snappy/0.4/snappy-0.4.jar (58 kB at 517 kB/s)
Progress (3): 134/192 kB | 137/592 kB | 109 kB
Progress (3): 137/192 kB | 137/592 kB | 109 kB
Progress (3): 140/192 kB | 137/592 kB | 109 kB
Progress (3): 143/192 kB | 137/592 kB | 109 kB
Progress (3): 145/192 kB | 137/592 kB | 109 kB

Downloaded from central: https://repo.maven.apache.org/maven2/org/tukaani/xz/1.8/xz-1.8.jar (109 kB at 928 kB/s)
Progress (2): 148/192 kB | 137/592 kB
Progress (2): 151/192 kB | 137/592 kB
Progress (2): 154/192 kB | 137/592 kB
Progress (2): 156/192 kB | 137/592 kB
Progress (2): 159/192 kB | 137/592 kB
Progress (2): 162/192 kB | 137/592 kB
Progress (2): 165/192 kB | 137/592 kB
Progress (2): 167/192 kB | 137/592 kB
Progress (2): 170/192 kB | 137/592 kB
Progress (2): 173/192 kB | 137/592 kB
Progress (2): 173/192 kB | 140/592 kB
Progress (2): 173/192 kB | 143/592 kB
Progress (2): 173/192 kB | 145/592 kB
Progress (2): 173/192 kB | 148/592 kB
Progress (2): 173/192 kB | 151/592 kB
Progress (2): 173/192 kB | 154/592 kB
Progress (2): 173/192 kB | 156/592 kB
Progress (2): 173/192 kB | 159/592 kB
Progress (2): 173/192 kB | 162/592 kB
Progress (2): 173/192 kB | 165/592 kB
Progress (2): 175/192 kB | 165/592 kB
Progress (2): 178/192 kB | 165/592 kB
Progress (2): 181/192 kB | 165/592 kB
Progress (2): 184/192 kB | 165/592 kB
Progress (2): 186/192 kB | 165/592 kB
Progress (2): 189/192 kB | 165/592 kB
Progress (2): 192 kB | 165/592 kB
Progress (2): 192 kB | 167/592 kB
Progress (2): 192 kB | 170/592 kB
Progress (2): 192 kB | 173/592 kB
Progress (2): 192 kB | 175/592 kB
Progress (2): 192 kB | 178/592 kB
Progress (2): 192 kB | 181/592 kB
Progress (2): 192 kB | 184/592 kB
Progress (2): 192 kB | 186/592 kB
Progress (2): 192 kB | 189/592 kB
Progress (2): 192 kB | 192/592 kB
Progress (2): 192 kB | 195/592 kB
Progress (2): 192 kB | 197/592 kB

Downloaded from central: https://repo.maven.apache.org/maven2/org/codehaus/plexus/plexus-archiver/3.7.0/plexus-archiver-3.7.0.jar (192 kB at 1.2 MB/s)
Progress (1): 200/592 kB
Progress (1): 203/592 kB
Progress (1): 206/592 kB
Progress (1): 208/592 kB
Progress (1): 211/592 kB
Progress (1): 214/592 kB
Progress (1): 217/592 kB
Progress (1): 219/592 kB
Progress (1): 222/592 kB
Progress (1): 225/592 kB
Progress (1): 228/592 kB
Progress (1): 230/592 kB
Progress (1): 233/592 kB
Progress (1): 236/592 kB
Progress (1): 239/592 kB
Progress (1): 241/592 kB
Progress (1): 244/592 kB
Progress (1): 247/592 kB
Progress (1): 250/592 kB
Progress (1): 252/592 kB
Progress (1): 255/592 kB
Progress (1): 258/592 kB
Progress (1): 260/592 kB
Progress (1): 263/592 kB
Progress (1): 266/592 kB
Progress (1): 269/592 kB
Progress (1): 271/592 kB
Progress (1): 274/592 kB
Progress (1): 277/592 kB
Progress (1): 280/592 kB
Progress (1): 282/592 kB
Progress (1): 285/592 kB
Progress (1): 288/592 kB
Progress (1): 291/592 kB
Progress (1): 293/592 kB
Progress (1): 296/592 kB
Progress (1): 299/592 kB
Progress (1): 302/592 kB
Progress (1): 304/592 kB
Progress (1): 307/592 kB
Progress (1): 310/592 kB
Progress (1): 313/592 kB
Progress (1): 315/592 kB
Progress (1): 318/592 kB
Progress (1): 321/592 kB
Progress (1): 324/592 kB
Progress (1): 326/592 kB
Progress (1): 329/592 kB
Progress (1): 332/592 kB
Progress (1): 335/592 kB
Progress (1): 337/592 kB
Progress (1): 340/592 kB
Progress (1): 343/592 kB
Progress (1): 345/592 kB
Progress (1): 348/592 kB
Progress (1): 351/592 kB
Progress (1): 354/592 kB
Progress (1): 356/592 kB
Progress (1): 359/592 kB
Progress (1): 362/592 kB
Progress (1): 365/592 kB
Progress (1): 367/592 kB
Progress (1): 370/592 kB
Progress (1): 373/592 kB
Progress (1): 376/592 kB
Progress (1): 378/592 kB
Progress (1): 381/592 kB
Progress (1): 384/592 kB
Progress (1): 387/592 kB
Progress (1): 389/592 kB
Progress (1): 392/592 kB
Progress (1): 395/592 kB
Progress (1): 398/592 kB
Progress (1): 400/592 kB
Progress (1): 403/592 kB
Progress (1): 406/592 kB
Progress (1): 409/592 kB
Progress (1): 411/592 kB
Progress (1): 414/592 kB
Progress (1): 417/592 kB
Progress (1): 420/592 kB
Progress (1): 422/592 kB
Progress (1): 425/592 kB
Progress (1): 428/592 kB
Progress (1): 430/592 kB
Progress (1): 433/592 kB
Progress (1): 436/592 kB
Progress (1): 439/592 kB
Progress (1): 441/592 kB
Progress (1): 444/592 kB
Progress (1): 447/592 kB
Progress (1): 450/592 kB
Progress (1): 452/592 kB
Progress (1): 455/592 kB
Progress (1): 458/592 kB
Progress (1): 461/592 kB
Progress (1): 463/592 kB
Progress (1): 466/592 kB
Progress (1): 469/592 kB
Progress (1): 472/592 kB
Progress (1): 474/592 kB
Progress (1): 477/592 kB
Progress (1): 480/592 kB
Progress (1): 483/592 kB
Progress (1): 485/592 kB
Progress (1): 488/592 kB
Progress (1): 491/592 kB
Progress (1): 494/592 kB
Progress (1): 496/592 kB
Progress (1): 499/592 kB
Progress (1): 502/592 kB
Progress (1): 505/592 kB
Progress (1): 507/592 kB
Progress (1): 510/592 kB
Progress (1): 513/592 kB
Progress (1): 515/592 kB
Progress (1): 518/592 kB
Progress (1): 521/592 kB
Progress (1): 524/592 kB
Progress (1): 526/592 kB
Progress (1): 529/592 kB
Progress (1): 532/592 kB
Progress (1): 535/592 kB
Progress (1): 537/592 kB
Progress (1): 540/592 kB
Progress (1): 543/592 kB
Progress (1): 546/592 kB
Progress (1): 548/592 kB
Progress (1): 551/592 kB
Progress (1): 554/592 kB
Progress (1): 557/592 kB
Progress (1): 559/592 kB
Progress (1): 562/592 kB
Progress (1): 565/592 kB
Progress (1): 568/592 kB
Progress (1): 570/592 kB
Progress (1): 573/592 kB
Progress (1): 576/592 kB
Progress (1): 579/592 kB
Progress (1): 581/592 kB
Progress (1): 584/592 kB
Progress (1): 587/592 kB
Progress (1): 590/592 kB
Progress (1): 592 kB

Downloaded from central: https://repo.maven.apache.org/maven2/org/apache/commons/commons-compress/1.18/commons-compress-1.18.jar (592 kB at 2.3 MB/s)
[INFO] Building jar: /var/jenkins_home/workspace/eCommerce-Application/target/ecommerce-application-0.0.1-SNAPSHOT.jar
[INFO]
[INFO] --- spring-boot-maven-plugin:2.1.5.RELEASE:repackage (repackage) @ ecommerce-application ---
Downloading from central: https://repo.maven.apache.org/maven2/org/springframework/boot/spring-boot-loader-tools/2.1.5.RELEASE/spring-boot-loader-tools-2.1.5.RELEASE.pom
Progress (1): 2.7 kB

Downloaded from central: https://repo.maven.apache.org/maven2/org/springframework/boot/spring-boot-loader-tools/2.1.5.RELEASE/spring-boot-loader-tools-2.1.5.RELEASE.pom (2.7 kB at 102 kB/s)
Downloading from central: https://repo.maven.apache.org/maven2/org/apache/maven/maven-archiver/3.2.0/maven-archiver-3.2.0.pom
Progress (1): 4.1/4.3 kB
Progress (1): 4.3 kB

Downloaded from central: https://repo.maven.apache.org/maven2/org/apache/maven/maven-archiver/3.2.0/maven-archiver-3.2.0.pom (4.3 kB at 331 kB/s)
Downloading from central: https://repo.maven.apache.org/maven2/org/codehaus/plexus/plexus-component-annotations/1.5.5/plexus-component-annotations-1.5.5.pom
Progress (1): 815 B

Downloaded from central: https://repo.maven.apache.org/maven2/org/codehaus/plexus/plexus-component-annotations/1.5.5/plexus-component-annotations-1.5.5.pom (815 B at 39 kB/s)
Downloading from central: https://repo.maven.apache.org/maven2/org/codehaus/plexus/plexus-containers/1.5.5/plexus-containers-1.5.5.pom
Progress (1): 4.1/4.2 kB
Progress (1): 4.2 kB

Downloaded from central: https://repo.maven.apache.org/maven2/org/codehaus/plexus/plexus-containers/1.5.5/plexus-containers-1.5.5.pom (4.2 kB at 530 kB/s)
Downloading from central: https://repo.maven.apache.org/maven2/org/codehaus/plexus/plexus-component-annotations/1.5.4/plexus-component-annotations-1.5.4.pom
Progress (1): 815 B

Downloaded from central: https://repo.maven.apache.org/maven2/org/codehaus/plexus/plexus-component-annotations/1.5.4/plexus-component-annotations-1.5.4.pom (815 B at 82 kB/s)
Downloading from central: https://repo.maven.apache.org/maven2/org/codehaus/plexus/plexus-containers/1.5.4/plexus-containers-1.5.4.pom
Progress (1): 4.1/4.2 kB
Progress (1): 4.2 kB

Downloaded from central: https://repo.maven.apache.org/maven2/org/codehaus/plexus/plexus-containers/1.5.4/plexus-containers-1.5.4.pom (4.2 kB at 141 kB/s)
Downloading from central: https://repo.maven.apache.org/maven2/org/codehaus/plexus/plexus/2.0.5/plexus-2.0.5.pom
Progress (1): 4.1/17 kB
Progress (1): 8.2/17 kB
Progress (1): 12/17 kB
Progress (1): 16/17 kB
Progress (1): 17 kB

Downloaded from central: https://repo.maven.apache.org/maven2/org/codehaus/plexus/plexus/2.0.5/plexus-2.0.5.pom (17 kB at 1.7 MB/s)
Downloading from central: https://repo.maven.apache.org/maven2/org/apache/maven/shared/maven-shared-utils/3.2.0/maven-shared-utils-3.2.0.pom
Progress (1): 4.1/4.9 kB
Progress (1): 4.9 kB

Downloaded from central: https://repo.maven.apache.org/maven2/org/apache/maven/shared/maven-shared-utils/3.2.0/maven-shared-utils-3.2.0.pom (4.9 kB at 491 kB/s)
Downloading from central: https://repo.maven.apache.org/maven2/org/codehaus/plexus/plexus-archiver/3.5/plexus-archiver-3.5.pom
Progress (1): 4.1/4.8 kB
Progress (1): 4.8 kB

Downloaded from central: https://repo.maven.apache.org/maven2/org/codehaus/plexus/plexus-archiver/3.5/plexus-archiver-3.5.pom (4.8 kB at 401 kB/s)
Downloading from central: https://repo.maven.apache.org/maven2/org/codehaus/plexus/plexus-io/3.0.0/plexus-io-3.0.0.pom
Progress (1): 4.1/4.5 kB
Progress (1): 4.5 kB

Downloaded from central: https://repo.maven.apache.org/maven2/org/codehaus/plexus/plexus-io/3.0.0/plexus-io-3.0.0.pom (4.5 kB at 568 kB/s)
Downloading from central: https://repo.maven.apache.org/maven2/org/apache/commons/commons-compress/1.14/commons-compress-1.14.pom
Progress (1): 4.1/13 kB
Progress (1): 8.2/13 kB
Progress (1): 12/13 kB
Progress (1): 13 kB

Downloaded from central: https://repo.maven.apache.org/maven2/org/apache/commons/commons-compress/1.14/commons-compress-1.14.pom (13 kB at 299 kB/s)
Downloading from central: https://repo.maven.apache.org/maven2/org/tukaani/xz/1.6/xz-1.6.pom
Progress (1): 1.9 kB

Downloaded from central: https://repo.maven.apache.org/maven2/org/tukaani/xz/1.6/xz-1.6.pom (1.9 kB at 76 kB/s)
Downloading from central: https://repo.maven.apache.org/maven2/org/apache/maven/maven-artifact/3.3.9/maven-artifact-3.3.9.pom
Progress (1): 2.1 kB

Downloaded from central: https://repo.maven.apache.org/maven2/org/apache/maven/maven-artifact/3.3.9/maven-artifact-3.3.9.pom (2.1 kB at 237 kB/s)
Downloading from central: https://repo.maven.apache.org/maven2/org/apache/maven/maven/3.3.9/maven-3.3.9.pom
Progress (1): 4.1/24 kB
Progress (1): 8.2/24 kB
Progress (1): 12/24 kB
Progress (1): 16/24 kB
Progress (1): 20/24 kB
Progress (1): 24 kB

Downloaded from central: https://repo.maven.apache.org/maven2/org/apache/maven/maven/3.3.9/maven-3.3.9.pom (24 kB at 1.7 MB/s)
Downloading from central: https://repo.maven.apache.org/maven2/org/apache/maven/maven-parent/27/maven-parent-27.pom
Progress (1): 4.1/41 kB
Progress (1): 8.2/41 kB
Progress (1): 12/41 kB
Progress (1): 16/41 kB
Progress (1): 20/41 kB
Progress (1): 25/41 kB
Progress (1): 29/41 kB
Progress (1): 33/41 kB
Progress (1): 37/41 kB
Progress (1): 41 kB

Downloaded from central: https://repo.maven.apache.org/maven2/org/apache/maven/maven-parent/27/maven-parent-27.pom (41 kB at 3.1 MB/s)
Downloading from central: https://repo.maven.apache.org/maven2/org/apache/apache/17/apache-17.pom
Progress (1): 4.1/16 kB
Progress (1): 8.2/16 kB
Progress (1): 12/16 kB
Progress (1): 16 kB

Downloaded from central: https://repo.maven.apache.org/maven2/org/apache/apache/17/apache-17.pom (16 kB at 1.2 MB/s)
Downloading from central: https://repo.maven.apache.org/maven2/org/apache/commons/commons-lang3/3.8.1/commons-lang3-3.8.1.pom
Progress (1): 4.1/28 kB
Progress (1): 8.2/28 kB
Progress (1): 12/28 kB
Progress (1): 16/28 kB
Progress (1): 20/28 kB
Progress (1): 25/28 kB
Progress (1): 28 kB

Downloaded from central: https://repo.maven.apache.org/maven2/org/apache/commons/commons-lang3/3.8.1/commons-lang3-3.8.1.pom (28 kB at 1.3 MB/s)
Downloading from central: https://repo.maven.apache.org/maven2/org/apache/maven/maven-core/3.3.9/maven-core-3.3.9.pom
Progress (1): 4.1/8.3 kB
Progress (1): 8.2/8.3 kB
Progress (1): 8.3 kB

Downloaded from central: https://repo.maven.apache.org/maven2/org/apache/maven/maven-core/3.3.9/maven-core-3.3.9.pom (8.3 kB at 754 kB/s)
Downloading from central: https://repo.maven.apache.org/maven2/org/apache/maven/maven-model/3.3.9/maven-model-3.3.9.pom
Progress (1): 4.0 kB

Downloaded from central: https://repo.maven.apache.org/maven2/org/apache/maven/maven-model/3.3.9/maven-model-3.3.9.pom (4.0 kB at 336 kB/s)
Downloading from central: https://repo.maven.apache.org/maven2/org/apache/maven/maven-settings/3.3.9/maven-settings-3.3.9.pom
Progress (1): 1.8 kB

Downloaded from central: https://repo.maven.apache.org/maven2/org/apache/maven/maven-settings/3.3.9/maven-settings-3.3.9.pom (1.8 kB at 183 kB/s)
Downloading from central: https://repo.maven.apache.org/maven2/org/apache/maven/maven-settings-builder/3.3.9/maven-settings-builder-3.3.9.pom
Progress (1): 2.6 kB

Downloaded from central: https://repo.maven.apache.org/maven2/org/apache/maven/maven-settings-builder/3.3.9/maven-settings-builder-3.3.9.pom (2.6 kB at 164 kB/s)
Downloading from central: https://repo.maven.apache.org/maven2/org/apache/maven/maven-builder-support/3.3.9/maven-builder-support-3.3.9.pom
Progress (1): 1.7 kB

Downloaded from central: https://repo.maven.apache.org/maven2/org/apache/maven/maven-builder-support/3.3.9/maven-builder-support-3.3.9.pom (1.7 kB at 183 kB/s)
Downloading from central: https://repo.maven.apache.org/maven2/org/codehaus/plexus/plexus-interpolation/1.21/plexus-interpolation-1.21.pom
Progress (1): 1.5 kB

Downloaded from central: https://repo.maven.apache.org/maven2/org/codehaus/plexus/plexus-interpolation/1.21/plexus-interpolation-1.21.pom (1.5 kB at 118 kB/s)
Downloading from central: https://repo.maven.apache.org/maven2/org/codehaus/plexus/plexus-component-annotations/1.6/plexus-component-annotations-1.6.pom
Progress (1): 748 B

Downloaded from central: https://repo.maven.apache.org/maven2/org/codehaus/plexus/plexus-component-annotations/1.6/plexus-component-annotations-1.6.pom (748 B at 83 kB/s)
Downloading from central: https://repo.maven.apache.org/maven2/org/codehaus/plexus/plexus-containers/1.6/plexus-containers-1.6.pom
Progress (1): 3.8 kB

Downloaded from central: https://repo.maven.apache.org/maven2/org/codehaus/plexus/plexus-containers/1.6/plexus-containers-1.6.pom (3.8 kB at 471 kB/s)
Downloading from central: https://repo.maven.apache.org/maven2/org/codehaus/plexus/plexus/3.3.2/plexus-3.3.2.pom
Progress (1): 4.1/22 kB
Progress (1): 8.2/22 kB
Progress (1): 12/22 kB
Progress (1): 16/22 kB
Progress (1): 20/22 kB
Progress (1): 22 kB

Downloaded from central: https://repo.maven.apache.org/maven2/org/codehaus/plexus/plexus/3.3.2/plexus-3.3.2.pom (22 kB at 1.7 MB/s)
Downloading from central: https://repo.maven.apache.org/maven2/org/apache/maven/maven-repository-metadata/3.3.9/maven-repository-metadata-3.3.9.pom
Progress (1): 1.9 kB

Downloaded from central: https://repo.maven.apache.org/maven2/org/apache/maven/maven-repository-metadata/3.3.9/maven-repository-metadata-3.3.9.pom (1.9 kB at 172 kB/s)
Downloading from central: https://repo.maven.apache.org/maven2/org/apache/maven/maven-plugin-api/3.3.9/maven-plugin-api-3.3.9.pom
Progress (1): 2.7 kB

Downloaded from central: https://repo.maven.apache.org/maven2/org/apache/maven/maven-plugin-api/3.3.9/maven-plugin-api-3.3.9.pom (2.7 kB at 299 kB/s)
Downloading from central: https://repo.maven.apache.org/maven2/org/eclipse/sisu/org.eclipse.sisu.plexus/0.3.2/org.eclipse.sisu.plexus-0.3.2.pom
Progress (1): 4.1/4.2 kB
Progress (1): 4.2 kB

Downloaded from central: https://repo.maven.apache.org/maven2/org/eclipse/sisu/org.eclipse.sisu.plexus/0.3.2/org.eclipse.sisu.plexus-0.3.2.pom (4.2 kB at 463 kB/s)
Downloading from central: https://repo.maven.apache.org/maven2/org/eclipse/sisu/sisu-plexus/0.3.2/sisu-plexus-0.3.2.pom
Progress (1): 4.1/14 kB
Progress (1): 8.2/14 kB
Progress (1): 12/14 kB
Progress (1): 14 kB

Downloaded from central: https://repo.maven.apache.org/maven2/org/eclipse/sisu/sisu-plexus/0.3.2/sisu-plexus-0.3.2.pom (14 kB at 1.5 MB/s)
Downloading from central: https://repo.maven.apache.org/maven2/javax/enterprise/cdi-api/1.0/cdi-api-1.0.pom
Progress (1): 1.4 kB

Downloaded from central: https://repo.maven.apache.org/maven2/javax/enterprise/cdi-api/1.0/cdi-api-1.0.pom (1.4 kB at 205 kB/s)
Downloading from central: https://repo.maven.apache.org/maven2/org/jboss/weld/weld-api-parent/1.0/weld-api-parent-1.0.pom
Progress (1): 2.4 kB

Downloaded from central: https://repo.maven.apache.org/maven2/org/jboss/weld/weld-api-parent/1.0/weld-api-parent-1.0.pom (2.4 kB at 294 kB/s)
Downloading from central: https://repo.maven.apache.org/maven2/org/jboss/weld/weld-api-bom/1.0/weld-api-bom-1.0.pom
Progress (1): 4.1/7.9 kB
Progress (1): 7.9 kB

Downloaded from central: https://repo.maven.apache.org/maven2/org/jboss/weld/weld-api-bom/1.0/weld-api-bom-1.0.pom (7.9 kB at 1.3 MB/s)
Downloading from central: https://repo.maven.apache.org/maven2/org/jboss/weld/weld-parent/6/weld-parent-6.pom
Progress (1): 4.1/21 kB
Progress (1): 8.2/21 kB
Progress (1): 12/21 kB
Progress (1): 16/21 kB
Progress (1): 20/21 kB
Progress (1): 21 kB

Downloaded from central: https://repo.maven.apache.org/maven2/org/jboss/weld/weld-parent/6/weld-parent-6.pom (21 kB at 3.0 MB/s)
Downloading from central: https://repo.maven.apache.org/maven2/javax/annotation/jsr250-api/1.0/jsr250-api-1.0.pom
Progress (1): 1.0 kB

Downloaded from central: https://repo.maven.apache.org/maven2/javax/annotation/jsr250-api/1.0/jsr250-api-1.0.pom (1.0 kB at 64 kB/s)
Downloading from central: https://repo.maven.apache.org/maven2/javax/inject/javax.inject/1/javax.inject-1.pom
Progress (1): 612 B

Downloaded from central: https://repo.maven.apache.org/maven2/javax/inject/javax.inject/1/javax.inject-1.pom (612 B at 87 kB/s)
Downloading from central: https://repo.maven.apache.org/maven2/org/eclipse/sisu/org.eclipse.sisu.inject/0.3.2/org.eclipse.sisu.inject-0.3.2.pom
Progress (1): 2.6 kB

Downloaded from central: https://repo.maven.apache.org/maven2/org/eclipse/sisu/org.eclipse.sisu.inject/0.3.2/org.eclipse.sisu.inject-0.3.2.pom (2.6 kB at 262 kB/s)
Downloading from central: https://repo.maven.apache.org/maven2/org/eclipse/sisu/sisu-inject/0.3.2/sisu-inject-0.3.2.pom
Progress (1): 4.1/14 kB
Progress (1): 8.2/14 kB
Progress (1): 12/14 kB
Progress (1): 14 kB

Downloaded from central: https://repo.maven.apache.org/maven2/org/eclipse/sisu/sisu-inject/0.3.2/sisu-inject-0.3.2.pom (14 kB at 1.6 MB/s)
Downloading from central: https://repo.maven.apache.org/maven2/org/codehaus/plexus/plexus-classworlds/2.5.2/plexus-classworlds-2.5.2.pom
Progress (1): 4.1/7.3 kB
Progress (1): 7.3 kB

Downloaded from central: https://repo.maven.apache.org/maven2/org/codehaus/plexus/plexus-classworlds/2.5.2/plexus-classworlds-2.5.2.pom (7.3 kB at 1.0 MB/s)
Downloading from central: https://repo.maven.apache.org/maven2/org/codehaus/plexus/plexus-utils/3.0.17/plexus-utils-3.0.17.pom
Progress (1): 3.4 kB

Downloaded from central: https://repo.maven.apache.org/maven2/org/codehaus/plexus/plexus-utils/3.0.17/plexus-utils-3.0.17.pom (3.4 kB at 424 kB/s)
Downloading from central: https://repo.maven.apache.org/maven2/org/apache/maven/maven-model-builder/3.3.9/maven-model-builder-3.3.9.pom
Progress (1): 3.1 kB

Downloaded from central: https://repo.maven.apache.org/maven2/org/apache/maven/maven-model-builder/3.3.9/maven-model-builder-3.3.9.pom (3.1 kB at 392 kB/s)
Downloading from central: https://repo.maven.apache.org/maven2/com/google/guava/guava/18.0/guava-18.0.pom
Progress (1): 4.1/5.7 kB
Progress (1): 5.7 kB

Downloaded from central: https://repo.maven.apache.org/maven2/com/google/guava/guava/18.0/guava-18.0.pom (5.7 kB at 708 kB/s)
Downloading from central: https://repo.maven.apache.org/maven2/com/google/guava/guava-parent/18.0/guava-parent-18.0.pom
Progress (1): 4.1/7.7 kB
Progress (1): 7.7 kB

Downloaded from central: https://repo.maven.apache.org/maven2/com/google/guava/guava-parent/18.0/guava-parent-18.0.pom (7.7 kB at 1.1 MB/s)
Downloading from central: https://repo.maven.apache.org/maven2/org/apache/maven/maven-aether-provider/3.3.9/maven-aether-provider-3.3.9.pom
Progress (1): 4.0 kB

Downloaded from central: https://repo.maven.apache.org/maven2/org/apache/maven/maven-aether-provider/3.3.9/maven-aether-provider-3.3.9.pom (4.0 kB at 504 kB/s)
Downloading from central: https://repo.maven.apache.org/maven2/org/eclipse/aether/aether-api/1.0.2.v20150114/aether-api-1.0.2.v20150114.pom
Progress (1): 1.8 kB

Downloaded from central: https://repo.maven.apache.org/maven2/org/eclipse/aether/aether-api/1.0.2.v20150114/aether-api-1.0.2.v20150114.pom (1.8 kB at 229 kB/s)
Downloading from central: https://repo.maven.apache.org/maven2/org/eclipse/aether/aether/1.0.2.v20150114/aether-1.0.2.v20150114.pom
Progress (1): 4.1/29 kB
Progress (1): 8.2/29 kB
Progress (1): 12/29 kB
Progress (1): 16/29 kB
Progress (1): 20/29 kB
Progress (1): 25/29 kB
Progress (1): 29/29 kB
Progress (1): 29 kB

Downloaded from central: https://repo.maven.apache.org/maven2/org/eclipse/aether/aether/1.0.2.v20150114/aether-1.0.2.v20150114.pom (29 kB at 3.7 MB/s)
Downloading from central: https://repo.maven.apache.org/maven2/org/eclipse/aether/aether-spi/1.0.2.v20150114/aether-spi-1.0.2.v20150114.pom
Progress (1): 2.0 kB

Downloaded from central: https://repo.maven.apache.org/maven2/org/eclipse/aether/aether-spi/1.0.2.v20150114/aether-spi-1.0.2.v20150114.pom (2.0 kB at 284 kB/s)
Downloading from central: https://repo.maven.apache.org/maven2/org/eclipse/aether/aether-util/1.0.2.v20150114/aether-util-1.0.2.v20150114.pom
Progress (1): 2.1 kB

Downloaded from central: https://repo.maven.apache.org/maven2/org/eclipse/aether/aether-util/1.0.2.v20150114/aether-util-1.0.2.v20150114.pom (2.1 kB at 96 kB/s)
Downloading from central: https://repo.maven.apache.org/maven2/org/eclipse/aether/aether-impl/1.0.2.v20150114/aether-impl-1.0.2.v20150114.pom
Progress (1): 3.4 kB

Downloaded from central: https://repo.maven.apache.org/maven2/org/eclipse/aether/aether-impl/1.0.2.v20150114/aether-impl-1.0.2.v20150114.pom (3.4 kB at 480 kB/s)
Downloading from central: https://repo.maven.apache.org/maven2/com/google/inject/guice/4.0/guice-4.0.pom
Progress (1): 4.1/11 kB
Progress (1): 8.2/11 kB
Progress (1): 11 kB

Downloaded from central: https://repo.maven.apache.org/maven2/com/google/inject/guice/4.0/guice-4.0.pom (11 kB at 1.5 MB/s)
Downloading from central: https://repo.maven.apache.org/maven2/com/google/inject/guice-parent/4.0/guice-parent-4.0.pom
Progress (1): 4.1/15 kB
Progress (1): 8.2/15 kB
Progress (1): 12/15 kB
Progress (1): 15 kB

Downloaded from central: https://repo.maven.apache.org/maven2/com/google/inject/guice-parent/4.0/guice-parent-4.0.pom (15 kB at 1.9 MB/s)
Downloading from central: https://repo.maven.apache.org/maven2/com/google/google/5/google-5.pom
Progress (1): 2.5 kB

Downloaded from central: https://repo.maven.apache.org/maven2/com/google/google/5/google-5.pom (2.5 kB at 117 kB/s)
Downloading from central: https://repo.maven.apache.org/maven2/aopalliance/aopalliance/1.0/aopalliance-1.0.pom
Progress (1): 363 B

Downloaded from central: https://repo.maven.apache.org/maven2/aopalliance/aopalliance/1.0/aopalliance-1.0.pom (363 B at 17 kB/s)
Downloading from central: https://repo.maven.apache.org/maven2/com/google/guava/guava/16.0.1/guava-16.0.1.pom
Progress (1): 4.1/6.1 kB
Progress (1): 6.1 kB

Downloaded from central: https://repo.maven.apache.org/maven2/com/google/guava/guava/16.0.1/guava-16.0.1.pom (6.1 kB at 1.0 MB/s)
Downloading from central: https://repo.maven.apache.org/maven2/com/google/guava/guava-parent/16.0.1/guava-parent-16.0.1.pom
Progress (1): 4.1/7.3 kB
Progress (1): 7.3 kB

Downloaded from central: https://repo.maven.apache.org/maven2/com/google/guava/guava-parent/16.0.1/guava-parent-16.0.1.pom (7.3 kB at 1.2 MB/s)
Downloading from central: https://repo.maven.apache.org/maven2/org/apache/maven/shared/maven-common-artifact-filters/3.0.1/maven-common-artifact-filters-3.0.1.pom
Progress (1): 4.1/4.8 kB
Progress (1): 4.8 kB

Downloaded from central: https://repo.maven.apache.org/maven2/org/apache/maven/shared/maven-common-artifact-filters/3.0.1/maven-common-artifact-filters-3.0.1.pom (4.8 kB at 345 kB/s)
Downloading from central: https://repo.maven.apache.org/maven2/org/apache/maven/shared/maven-shared-utils/3.1.0/maven-shared-utils-3.1.0.pom
Progress (1): 4.1/5.0 kB
Progress (1): 5.0 kB

Downloaded from central: https://repo.maven.apache.org/maven2/org/apache/maven/shared/maven-shared-utils/3.1.0/maven-shared-utils-3.1.0.pom (5.0 kB at 711 kB/s)
Downloading from central: https://repo.maven.apache.org/maven2/org/apache/maven/plugins/maven-shade-plugin/3.2.1/maven-shade-plugin-3.2.1.pom
Progress (1): 4.1/9.3 kB
Progress (1): 8.2/9.3 kB
Progress (1): 9.3 kB

Downloaded from central: https://repo.maven.apache.org/maven2/org/apache/maven/plugins/maven-shade-plugin/3.2.1/maven-shade-plugin-3.2.1.pom (9.3 kB at 359 kB/s)
Downloading from central: https://repo.maven.apache.org/maven2/org/apache/maven/shared/maven-artifact-transfer/0.10.0/maven-artifact-transfer-0.10.0.pom
Progress (1): 4.1/12 kB
Progress (1): 8.2/12 kB
Progress (1): 12 kB

Downloaded from central: https://repo.maven.apache.org/maven2/org/apache/maven/shared/maven-artifact-transfer/0.10.0/maven-artifact-transfer-0.10.0.pom (12 kB at 1.7 MB/s)
Downloading from central: https://repo.maven.apache.org/maven2/org/apache/maven/shared/maven-shared-components/31/maven-shared-components-31.pom
Progress (1): 4.1/5.1 kB
Progress (1): 5.1 kB

Downloaded from central: https://repo.maven.apache.org/maven2/org/apache/maven/shared/maven-shared-components/31/maven-shared-components-31.pom (5.1 kB at 730 kB/s)
Downloading from central: https://repo.maven.apache.org/maven2/org/ow2/asm/asm/7.0/asm-7.0.pom
Progress (1): 2.9 kB

Downloaded from central: https://repo.maven.apache.org/maven2/org/ow2/asm/asm/7.0/asm-7.0.pom (2.9 kB at 419 kB/s)
Downloading from central: https://repo.maven.apache.org/maven2/org/ow2/asm/asm-commons/7.0/asm-commons-7.0.pom
Progress (1): 3.7 kB

Downloaded from central: https://repo.maven.apache.org/maven2/org/ow2/asm/asm-commons/7.0/asm-commons-7.0.pom (3.7 kB at 610 kB/s)
Downloading from central: https://repo.maven.apache.org/maven2/org/ow2/asm/asm-tree/7.0/asm-tree-7.0.pom
Progress (1): 3.1 kB

Downloaded from central: https://repo.maven.apache.org/maven2/org/ow2/asm/asm-tree/7.0/asm-tree-7.0.pom (3.1 kB at 390 kB/s)
Downloading from central: https://repo.maven.apache.org/maven2/org/ow2/asm/asm-analysis/7.0/asm-analysis-7.0.pom
Progress (1): 3.2 kB

Downloaded from central: https://repo.maven.apache.org/maven2/org/ow2/asm/asm-analysis/7.0/asm-analysis-7.0.pom (3.2 kB at 450 kB/s)
Downloading from central: https://repo.maven.apache.org/maven2/org/jdom/jdom2/2.0.6/jdom2-2.0.6.pom
Progress (1): 4.1/4.6 kB
Progress (1): 4.6 kB

Downloaded from central: https://repo.maven.apache.org/maven2/org/jdom/jdom2/2.0.6/jdom2-2.0.6.pom (4.6 kB at 766 kB/s)
Downloading from central: https://repo.maven.apache.org/maven2/org/apache/maven/shared/maven-dependency-tree/3.0.1/maven-dependency-tree-3.0.1.pom
Progress (1): 4.1/7.5 kB
Progress (1): 7.5 kB

Downloaded from central: https://repo.maven.apache.org/maven2/org/apache/maven/shared/maven-dependency-tree/3.0.1/maven-dependency-tree-3.0.1.pom (7.5 kB at 937 kB/s)
Downloading from central: https://repo.maven.apache.org/maven2/org/eclipse/aether/aether-util/0.9.0.M2/aether-util-0.9.0.M2.pom
Progress (1): 2.0 kB

Downloaded from central: https://repo.maven.apache.org/maven2/org/eclipse/aether/aether-util/0.9.0.M2/aether-util-0.9.0.M2.pom (2.0 kB at 339 kB/s)
Downloading from central: https://repo.maven.apache.org/maven2/org/eclipse/aether/aether/0.9.0.M2/aether-0.9.0.M2.pom
Progress (1): 4.1/28 kB
Progress (1): 8.2/28 kB
Progress (1): 12/28 kB
Progress (1): 16/28 kB
Progress (1): 20/28 kB
Progress (1): 25/28 kB
Progress (1): 28 kB

Downloaded from central: https://repo.maven.apache.org/maven2/org/eclipse/aether/aether/0.9.0.M2/aether-0.9.0.M2.pom (28 kB at 3.1 MB/s)
Downloading from central: https://repo.maven.apache.org/maven2/org/vafer/jdependency/2.1.1/jdependency-2.1.1.pom
Progress (1): 4.1/11 kB
Progress (1): 8.2/11 kB
Progress (1): 11 kB

Downloaded from central: https://repo.maven.apache.org/maven2/org/vafer/jdependency/2.1.1/jdependency-2.1.1.pom (11 kB at 1.4 MB/s)
Downloading from central: https://repo.maven.apache.org/maven2/org/ow2/asm/asm/7.0-beta/asm-7.0-beta.pom
Progress (1): 2.9 kB

Downloaded from central: https://repo.maven.apache.org/maven2/org/ow2/asm/asm/7.0-beta/asm-7.0-beta.pom (2.9 kB at 491 kB/s)
Downloading from central: https://repo.maven.apache.org/maven2/org/ow2/asm/asm-analysis/7.0-beta/asm-analysis-7.0-beta.pom
Progress (1): 3.2 kB

Downloaded from central: https://repo.maven.apache.org/maven2/org/ow2/asm/asm-analysis/7.0-beta/asm-analysis-7.0-beta.pom (3.2 kB at 452 kB/s)
Downloading from central: https://repo.maven.apache.org/maven2/org/ow2/asm/asm-tree/7.0-beta/asm-tree-7.0-beta.pom
Progress (1): 3.1 kB

Downloaded from central: https://repo.maven.apache.org/maven2/org/ow2/asm/asm-tree/7.0-beta/asm-tree-7.0-beta.pom (3.1 kB at 448 kB/s)
Downloading from central: https://repo.maven.apache.org/maven2/org/ow2/asm/asm-commons/7.0-beta/asm-commons-7.0-beta.pom
Progress (1): 3.7 kB

Downloaded from central: https://repo.maven.apache.org/maven2/org/ow2/asm/asm-commons/7.0-beta/asm-commons-7.0-beta.pom (3.7 kB at 527 kB/s)
Downloading from central: https://repo.maven.apache.org/maven2/org/ow2/asm/asm-util/7.0-beta/asm-util-7.0-beta.pom
Progress (1): 3.7 kB

Downloaded from central: https://repo.maven.apache.org/maven2/org/ow2/asm/asm-util/7.0-beta/asm-util-7.0-beta.pom (3.7 kB at 524 kB/s)
Downloading from central: https://repo.maven.apache.org/maven2/com/google/guava/guava/19.0/guava-19.0.pom
Progress (1): 4.1/6.8 kB
Progress (1): 6.8 kB

Downloaded from central: https://repo.maven.apache.org/maven2/com/google/guava/guava/19.0/guava-19.0.pom (6.8 kB at 970 kB/s)
Downloading from central: https://repo.maven.apache.org/maven2/com/google/guava/guava-parent/19.0/guava-parent-19.0.pom
Progress (1): 4.1/9.9 kB
Progress (1): 8.2/9.9 kB
Progress (1): 9.9 kB

Downloaded from central: https://repo.maven.apache.org/maven2/com/google/guava/guava-parent/19.0/guava-parent-19.0.pom (9.9 kB at 1.4 MB/s)
Downloading from central: https://repo.maven.apache.org/maven2/org/springframework/boot/spring-boot-loader-tools/2.1.5.RELEASE/spring-boot-loader-tools-2.1.5.RELEASE.jar
Downloading from central: https://repo.maven.apache.org/maven2/org/apache/maven/maven-archiver/3.2.0/maven-archiver-3.2.0.jar
Downloading from central: https://repo.maven.apache.org/maven2/org/apache/maven/shared/maven-shared-utils/3.2.0/maven-shared-utils-3.2.0.jar
Downloading from central: https://repo.maven.apache.org/maven2/org/codehaus/plexus/plexus-interpolation/1.22/plexus-interpolation-1.22.jar
Progress (1): 4.1/24 kB
Progress (1): 8.2/24 kB
Progress (1): 12/24 kB
Progress (1): 16/24 kB
Progress (1): 20/24 kB
Progress (2): 20/24 kB | 2.7/149 kB
Progress (2): 20/24 kB | 5.5/149 kB
Progress (2): 20/24 kB | 8.2/149 kB
Progress (2): 20/24 kB | 11/149 kB
Progress (2): 20/24 kB | 14/149 kB
Progress (2): 20/24 kB | 16/149 kB
Progress (2): 20/24 kB | 19/149 kB
Progress (2): 20/24 kB | 22/149 kB
Progress (2): 20/24 kB | 25/149 kB
Progress (2): 20/24 kB | 27/149 kB
Progress (2): 24 kB | 27/149 kB

Downloading from central: https://repo.maven.apache.org/maven2/org/apache/maven/maven-artifact/3.3.9/maven-artifact-3.3.9.jar
Progress (3): 24 kB | 27/149 kB | 4.1/165 kB
Progress (3): 24 kB | 27/149 kB | 8.2/165 kB
Progress (3): 24 kB | 27/149 kB | 12/165 kB
Progress (3): 24 kB | 27/149 kB | 16/165 kB
Progress (3): 24 kB | 27/149 kB | 20/165 kB
Progress (3): 24 kB | 27/149 kB | 25/165 kB
Progress (3): 24 kB | 27/149 kB | 29/165 kB
Progress (3): 24 kB | 27/149 kB | 33/165 kB
Progress (3): 24 kB | 27/149 kB | 37/165 kB
Progress (4): 24 kB | 27/149 kB | 37/165 kB | 4.1/77 kB
Progress (4): 24 kB | 27/149 kB | 37/165 kB | 8.2/77 kB
Progress (4): 24 kB | 27/149 kB | 37/165 kB | 12/77 kB
Progress (4): 24 kB | 27/149 kB | 37/165 kB | 16/77 kB
Progress (4): 24 kB | 27/149 kB | 37/165 kB | 20/77 kB
Progress (4): 24 kB | 27/149 kB | 37/165 kB | 25/77 kB
Progress (4): 24 kB | 27/149 kB | 37/165 kB | 29/77 kB
Progress (4): 24 kB | 27/149 kB | 37/165 kB | 33/77 kB
Progress (4): 24 kB | 27/149 kB | 37/165 kB | 37/77 kB
Progress (4): 24 kB | 27/149 kB | 37/165 kB | 41/77 kB
Progress (4): 24 kB | 30/149 kB | 37/165 kB | 41/77 kB
Progress (4): 24 kB | 33/149 kB | 37/165 kB | 41/77 kB
Progress (4): 24 kB | 36/149 kB | 37/165 kB | 41/77 kB
Progress (4): 24 kB | 38/149 kB | 37/165 kB | 41/77 kB
Progress (4): 24 kB | 41/149 kB | 37/165 kB | 41/77 kB
Progress (4): 24 kB | 44/149 kB | 37/165 kB | 41/77 kB
Progress (4): 24 kB | 47/149 kB | 37/165 kB | 41/77 kB
Progress (4): 24 kB | 49/149 kB | 37/165 kB | 41/77 kB
Progress (4): 24 kB | 52/149 kB | 37/165 kB | 41/77 kB
Progress (4): 24 kB | 55/149 kB | 37/165 kB | 41/77 kB
Progress (4): 24 kB | 58/149 kB | 37/165 kB | 41/77 kB
Progress (4): 24 kB | 60/149 kB | 37/165 kB | 41/77 kB
Progress (4): 24 kB | 63/149 kB | 37/165 kB | 41/77 kB
Progress (4): 24 kB | 66/149 kB | 37/165 kB | 41/77 kB
Progress (4): 24 kB | 69/149 kB | 37/165 kB | 41/77 kB
Progress (4): 24 kB | 71/149 kB | 37/165 kB | 41/77 kB
Progress (4): 24 kB | 74/149 kB | 37/165 kB | 41/77 kB
Progress (4): 24 kB | 77/149 kB | 37/165 kB | 41/77 kB
Progress (4): 24 kB | 77/149 kB | 41/165 kB | 41/77 kB

Downloaded from central: https://repo.maven.apache.org/maven2/org/apache/maven/maven-archiver/3.2.0/maven-archiver-3.2.0.jar (24 kB at 484 kB/s)
Downloading from central: https://repo.maven.apache.org/maven2/org/apache/commons/commons-lang3/3.8.1/commons-lang3-3.8.1.jar
Progress (3): 77/149 kB | 45/165 kB | 41/77 kB
Progress (3): 77/149 kB | 49/165 kB | 41/77 kB
Progress (3): 77/149 kB | 53/165 kB | 41/77 kB
Progress (3): 77/149 kB | 57/165 kB | 41/77 kB
Progress (3): 77/149 kB | 61/165 kB | 41/77 kB
Progress (4): 77/149 kB | 61/165 kB | 41/77 kB | 4.1/55 kB
Progress (4): 77/149 kB | 61/165 kB | 41/77 kB | 8.2/55 kB
Progress (4): 77/149 kB | 61/165 kB | 41/77 kB | 12/55 kB
Progress (4): 77/149 kB | 61/165 kB | 41/77 kB | 16/55 kB
Progress (4): 77/149 kB | 61/165 kB | 41/77 kB | 20/55 kB
Progress (4): 77/149 kB | 61/165 kB | 41/77 kB | 25/55 kB
Progress (4): 77/149 kB | 61/165 kB | 41/77 kB | 29/55 kB
Progress (4): 77/149 kB | 61/165 kB | 41/77 kB | 33/55 kB
Progress (4): 77/149 kB | 61/165 kB | 41/77 kB | 37/55 kB
Progress (4): 77/149 kB | 61/165 kB | 41/77 kB | 41/55 kB
Progress (4): 77/149 kB | 61/165 kB | 45/77 kB | 41/55 kB
Progress (4): 77/149 kB | 61/165 kB | 49/77 kB | 41/55 kB
Progress (4): 77/149 kB | 61/165 kB | 53/77 kB | 41/55 kB
Progress (4): 77/149 kB | 61/165 kB | 57/77 kB | 41/55 kB
Progress (4): 77/149 kB | 61/165 kB | 61/77 kB | 41/55 kB
Progress (4): 80/149 kB | 61/165 kB | 61/77 kB | 41/55 kB
Progress (4): 80/149 kB | 66/165 kB | 61/77 kB | 41/55 kB
Progress (5): 80/149 kB | 66/165 kB | 61/77 kB | 41/55 kB | 4.1/502 kB
Progress (5): 80/149 kB | 66/165 kB | 61/77 kB | 41/55 kB | 8.2/502 kB
Progress (5): 80/149 kB | 66/165 kB | 61/77 kB | 41/55 kB | 12/502 kB
Progress (5): 80/149 kB | 66/165 kB | 61/77 kB | 41/55 kB | 16/502 kB
Progress (5): 80/149 kB | 66/165 kB | 61/77 kB | 41/55 kB | 20/502 kB
Progress (5): 80/149 kB | 66/165 kB | 61/77 kB | 41/55 kB | 25/502 kB
Progress (5): 80/149 kB | 66/165 kB | 61/77 kB | 41/55 kB | 29/502 kB
Progress (5): 80/149 kB | 66/165 kB | 61/77 kB | 41/55 kB | 33/502 kB
Progress (5): 80/149 kB | 66/165 kB | 61/77 kB | 41/55 kB | 37/502 kB
Progress (5): 80/149 kB | 66/165 kB | 61/77 kB | 41/55 kB | 41/502 kB
Progress (5): 80/149 kB | 66/165 kB | 61/77 kB | 41/55 kB | 45/502 kB
Progress (5): 80/149 kB | 66/165 kB | 61/77 kB | 41/55 kB | 49/502 kB
Progress (5): 80/149 kB | 66/165 kB | 61/77 kB | 41/55 kB | 53/502 kB
Progress (5): 80/149 kB | 66/165 kB | 66/77 kB | 41/55 kB | 53/502 kB
Progress (5): 80/149 kB | 66/165 kB | 70/77 kB | 41/55 kB | 53/502 kB
Progress (5): 80/149 kB | 66/165 kB | 74/77 kB | 41/55 kB | 53/502 kB
Progress (5): 80/149 kB | 66/165 kB | 74/77 kB | 45/55 kB | 53/502 kB
Progress (5): 80/149 kB | 66/165 kB | 74/77 kB | 49/55 kB | 53/502 kB
Progress (5): 80/149 kB | 66/165 kB | 74/77 kB | 53/55 kB | 53/502 kB
Progress (5): 80/149 kB | 66/165 kB | 74/77 kB | 55 kB | 53/502 kB
Progress (5): 80/149 kB | 66/165 kB | 77 kB | 55 kB | 53/502 kB
Progress (5): 80/149 kB | 66/165 kB | 77 kB | 55 kB | 57/502 kB
Progress (5): 82/149 kB | 66/165 kB | 77 kB | 55 kB | 57/502 kB
Progress (5): 82/149 kB | 70/165 kB | 77 kB | 55 kB | 57/502 kB
Progress (5): 82/149 kB | 74/165 kB | 77 kB | 55 kB | 57/502 kB
Progress (5): 82/149 kB | 78/165 kB | 77 kB | 55 kB | 57/502 kB
Progress (5): 82/149 kB | 82/165 kB | 77 kB | 55 kB | 57/502 kB
Progress (5): 82/149 kB | 86/165 kB | 77 kB | 55 kB | 57/502 kB
Progress (5): 82/149 kB | 90/165 kB | 77 kB | 55 kB | 57/502 kB
Progress (5): 82/149 kB | 94/165 kB | 77 kB | 55 kB | 57/502 kB
Progress (5): 82/149 kB | 98/165 kB | 77 kB | 55 kB | 57/502 kB
Progress (5): 85/149 kB | 98/165 kB | 77 kB | 55 kB | 57/502 kB
Progress (5): 88/149 kB | 98/165 kB | 77 kB | 55 kB | 57/502 kB
Progress (5): 90/149 kB | 98/165 kB | 77 kB | 55 kB | 57/502 kB
Progress (5): 93/149 kB | 98/165 kB | 77 kB | 55 kB | 57/502 kB
Progress (5): 96/149 kB | 98/165 kB | 77 kB | 55 kB | 57/502 kB
Progress (5): 99/149 kB | 98/165 kB | 77 kB | 55 kB | 57/502 kB
Progress (5): 101/149 kB | 98/165 kB | 77 kB | 55 kB | 57/502 kB
Progress (5): 104/149 kB | 98/165 kB | 77 kB | 55 kB | 57/502 kB
Progress (5): 107/149 kB | 98/165 kB | 77 kB | 55 kB | 57/502 kB
Progress (5): 110/149 kB | 98/165 kB | 77 kB | 55 kB | 57/502 kB
Progress (5): 112/149 kB | 98/165 kB | 77 kB | 55 kB | 57/502 kB
Progress (5): 115/149 kB | 98/165 kB | 77 kB | 55 kB | 57/502 kB
Progress (5): 118/149 kB | 98/165 kB | 77 kB | 55 kB | 57/502 kB
Progress (5): 121/149 kB | 98/165 kB | 77 kB | 55 kB | 57/502 kB
Progress (5): 123/149 kB | 98/165 kB | 77 kB | 55 kB | 57/502 kB
Progress (5): 126/149 kB | 98/165 kB | 77 kB | 55 kB | 57/502 kB
Progress (5): 126/149 kB | 102/165 kB | 77 kB | 55 kB | 57/502 kB
Progress (5): 126/149 kB | 106/165 kB | 77 kB | 55 kB | 57/502 kB
Progress (5): 126/149 kB | 111/165 kB | 77 kB | 55 kB | 57/502 kB
Progress (5): 126/149 kB | 115/165 kB | 77 kB | 55 kB | 57/502 kB
Progress (5): 126/149 kB | 119/165 kB | 77 kB | 55 kB | 57/502 kB
Progress (5): 126/149 kB | 119/165 kB | 77 kB | 55 kB | 61/502 kB
Progress (5): 126/149 kB | 119/165 kB | 77 kB | 55 kB | 66/502 kB
Progress (5): 126/149 kB | 119/165 kB | 77 kB | 55 kB | 70/502 kB
Progress (5): 126/149 kB | 119/165 kB | 77 kB | 55 kB | 74/502 kB
Progress (5): 126/149 kB | 119/165 kB | 77 kB | 55 kB | 78/502 kB
Progress (5): 126/149 kB | 119/165 kB | 77 kB | 55 kB | 82/502 kB
Progress (5): 126/149 kB | 119/165 kB | 77 kB | 55 kB | 86/502 kB
Progress (5): 126/149 kB | 119/165 kB | 77 kB | 55 kB | 90/502 kB
Progress (5): 126/149 kB | 119/165 kB | 77 kB | 55 kB | 94/502 kB

Downloaded from central: https://repo.maven.apache.org/maven2/org/apache/maven/maven-artifact/3.3.9/maven-artifact-3.3.9.jar (55 kB at 724 kB/s)
Downloading from central: https://repo.maven.apache.org/maven2/org/apache/maven/maven-core/3.3.9/maven-core-3.3.9.jar
Downloaded from central: https://repo.maven.apache.org/maven2/org/codehaus/plexus/plexus-interpolation/1.22/plexus-interpolation-1.22.jar (77 kB at 926 kB/s)
Downloading from central: https://repo.maven.apache.org/maven2/org/apache/maven/maven-settings-builder/3.3.9/maven-settings-builder-3.3.9.jar
Progress (3): 126/149 kB | 123/165 kB | 94/502 kB
Progress (3): 126/149 kB | 127/165 kB | 94/502 kB
Progress (3): 126/149 kB | 131/165 kB | 94/502 kB
Progress (3): 126/149 kB | 135/165 kB | 94/502 kB
Progress (3): 126/149 kB | 139/165 kB | 94/502 kB
Progress (3): 126/149 kB | 143/165 kB | 94/502 kB
Progress (3): 126/149 kB | 147/165 kB | 94/502 kB
Progress (3): 126/149 kB | 152/165 kB | 94/502 kB
Progress (4): 126/149 kB | 152/165 kB | 94/502 kB | 4.1/43 kB
Progress (4): 126/149 kB | 152/165 kB | 94/502 kB | 8.2/43 kB
Progress (4): 126/149 kB | 152/165 kB | 94/502 kB | 12/43 kB
Progress (4): 126/149 kB | 152/165 kB | 94/502 kB | 16/43 kB
Progress (4): 126/149 kB | 152/165 kB | 94/502 kB | 20/43 kB
Progress (4): 126/149 kB | 152/165 kB | 94/502 kB | 25/43 kB
Progress (4): 126/149 kB | 152/165 kB | 94/502 kB | 29/43 kB
Progress (4): 126/149 kB | 152/165 kB | 94/502 kB | 33/43 kB
Progress (4): 126/149 kB | 152/165 kB | 94/502 kB | 37/43 kB
Progress (4): 126/149 kB | 152/165 kB | 94/502 kB | 41/43 kB
Progress (4): 129/149 kB | 152/165 kB | 94/502 kB | 41/43 kB
Progress (4): 132/149 kB | 152/165 kB | 94/502 kB | 41/43 kB
Progress (4): 134/149 kB | 152/165 kB | 94/502 kB | 41/43 kB
Progress (4): 137/149 kB | 152/165 kB | 94/502 kB | 41/43 kB
Progress (4): 140/149 kB | 152/165 kB | 94/502 kB | 41/43 kB
Progress (4): 143/149 kB | 152/165 kB | 94/502 kB | 41/43 kB
Progress (4): 145/149 kB | 152/165 kB | 94/502 kB | 41/43 kB
Progress (4): 148/149 kB | 152/165 kB | 94/502 kB | 41/43 kB
Progress (4): 149 kB | 152/165 kB | 94/502 kB | 41/43 kB
Progress (5): 149 kB | 152/165 kB | 94/502 kB | 41/43 kB | 4.1/638 kB
Progress (5): 149 kB | 152/165 kB | 94/502 kB | 41/43 kB | 8.2/638 kB
Progress (5): 149 kB | 152/165 kB | 94/502 kB | 41/43 kB | 12/638 kB
Progress (5): 149 kB | 152/165 kB | 94/502 kB | 41/43 kB | 16/638 kB
Progress (5): 149 kB | 152/165 kB | 94/502 kB | 41/43 kB | 20/638 kB
Progress (5): 149 kB | 152/165 kB | 94/502 kB | 41/43 kB | 25/638 kB
Progress (5): 149 kB | 152/165 kB | 94/502 kB | 41/43 kB | 29/638 kB
Progress (5): 149 kB | 152/165 kB | 94/502 kB | 41/43 kB | 33/638 kB
Progress (5): 149 kB | 152/165 kB | 98/502 kB | 41/43 kB | 33/638 kB
Progress (5): 149 kB | 152/165 kB | 102/502 kB | 41/43 kB | 33/638 kB
Progress (5): 149 kB | 152/165 kB | 106/502 kB | 41/43 kB | 33/638 kB
Progress (5): 149 kB | 152/165 kB | 111/502 kB | 41/43 kB | 33/638 kB
Progress (5): 149 kB | 152/165 kB | 115/502 kB | 41/43 kB | 33/638 kB
Progress (5): 149 kB | 152/165 kB | 119/502 kB | 41/43 kB | 33/638 kB
Progress (5): 149 kB | 152/165 kB | 123/502 kB | 41/43 kB | 33/638 kB
Progress (5): 149 kB | 152/165 kB | 127/502 kB | 41/43 kB | 33/638 kB
Progress (5): 149 kB | 152/165 kB | 131/502 kB | 41/43 kB | 33/638 kB
Progress (5): 149 kB | 152/165 kB | 135/502 kB | 41/43 kB | 33/638 kB
Progress (5): 149 kB | 152/165 kB | 139/502 kB | 41/43 kB | 33/638 kB
Progress (5): 149 kB | 152/165 kB | 143/502 kB | 41/43 kB | 33/638 kB
Progress (5): 149 kB | 152/165 kB | 147/502 kB | 41/43 kB | 33/638 kB
Progress (5): 149 kB | 156/165 kB | 147/502 kB | 41/43 kB | 33/638 kB
Progress (5): 149 kB | 160/165 kB | 147/502 kB | 41/43 kB | 33/638 kB
Progress (5): 149 kB | 164/165 kB | 147/502 kB | 41/43 kB | 33/638 kB
Progress (5): 149 kB | 165 kB | 147/502 kB | 41/43 kB | 33/638 kB
Progress (5): 149 kB | 165 kB | 147/502 kB | 43 kB | 33/638 kB
Progress (5): 149 kB | 165 kB | 147/502 kB | 43 kB | 37/638 kB
Progress (5): 149 kB | 165 kB | 147/502 kB | 43 kB | 41/638 kB
Progress (5): 149 kB | 165 kB | 147/502 kB | 43 kB | 45/638 kB
Progress (5): 149 kB | 165 kB | 147/502 kB | 43 kB | 49/638 kB
Progress (5): 149 kB | 165 kB | 147/502 kB | 43 kB | 53/638 kB
Progress (5): 149 kB | 165 kB | 147/502 kB | 43 kB | 57/638 kB
Progress (5): 149 kB | 165 kB | 147/502 kB | 43 kB | 61/638 kB
Progress (5): 149 kB | 165 kB | 147/502 kB | 43 kB | 66/638 kB

Downloaded from central: https://repo.maven.apache.org/maven2/org/apache/maven/maven-settings-builder/3.3.9/maven-settings-builder-3.3.9.jar (43 kB at 359 kB/s)
Progress (4): 149 kB | 165 kB | 152/502 kB | 66/638 kB
Progress (4): 149 kB | 165 kB | 156/502 kB | 66/638 kB
Progress (4): 149 kB | 165 kB | 160/502 kB | 66/638 kB

Downloaded from central: https://repo.maven.apache.org/maven2/org/apache/maven/shared/maven-shared-utils/3.2.0/maven-shared-utils-3.2.0.jar (165 kB at 1.3 MB/s)
Downloaded from central: https://repo.maven.apache.org/maven2/org/springframework/boot/spring-boot-loader-tools/2.1.5.RELEASE/spring-boot-loader-tools-2.1.5.RELEASE.jar (149 kB at 1.1 MB/s)
Downloading from central: https://repo.maven.apache.org/maven2/org/apache/maven/maven-builder-support/3.3.9/maven-builder-support-3.3.9.jar
Downloading from central: https://repo.maven.apache.org/maven2/org/apache/maven/maven-repository-metadata/3.3.9/maven-repository-metadata-3.3.9.jar
Downloading from central: https://repo.maven.apache.org/maven2/org/apache/maven/maven-model-builder/3.3.9/maven-model-builder-3.3.9.jar
Progress (2): 164/502 kB | 66/638 kB
Progress (2): 168/502 kB | 66/638 kB
Progress (2): 172/502 kB | 66/638 kB
Progress (2): 176/502 kB | 66/638 kB
Progress (2): 180/502 kB | 66/638 kB
Progress (2): 184/502 kB | 66/638 kB
Progress (2): 188/502 kB | 66/638 kB
Progress (2): 193/502 kB | 66/638 kB
Progress (2): 197/502 kB | 66/638 kB
Progress (2): 197/502 kB | 70/638 kB
Progress (2): 197/502 kB | 74/638 kB
Progress (2): 197/502 kB | 78/638 kB
Progress (2): 197/502 kB | 82/638 kB
Progress (2): 197/502 kB | 86/638 kB
Progress (3): 197/502 kB | 86/638 kB | 4.1/15 kB
Progress (3): 197/502 kB | 86/638 kB | 8.2/15 kB
Progress (3): 197/502 kB | 86/638 kB | 12/15 kB
Progress (3): 197/502 kB | 86/638 kB | 15 kB
Progress (4): 197/502 kB | 86/638 kB | 15 kB | 4.1/27 kB
Progress (4): 197/502 kB | 86/638 kB | 15 kB | 8.2/27 kB
Progress (4): 197/502 kB | 86/638 kB | 15 kB | 12/27 kB
Progress (4): 197/502 kB | 86/638 kB | 15 kB | 16/27 kB
Progress (4): 197/502 kB | 86/638 kB | 15 kB | 20/27 kB
Progress (4): 197/502 kB | 86/638 kB | 15 kB | 25/27 kB
Progress (4): 197/502 kB | 86/638 kB | 15 kB | 27 kB
Progress (5): 197/502 kB | 86/638 kB | 15 kB | 27 kB | 4.1/177 kB
Progress (5): 197/502 kB | 86/638 kB | 15 kB | 27 kB | 8.2/177 kB
Progress (5): 197/502 kB | 86/638 kB | 15 kB | 27 kB | 12/177 kB
Progress (5): 197/502 kB | 86/638 kB | 15 kB | 27 kB | 16/177 kB
Progress (5): 197/502 kB | 86/638 kB | 15 kB | 27 kB | 20/177 kB
Progress (5): 197/502 kB | 86/638 kB | 15 kB | 27 kB | 25/177 kB
Progress (5): 197/502 kB | 86/638 kB | 15 kB | 27 kB | 29/177 kB
Progress (5): 197/502 kB | 86/638 kB | 15 kB | 27 kB | 33/177 kB
Progress (5): 197/502 kB | 86/638 kB | 15 kB | 27 kB | 37/177 kB
Progress (5): 201/502 kB | 86/638 kB | 15 kB | 27 kB | 37/177 kB
Progress (5): 205/502 kB | 86/638 kB | 15 kB | 27 kB | 37/177 kB
Progress (5): 209/502 kB | 86/638 kB | 15 kB | 27 kB | 37/177 kB
Progress (5): 213/502 kB | 86/638 kB | 15 kB | 27 kB | 37/177 kB
Progress (5): 217/502 kB | 86/638 kB | 15 kB | 27 kB | 37/177 kB
Progress (5): 221/502 kB | 86/638 kB | 15 kB | 27 kB | 37/177 kB
Progress (5): 225/502 kB | 86/638 kB | 15 kB | 27 kB | 37/177 kB
Progress (5): 229/502 kB | 86/638 kB | 15 kB | 27 kB | 37/177 kB
Progress (5): 229/502 kB | 90/638 kB | 15 kB | 27 kB | 37/177 kB
Progress (5): 229/502 kB | 94/638 kB | 15 kB | 27 kB | 37/177 kB
Progress (5): 229/502 kB | 98/638 kB | 15 kB | 27 kB | 37/177 kB
Progress (5): 229/502 kB | 102/638 kB | 15 kB | 27 kB | 37/177 kB
Progress (5): 229/502 kB | 106/638 kB | 15 kB | 27 kB | 37/177 kB
Progress (5): 229/502 kB | 111/638 kB | 15 kB | 27 kB | 37/177 kB
Progress (5): 229/502 kB | 115/638 kB | 15 kB | 27 kB | 37/177 kB
Progress (5): 233/502 kB | 115/638 kB | 15 kB | 27 kB | 37/177 kB
Progress (5): 238/502 kB | 115/638 kB | 15 kB | 27 kB | 37/177 kB
Progress (5): 242/502 kB | 115/638 kB | 15 kB | 27 kB | 37/177 kB
Progress (5): 246/502 kB | 115/638 kB | 15 kB | 27 kB | 37/177 kB
Progress (5): 250/502 kB | 115/638 kB | 15 kB | 27 kB | 37/177 kB
Progress (5): 250/502 kB | 119/638 kB | 15 kB | 27 kB | 37/177 kB
Progress (5): 250/502 kB | 123/638 kB | 15 kB | 27 kB | 37/177 kB
Progress (5): 250/502 kB | 123/638 kB | 15 kB | 27 kB | 41/177 kB
Progress (5): 250/502 kB | 123/638 kB | 15 kB | 27 kB | 45/177 kB
Progress (5): 250/502 kB | 123/638 kB | 15 kB | 27 kB | 49/177 kB
Progress (5): 250/502 kB | 123/638 kB | 15 kB | 27 kB | 53/177 kB
Progress (5): 250/502 kB | 123/638 kB | 15 kB | 27 kB | 57/177 kB
Progress (5): 250/502 kB | 123/638 kB | 15 kB | 27 kB | 61/177 kB
Progress (5): 250/502 kB | 123/638 kB | 15 kB | 27 kB | 66/177 kB
Progress (5): 250/502 kB | 123/638 kB | 15 kB | 27 kB | 70/177 kB
Progress (5): 250/502 kB | 123/638 kB | 15 kB | 27 kB | 74/177 kB
Progress (5): 250/502 kB | 123/638 kB | 15 kB | 27 kB | 78/177 kB
Progress (5): 250/502 kB | 123/638 kB | 15 kB | 27 kB | 82/177 kB
Progress (5): 250/502 kB | 123/638 kB | 15 kB | 27 kB | 86/177 kB
Progress (5): 250/502 kB | 123/638 kB | 15 kB | 27 kB | 90/177 kB
Progress (5): 250/502 kB | 123/638 kB | 15 kB | 27 kB | 94/177 kB
Progress (5): 250/502 kB | 123/638 kB | 15 kB | 27 kB | 98/177 kB

Downloaded from central: https://repo.maven.apache.org/maven2/org/apache/maven/maven-builder-support/3.3.9/maven-builder-support-3.3.9.jar (15 kB at 87 kB/s)
Downloading from central: https://repo.maven.apache.org/maven2/org/apache/maven/maven-aether-provider/3.3.9/maven-aether-provider-3.3.9.jar
Downloaded from central: https://repo.maven.apache.org/maven2/org/apache/maven/maven-repository-metadata/3.3.9/maven-repository-metadata-3.3.9.jar (27 kB at 159 kB/s)
Downloading from central: https://repo.maven.apache.org/maven2/org/eclipse/aether/aether-spi/1.0.2.v20150114/aether-spi-1.0.2.v20150114.jar
Progress (3): 250/502 kB | 127/638 kB | 98/177 kB
Progress (3): 250/502 kB | 131/638 kB | 98/177 kB
Progress (3): 250/502 kB | 135/638 kB | 98/177 kB
Progress (3): 250/502 kB | 139/638 kB | 98/177 kB
Progress (3): 250/502 kB | 143/638 kB | 98/177 kB
Progress (3): 250/502 kB | 147/638 kB | 98/177 kB
Progress (3): 250/502 kB | 152/638 kB | 98/177 kB
Progress (3): 250/502 kB | 156/638 kB | 98/177 kB
Progress (3): 254/502 kB | 156/638 kB | 98/177 kB
Progress (4): 254/502 kB | 156/638 kB | 98/177 kB | 4.1/31 kB
Progress (4): 254/502 kB | 156/638 kB | 98/177 kB | 8.2/31 kB
Progress (4): 254/502 kB | 156/638 kB | 98/177 kB | 12/31 kB
Progress (4): 254/502 kB | 156/638 kB | 98/177 kB | 16/31 kB
Progress (4): 254/502 kB | 156/638 kB | 98/177 kB | 20/31 kB
Progress (4): 254/502 kB | 156/638 kB | 98/177 kB | 25/31 kB
Progress (4): 254/502 kB | 156/638 kB | 98/177 kB | 29/31 kB
Progress (4): 254/502 kB | 156/638 kB | 98/177 kB | 31 kB
Progress (5): 254/502 kB | 156/638 kB | 98/177 kB | 31 kB | 4.1/67 kB
Progress (5): 254/502 kB | 156/638 kB | 98/177 kB | 31 kB | 8.2/67 kB
Progress (5): 254/502 kB | 156/638 kB | 98/177 kB | 31 kB | 12/67 kB
Progress (5): 254/502 kB | 156/638 kB | 98/177 kB | 31 kB | 16/67 kB
Progress (5): 254/502 kB | 156/638 kB | 98/177 kB | 31 kB | 20/67 kB
Progress (5): 254/502 kB | 156/638 kB | 98/177 kB | 31 kB | 25/67 kB
Progress (5): 254/502 kB | 156/638 kB | 98/177 kB | 31 kB | 29/67 kB
Progress (5): 254/502 kB | 156/638 kB | 98/177 kB | 31 kB | 33/67 kB
Progress (5): 258/502 kB | 156/638 kB | 98/177 kB | 31 kB | 33/67 kB
Progress (5): 262/502 kB | 156/638 kB | 98/177 kB | 31 kB | 33/67 kB
Progress (5): 266/502 kB | 156/638 kB | 98/177 kB | 31 kB | 33/67 kB
Progress (5): 270/502 kB | 156/638 kB | 98/177 kB | 31 kB | 33/67 kB
Progress (5): 274/502 kB | 156/638 kB | 98/177 kB | 31 kB | 33/67 kB
Progress (5): 279/502 kB | 156/638 kB | 98/177 kB | 31 kB | 33/67 kB
Progress (5): 283/502 kB | 156/638 kB | 98/177 kB | 31 kB | 33/67 kB
Progress (5): 287/502 kB | 156/638 kB | 98/177 kB | 31 kB | 33/67 kB
Progress (5): 291/502 kB | 156/638 kB | 98/177 kB | 31 kB | 33/67 kB
Progress (5): 295/502 kB | 156/638 kB | 98/177 kB | 31 kB | 33/67 kB

Downloaded from central: https://repo.maven.apache.org/maven2/org/eclipse/aether/aether-spi/1.0.2.v20150114/aether-spi-1.0.2.v20150114.jar (31 kB at 157 kB/s)
Progress (4): 295/502 kB | 156/638 kB | 98/177 kB | 37/67 kB
Progress (4): 295/502 kB | 156/638 kB | 98/177 kB | 41/67 kB
Progress (4): 295/502 kB | 156/638 kB | 98/177 kB | 45/67 kB
Progress (4): 295/502 kB | 156/638 kB | 98/177 kB | 49/67 kB
Progress (4): 295/502 kB | 160/638 kB | 98/177 kB | 49/67 kB
Progress (4): 295/502 kB | 164/638 kB | 98/177 kB | 49/67 kB
Progress (4): 295/502 kB | 168/638 kB | 98/177 kB | 49/67 kB
Progress (4): 295/502 kB | 172/638 kB | 98/177 kB | 49/67 kB
Progress (4): 295/502 kB | 176/638 kB | 98/177 kB | 49/67 kB
Progress (4): 295/502 kB | 180/638 kB | 98/177 kB | 49/67 kB
Progress (4): 295/502 kB | 184/638 kB | 98/177 kB | 49/67 kB
Progress (4): 295/502 kB | 188/638 kB | 98/177 kB | 49/67 kB
Progress (4): 295/502 kB | 193/638 kB | 98/177 kB | 49/67 kB
Progress (4): 295/502 kB | 197/638 kB | 98/177 kB | 49/67 kB
Progress (4): 295/502 kB | 197/638 kB | 98/177 kB | 53/67 kB
Progress (4): 295/502 kB | 197/638 kB | 102/177 kB | 53/67 kB
Progress (4): 295/502 kB | 197/638 kB | 106/177 kB | 53/67 kB
Progress (4): 295/502 kB | 197/638 kB | 111/177 kB | 53/67 kB
Progress (4): 295/502 kB | 197/638 kB | 115/177 kB | 53/67 kB
Progress (4): 295/502 kB | 197/638 kB | 119/177 kB | 53/67 kB
Progress (4): 295/502 kB | 197/638 kB | 123/177 kB | 53/67 kB
Progress (4): 295/502 kB | 197/638 kB | 127/177 kB | 53/67 kB
Progress (4): 295/502 kB | 197/638 kB | 131/177 kB | 53/67 kB
Progress (4): 295/502 kB | 197/638 kB | 135/177 kB | 53/67 kB
Progress (4): 295/502 kB | 197/638 kB | 139/177 kB | 53/67 kB
Progress (4): 295/502 kB | 197/638 kB | 143/177 kB | 53/67 kB
Progress (4): 295/502 kB | 197/638 kB | 147/177 kB | 53/67 kB

Downloading from central: https://repo.maven.apache.org/maven2/org/eclipse/aether/aether-impl/1.0.2.v20150114/aether-impl-1.0.2.v20150114.jar
Progress (4): 295/502 kB | 197/638 kB | 147/177 kB | 57/67 kB
Progress (4): 295/502 kB | 197/638 kB | 147/177 kB | 61/67 kB
Progress (4): 295/502 kB | 197/638 kB | 147/177 kB | 66/67 kB
Progress (4): 295/502 kB | 197/638 kB | 147/177 kB | 67 kB
Progress (4): 299/502 kB | 197/638 kB | 147/177 kB | 67 kB
Progress (4): 303/502 kB | 197/638 kB | 147/177 kB | 67 kB
Progress (4): 307/502 kB | 197/638 kB | 147/177 kB | 67 kB
Progress (4): 311/502 kB | 197/638 kB | 147/177 kB | 67 kB
Progress (4): 315/502 kB | 197/638 kB | 147/177 kB | 67 kB
Progress (4): 315/502 kB | 201/638 kB | 147/177 kB | 67 kB
Progress (4): 315/502 kB | 205/638 kB | 147/177 kB | 67 kB
Progress (4): 315/502 kB | 209/638 kB | 147/177 kB | 67 kB
Progress (4): 315/502 kB | 213/638 kB | 147/177 kB | 67 kB
Progress (4): 315/502 kB | 217/638 kB | 147/177 kB | 67 kB
Progress (4): 315/502 kB | 221/638 kB | 147/177 kB | 67 kB
Progress (4): 315/502 kB | 225/638 kB | 147/177 kB | 67 kB
Progress (4): 315/502 kB | 229/638 kB | 147/177 kB | 67 kB
Progress (4): 315/502 kB | 233/638 kB | 147/177 kB | 67 kB
Progress (4): 315/502 kB | 238/638 kB | 147/177 kB | 67 kB
Progress (4): 315/502 kB | 242/638 kB | 147/177 kB | 67 kB
Progress (4): 315/502 kB | 246/638 kB | 147/177 kB | 67 kB
Progress (4): 315/502 kB | 246/638 kB | 152/177 kB | 67 kB
Progress (4): 315/502 kB | 246/638 kB | 156/177 kB | 67 kB
Progress (4): 315/502 kB | 246/638 kB | 160/177 kB | 67 kB
Progress (4): 315/502 kB | 246/638 kB | 164/177 kB | 67 kB
Progress (4): 315/502 kB | 246/638 kB | 168/177 kB | 67 kB
Progress (4): 315/502 kB | 246/638 kB | 172/177 kB | 67 kB
Progress (4): 315/502 kB | 246/638 kB | 176/177 kB | 67 kB
Progress (4): 315/502 kB | 246/638 kB | 177 kB | 67 kB

Downloaded from central: https://repo.maven.apache.org/maven2/org/apache/maven/maven-aether-provider/3.3.9/maven-aether-provider-3.3.9.jar (67 kB at 297 kB/s)
Progress (4): 315/502 kB | 246/638 kB | 177 kB | 4.1/173 kB
Progress (4): 315/502 kB | 246/638 kB | 177 kB | 8.2/173 kB
Progress (4): 315/502 kB | 246/638 kB | 177 kB | 12/173 kB
Progress (4): 315/502 kB | 246/638 kB | 177 kB | 16/173 kB
Progress (4): 315/502 kB | 246/638 kB | 177 kB | 20/173 kB
Progress (4): 315/502 kB | 246/638 kB | 177 kB | 25/173 kB
Progress (4): 315/502 kB | 246/638 kB | 177 kB | 29/173 kB
Progress (4): 315/502 kB | 246/638 kB | 177 kB | 33/173 kB
Progress (4): 315/502 kB | 246/638 kB | 177 kB | 36/173 kB
Progress (4): 315/502 kB | 246/638 kB | 177 kB | 40/173 kB
Progress (4): 319/502 kB | 246/638 kB | 177 kB | 40/173 kB
Progress (4): 324/502 kB | 246/638 kB | 177 kB | 40/173 kB
Progress (4): 328/502 kB | 246/638 kB | 177 kB | 40/173 kB
Progress (4): 332/502 kB | 246/638 kB | 177 kB | 40/173 kB
Progress (4): 336/502 kB | 246/638 kB | 177 kB | 40/173 kB
Progress (4): 340/502 kB | 246/638 kB | 177 kB | 40/173 kB
Progress (4): 344/502 kB | 246/638 kB | 177 kB | 40/173 kB
Progress (4): 348/502 kB | 246/638 kB | 177 kB | 40/173 kB
Progress (4): 352/502 kB | 246/638 kB | 177 kB | 40/173 kB
Progress (4): 356/502 kB | 246/638 kB | 177 kB | 40/173 kB
Progress (4): 360/502 kB | 246/638 kB | 177 kB | 40/173 kB
Progress (4): 365/502 kB | 246/638 kB | 177 kB | 40/173 kB
Progress (4): 369/502 kB | 246/638 kB | 177 kB | 40/173 kB
Progress (4): 373/502 kB | 246/638 kB | 177 kB | 40/173 kB
Progress (4): 377/502 kB | 246/638 kB | 177 kB | 40/173 kB
Progress (4): 377/502 kB | 246/638 kB | 177 kB | 44/173 kB
Progress (4): 377/502 kB | 246/638 kB | 177 kB | 48/173 kB
Progress (4): 377/502 kB | 246/638 kB | 177 kB | 52/173 kB
Progress (4): 377/502 kB | 246/638 kB | 177 kB | 57/173 kB

Downloaded from central: https://repo.maven.apache.org/maven2/org/apache/maven/maven-model-builder/3.3.9/maven-model-builder-3.3.9.jar (177 kB at 734 kB/s)
Progress (3): 377/502 kB | 250/638 kB | 57/173 kB

Downloading from central: https://repo.maven.apache.org/maven2/org/eclipse/aether/aether-api/1.0.2.v20150114/aether-api-1.0.2.v20150114.jar
Progress (3): 377/502 kB | 254/638 kB | 57/173 kB
Progress (3): 377/502 kB | 258/638 kB | 57/173 kB
Progress (3): 377/502 kB | 262/638 kB | 57/173 kB
Progress (3): 377/502 kB | 266/638 kB | 57/173 kB
Progress (3): 377/502 kB | 270/638 kB | 57/173 kB
Progress (3): 377/502 kB | 274/638 kB | 57/173 kB
Progress (3): 377/502 kB | 279/638 kB | 57/173 kB
Progress (3): 377/502 kB | 283/638 kB | 57/173 kB
Progress (3): 377/502 kB | 287/638 kB | 57/173 kB
Progress (3): 377/502 kB | 291/638 kB | 57/173 kB
Progress (3): 377/502 kB | 295/638 kB | 57/173 kB
Progress (3): 377/502 kB | 299/638 kB | 57/173 kB
Progress (3): 377/502 kB | 303/638 kB | 57/173 kB
Progress (4): 377/502 kB | 303/638 kB | 57/173 kB | 4.1/136 kB
Progress (4): 377/502 kB | 303/638 kB | 57/173 kB | 8.2/136 kB
Progress (4): 377/502 kB | 303/638 kB | 57/173 kB | 12/136 kB
Progress (4): 377/502 kB | 303/638 kB | 57/173 kB | 16/136 kB

Downloading from central: https://repo.maven.apache.org/maven2/org/eclipse/aether/aether-util/1.0.2.v20150114/aether-util-1.0.2.v20150114.jar
Progress (4): 377/502 kB | 303/638 kB | 57/173 kB | 20/136 kB
Progress (4): 377/502 kB | 303/638 kB | 57/173 kB | 25/136 kB
Progress (4): 377/502 kB | 303/638 kB | 57/173 kB | 29/136 kB
Progress (4): 377/502 kB | 303/638 kB | 57/173 kB | 33/136 kB
Progress (4): 377/502 kB | 303/638 kB | 61/173 kB | 33/136 kB
Progress (4): 377/502 kB | 303/638 kB | 65/173 kB | 33/136 kB
Progress (4): 377/502 kB | 303/638 kB | 69/173 kB | 33/136 kB
Progress (4): 377/502 kB | 303/638 kB | 73/173 kB | 33/136 kB
Progress (4): 377/502 kB | 303/638 kB | 77/173 kB | 33/136 kB
Progress (4): 377/502 kB | 303/638 kB | 81/173 kB | 33/136 kB
Progress (4): 377/502 kB | 303/638 kB | 85/173 kB | 33/136 kB
Progress (5): 377/502 kB | 303/638 kB | 85/173 kB | 33/136 kB | 4.1/147 kB
Progress (5): 377/502 kB | 303/638 kB | 85/173 kB | 33/136 kB | 8.2/147 kB
Progress (5): 377/502 kB | 303/638 kB | 85/173 kB | 33/136 kB | 12/147 kB
Progress (5): 377/502 kB | 303/638 kB | 85/173 kB | 33/136 kB | 16/147 kB
Progress (5): 381/502 kB | 303/638 kB | 85/173 kB | 33/136 kB | 16/147 kB
Progress (5): 385/502 kB | 303/638 kB | 85/173 kB | 33/136 kB | 16/147 kB
Progress (5): 389/502 kB | 303/638 kB | 85/173 kB | 33/136 kB | 16/147 kB
Progress (5): 393/502 kB | 303/638 kB | 85/173 kB | 33/136 kB | 16/147 kB
Progress (5): 397/502 kB | 303/638 kB | 85/173 kB | 33/136 kB | 16/147 kB
Progress (5): 401/502 kB | 303/638 kB | 85/173 kB | 33/136 kB | 16/147 kB
Progress (5): 406/502 kB | 303/638 kB | 85/173 kB | 33/136 kB | 16/147 kB
Progress (5): 410/502 kB | 303/638 kB | 85/173 kB | 33/136 kB | 16/147 kB
Progress (5): 414/502 kB | 303/638 kB | 85/173 kB | 33/136 kB | 16/147 kB
Progress (5): 414/502 kB | 307/638 kB | 85/173 kB | 33/136 kB | 16/147 kB
Progress (5): 414/502 kB | 311/638 kB | 85/173 kB | 33/136 kB | 16/147 kB
Progress (5): 414/502 kB | 315/638 kB | 85/173 kB | 33/136 kB | 16/147 kB
Progress (5): 414/502 kB | 319/638 kB | 85/173 kB | 33/136 kB | 16/147 kB
Progress (5): 414/502 kB | 324/638 kB | 85/173 kB | 33/136 kB | 16/147 kB
Progress (5): 414/502 kB | 328/638 kB | 85/173 kB | 33/136 kB | 16/147 kB
Progress (5): 414/502 kB | 332/638 kB | 85/173 kB | 33/136 kB | 16/147 kB
Progress (5): 414/502 kB | 336/638 kB | 85/173 kB | 33/136 kB | 16/147 kB
Progress (5): 414/502 kB | 340/638 kB | 85/173 kB | 33/136 kB | 16/147 kB
Progress (5): 414/502 kB | 340/638 kB | 89/173 kB | 33/136 kB | 16/147 kB
Progress (5): 414/502 kB | 340/638 kB | 93/173 kB | 33/136 kB | 16/147 kB
Progress (5): 414/502 kB | 340/638 kB | 97/173 kB | 33/136 kB | 16/147 kB
Progress (5): 414/502 kB | 340/638 kB | 102/173 kB | 33/136 kB | 16/147 kB
Progress (5): 414/502 kB | 340/638 kB | 106/173 kB | 33/136 kB | 16/147 kB
Progress (5): 414/502 kB | 340/638 kB | 110/173 kB | 33/136 kB | 16/147 kB
Progress (5): 414/502 kB | 340/638 kB | 114/173 kB | 33/136 kB | 16/147 kB
Progress (5): 414/502 kB | 340/638 kB | 118/173 kB | 33/136 kB | 16/147 kB
Progress (5): 414/502 kB | 340/638 kB | 122/173 kB | 33/136 kB | 16/147 kB
Progress (5): 414/502 kB | 340/638 kB | 126/173 kB | 33/136 kB | 16/147 kB
Progress (5): 414/502 kB | 340/638 kB | 130/173 kB | 33/136 kB | 16/147 kB
Progress (5): 414/502 kB | 340/638 kB | 134/173 kB | 33/136 kB | 16/147 kB
Progress (5): 414/502 kB | 340/638 kB | 134/173 kB | 37/136 kB | 16/147 kB
Progress (5): 414/502 kB | 340/638 kB | 134/173 kB | 41/136 kB | 16/147 kB
Progress (5): 414/502 kB | 340/638 kB | 134/173 kB | 45/136 kB | 16/147 kB
Progress (5): 414/502 kB | 340/638 kB | 134/173 kB | 49/136 kB | 16/147 kB
Progress (5): 414/502 kB | 340/638 kB | 134/173 kB | 53/136 kB | 16/147 kB
Progress (5): 414/502 kB | 340/638 kB | 134/173 kB | 57/136 kB | 16/147 kB
Progress (5): 414/502 kB | 340/638 kB | 134/173 kB | 61/136 kB | 16/147 kB
Progress (5): 414/502 kB | 340/638 kB | 134/173 kB | 66/136 kB | 16/147 kB
Progress (5): 414/502 kB | 340/638 kB | 134/173 kB | 70/136 kB | 16/147 kB
Progress (5): 414/502 kB | 340/638 kB | 134/173 kB | 74/136 kB | 16/147 kB
Progress (5): 414/502 kB | 340/638 kB | 134/173 kB | 78/136 kB | 16/147 kB
Progress (5): 414/502 kB | 340/638 kB | 134/173 kB | 82/136 kB | 16/147 kB
Progress (5): 414/502 kB | 340/638 kB | 134/173 kB | 86/136 kB | 16/147 kB
Progress (5): 414/502 kB | 340/638 kB | 134/173 kB | 90/136 kB | 16/147 kB
Progress (5): 414/502 kB | 340/638 kB | 134/173 kB | 94/136 kB | 16/147 kB
Progress (5): 414/502 kB | 344/638 kB | 134/173 kB | 94/136 kB | 16/147 kB
Progress (5): 418/502 kB | 344/638 kB | 134/173 kB | 94/136 kB | 16/147 kB
Progress (5): 422/502 kB | 344/638 kB | 134/173 kB | 94/136 kB | 16/147 kB
Progress (5): 426/502 kB | 344/638 kB | 134/173 kB | 94/136 kB | 16/147 kB
Progress (5): 430/502 kB | 344/638 kB | 134/173 kB | 94/136 kB | 16/147 kB
Progress (5): 434/502 kB | 344/638 kB | 134/173 kB | 94/136 kB | 16/147 kB
Progress (5): 438/502 kB | 344/638 kB | 134/173 kB | 94/136 kB | 16/147 kB
Progress (5): 442/502 kB | 344/638 kB | 134/173 kB | 94/136 kB | 16/147 kB
Progress (5): 446/502 kB | 344/638 kB | 134/173 kB | 94/136 kB | 16/147 kB
Progress (5): 451/502 kB | 344/638 kB | 134/173 kB | 94/136 kB | 16/147 kB
Progress (5): 455/502 kB | 344/638 kB | 134/173 kB | 94/136 kB | 16/147 kB
Progress (5): 459/502 kB | 344/638 kB | 134/173 kB | 94/136 kB | 16/147 kB
Progress (5): 459/502 kB | 344/638 kB | 134/173 kB | 94/136 kB | 20/147 kB
Progress (5): 459/502 kB | 344/638 kB | 134/173 kB | 94/136 kB | 25/147 kB
Progress (5): 459/502 kB | 344/638 kB | 134/173 kB | 94/136 kB | 29/147 kB
Progress (5): 459/502 kB | 344/638 kB | 134/173 kB | 94/136 kB | 33/147 kB
Progress (5): 459/502 kB | 344/638 kB | 134/173 kB | 94/136 kB | 37/147 kB
Progress (5): 459/502 kB | 344/638 kB | 134/173 kB | 94/136 kB | 41/147 kB
Progress (5): 459/502 kB | 344/638 kB | 134/173 kB | 94/136 kB | 45/147 kB
Progress (5): 459/502 kB | 344/638 kB | 134/173 kB | 94/136 kB | 49/147 kB
Progress (5): 459/502 kB | 344/638 kB | 134/173 kB | 94/136 kB | 53/147 kB
Progress (5): 459/502 kB | 344/638 kB | 134/173 kB | 94/136 kB | 57/147 kB
Progress (5): 459/502 kB | 344/638 kB | 134/173 kB | 94/136 kB | 61/147 kB
Progress (5): 459/502 kB | 344/638 kB | 134/173 kB | 94/136 kB | 66/147 kB
Progress (5): 459/502 kB | 344/638 kB | 134/173 kB | 94/136 kB | 70/147 kB
Progress (5): 459/502 kB | 344/638 kB | 134/173 kB | 94/136 kB | 74/147 kB
Progress (5): 459/502 kB | 344/638 kB | 134/173 kB | 94/136 kB | 78/147 kB
Progress (5): 459/502 kB | 344/638 kB | 134/173 kB | 98/136 kB | 78/147 kB
Progress (5): 459/502 kB | 348/638 kB | 134/173 kB | 98/136 kB | 78/147 kB
Progress (5): 459/502 kB | 352/638 kB | 134/173 kB | 98/136 kB | 78/147 kB
Progress (5): 459/502 kB | 356/638 kB | 134/173 kB | 98/136 kB | 78/147 kB
Progress (5): 459/502 kB | 360/638 kB | 134/173 kB | 98/136 kB | 78/147 kB
Progress (5): 459/502 kB | 365/638 kB | 134/173 kB | 98/136 kB | 78/147 kB
Progress (5): 459/502 kB | 369/638 kB | 134/173 kB | 98/136 kB | 78/147 kB
Progress (5): 459/502 kB | 373/638 kB | 134/173 kB | 98/136 kB | 78/147 kB
Progress (5): 459/502 kB | 377/638 kB | 134/173 kB | 98/136 kB | 78/147 kB
Progress (5): 459/502 kB | 381/638 kB | 134/173 kB | 98/136 kB | 78/147 kB
Progress (5): 459/502 kB | 385/638 kB | 134/173 kB | 98/136 kB | 78/147 kB
Progress (5): 459/502 kB | 385/638 kB | 138/173 kB | 98/136 kB | 78/147 kB
Progress (5): 459/502 kB | 385/638 kB | 143/173 kB | 98/136 kB | 78/147 kB
Progress (5): 459/502 kB | 385/638 kB | 147/173 kB | 98/136 kB | 78/147 kB
Progress (5): 459/502 kB | 385/638 kB | 151/173 kB | 98/136 kB | 78/147 kB
Progress (5): 459/502 kB | 385/638 kB | 155/173 kB | 98/136 kB | 78/147 kB
Progress (5): 459/502 kB | 385/638 kB | 159/173 kB | 98/136 kB | 78/147 kB
Progress (5): 459/502 kB | 385/638 kB | 163/173 kB | 98/136 kB | 78/147 kB
Progress (5): 459/502 kB | 385/638 kB | 167/173 kB | 98/136 kB | 78/147 kB
Progress (5): 459/502 kB | 385/638 kB | 171/173 kB | 98/136 kB | 78/147 kB
Progress (5): 459/502 kB | 385/638 kB | 173 kB | 98/136 kB | 78/147 kB
Progress (5): 459/502 kB | 385/638 kB | 173 kB | 98/136 kB | 82/147 kB
Progress (5): 459/502 kB | 385/638 kB | 173 kB | 102/136 kB | 82/147 kB
Progress (5): 459/502 kB | 385/638 kB | 173 kB | 106/136 kB | 82/147 kB
Progress (5): 459/502 kB | 385/638 kB | 173 kB | 111/136 kB | 82/147 kB
Progress (5): 459/502 kB | 385/638 kB | 173 kB | 115/136 kB | 82/147 kB
Progress (5): 459/502 kB | 385/638 kB | 173 kB | 119/136 kB | 82/147 kB
Progress (5): 463/502 kB | 385/638 kB | 173 kB | 119/136 kB | 82/147 kB
Progress (5): 467/502 kB | 385/638 kB | 173 kB | 119/136 kB | 82/147 kB
Progress (5): 471/502 kB | 385/638 kB | 173 kB | 119/136 kB | 82/147 kB
Progress (5): 475/502 kB | 385/638 kB | 173 kB | 119/136 kB | 82/147 kB
Progress (5): 479/502 kB | 385/638 kB | 173 kB | 119/136 kB | 82/147 kB
Progress (5): 483/502 kB | 385/638 kB | 173 kB | 119/136 kB | 82/147 kB
Progress (5): 487/502 kB | 385/638 kB | 173 kB | 119/136 kB | 82/147 kB
Progress (5): 492/502 kB | 385/638 kB | 173 kB | 119/136 kB | 82/147 kB
Progress (5): 496/502 kB | 385/638 kB | 173 kB | 119/136 kB | 82/147 kB
Progress (5): 500/502 kB | 385/638 kB | 173 kB | 119/136 kB | 82/147 kB
Progress (5): 500/502 kB | 385/638 kB | 173 kB | 119/136 kB | 86/147 kB
Progress (5): 500/502 kB | 385/638 kB | 173 kB | 119/136 kB | 90/147 kB
Progress (5): 500/502 kB | 385/638 kB | 173 kB | 119/136 kB | 94/147 kB
Progress (5): 500/502 kB | 385/638 kB | 173 kB | 119/136 kB | 98/147 kB
Progress (5): 500/502 kB | 385/638 kB | 173 kB | 119/136 kB | 102/147 kB
Progress (5): 500/502 kB | 385/638 kB | 173 kB | 119/136 kB | 106/147 kB
Progress (5): 500/502 kB | 385/638 kB | 173 kB | 119/136 kB | 111/147 kB
Progress (5): 500/502 kB | 385/638 kB | 173 kB | 119/136 kB | 115/147 kB
Progress (5): 500/502 kB | 385/638 kB | 173 kB | 119/136 kB | 119/147 kB
Progress (5): 500/502 kB | 389/638 kB | 173 kB | 119/136 kB | 119/147 kB
Progress (5): 500/502 kB | 393/638 kB | 173 kB | 119/136 kB | 119/147 kB
Progress (5): 500/502 kB | 397/638 kB | 173 kB | 119/136 kB | 119/147 kB
Progress (5): 500/502 kB | 401/638 kB | 173 kB | 119/136 kB | 119/147 kB
Progress (5): 500/502 kB | 406/638 kB | 173 kB | 119/136 kB | 119/147 kB
Progress (5): 500/502 kB | 410/638 kB | 173 kB | 119/136 kB | 119/147 kB
Progress (5): 500/502 kB | 414/638 kB | 173 kB | 119/136 kB | 119/147 kB
Progress (5): 500/502 kB | 418/638 kB | 173 kB | 119/136 kB | 119/147 kB
Progress (5): 500/502 kB | 422/638 kB | 173 kB | 119/136 kB | 119/147 kB
Progress (5): 500/502 kB | 426/638 kB | 173 kB | 119/136 kB | 119/147 kB
Progress (5): 500/502 kB | 430/638 kB | 173 kB | 119/136 kB | 119/147 kB
Progress (5): 500/502 kB | 434/638 kB | 173 kB | 119/136 kB | 119/147 kB
Progress (5): 500/502 kB | 438/638 kB | 173 kB | 119/136 kB | 119/147 kB
Progress (5): 500/502 kB | 442/638 kB | 173 kB | 119/136 kB | 119/147 kB
Progress (5): 500/502 kB | 446/638 kB | 173 kB | 119/136 kB | 119/147 kB
Progress (5): 500/502 kB | 451/638 kB | 173 kB | 119/136 kB | 119/147 kB
Progress (5): 502 kB | 451/638 kB | 173 kB | 119/136 kB | 119/147 kB

Downloaded from central: https://repo.maven.apache.org/maven2/org/eclipse/aether/aether-impl/1.0.2.v20150114/aether-impl-1.0.2.v20150114.jar (173 kB at 527 kB/s)
Progress (4): 502 kB | 451/638 kB | 123/136 kB | 119/147 kB
Progress (4): 502 kB | 451/638 kB | 127/136 kB | 119/147 kB
Progress (4): 502 kB | 451/638 kB | 131/136 kB | 119/147 kB
Progress (4): 502 kB | 451/638 kB | 135/136 kB | 119/147 kB
Progress (4): 502 kB | 451/638 kB | 136 kB | 119/147 kB

Downloading from central: https://repo.maven.apache.org/maven2/org/eclipse/sisu/org.eclipse.sisu.plexus/0.3.2/org.eclipse.sisu.plexus-0.3.2.jar
Progress (4): 502 kB | 451/638 kB | 136 kB | 123/147 kB
Progress (4): 502 kB | 451/638 kB | 136 kB | 127/147 kB
Progress (4): 502 kB | 451/638 kB | 136 kB | 131/147 kB
Progress (4): 502 kB | 451/638 kB | 136 kB | 135/147 kB
Progress (4): 502 kB | 451/638 kB | 136 kB | 139/147 kB
Progress (4): 502 kB | 451/638 kB | 136 kB | 143/147 kB
Progress (5): 502 kB | 451/638 kB | 136 kB | 143/147 kB | 4.1/205 kB
Progress (5): 502 kB | 451/638 kB | 136 kB | 143/147 kB | 8.2/205 kB
Progress (5): 502 kB | 451/638 kB | 136 kB | 143/147 kB | 12/205 kB
Progress (5): 502 kB | 451/638 kB | 136 kB | 143/147 kB | 16/205 kB
Progress (5): 502 kB | 451/638 kB | 136 kB | 143/147 kB | 20/205 kB
Progress (5): 502 kB | 451/638 kB | 136 kB | 143/147 kB | 25/205 kB
Progress (5): 502 kB | 451/638 kB | 136 kB | 143/147 kB | 29/205 kB
Progress (5): 502 kB | 451/638 kB | 136 kB | 143/147 kB | 33/205 kB
Progress (5): 502 kB | 451/638 kB | 136 kB | 143/147 kB | 37/205 kB
Progress (5): 502 kB | 451/638 kB | 136 kB | 143/147 kB | 41/205 kB

Downloaded from central: https://repo.maven.apache.org/maven2/org/eclipse/aether/aether-api/1.0.2.v20150114/aether-api-1.0.2.v20150114.jar (136 kB at 399 kB/s)
Downloading from central: https://repo.maven.apache.org/maven2/javax/enterprise/cdi-api/1.0/cdi-api-1.0.jar
Downloaded from central: https://repo.maven.apache.org/maven2/org/apache/commons/commons-lang3/3.8.1/commons-lang3-3.8.1.jar (502 kB at 1.5 MB/s)
Downloading from central: https://repo.maven.apache.org/maven2/javax/annotation/jsr250-api/1.0/jsr250-api-1.0.jar
Progress (3): 451/638 kB | 147 kB | 41/205 kB
Progress (3): 455/638 kB | 147 kB | 41/205 kB
Progress (3): 459/638 kB | 147 kB | 41/205 kB
Progress (3): 463/638 kB | 147 kB | 41/205 kB
Progress (4): 463/638 kB | 147 kB | 41/205 kB | 4.1/5.8 kB
Progress (4): 463/638 kB | 147 kB | 41/205 kB | 5.8 kB
Progress (5): 463/638 kB | 147 kB | 41/205 kB | 5.8 kB | 4.1/45 kB
Progress (5): 463/638 kB | 147 kB | 41/205 kB | 5.8 kB | 8.2/45 kB
Progress (5): 463/638 kB | 147 kB | 41/205 kB | 5.8 kB | 12/45 kB
Progress (5): 463/638 kB | 147 kB | 41/205 kB | 5.8 kB | 16/45 kB
Progress (5): 463/638 kB | 147 kB | 41/205 kB | 5.8 kB | 20/45 kB
Progress (5): 463/638 kB | 147 kB | 41/205 kB | 5.8 kB | 25/45 kB
Progress (5): 463/638 kB | 147 kB | 41/205 kB | 5.8 kB | 29/45 kB
Progress (5): 463/638 kB | 147 kB | 41/205 kB | 5.8 kB | 33/45 kB
Progress (5): 463/638 kB | 147 kB | 41/205 kB | 5.8 kB | 37/45 kB
Progress (5): 463/638 kB | 147 kB | 41/205 kB | 5.8 kB | 41/45 kB
Progress (5): 463/638 kB | 147 kB | 41/205 kB | 5.8 kB | 45 kB

Downloaded from central: https://repo.maven.apache.org/maven2/javax/annotation/jsr250-api/1.0/jsr250-api-1.0.jar (5.8 kB at 16 kB/s)
Progress (4): 463/638 kB | 147 kB | 45/205 kB | 45 kB
Progress (4): 463/638 kB | 147 kB | 49/205 kB | 45 kB
Progress (4): 463/638 kB | 147 kB | 53/205 kB | 45 kB
Progress (4): 467/638 kB | 147 kB | 53/205 kB | 45 kB
Progress (4): 471/638 kB | 147 kB | 53/205 kB | 45 kB
Progress (4): 475/638 kB | 147 kB | 53/205 kB | 45 kB
Progress (4): 479/638 kB | 147 kB | 53/205 kB | 45 kB
Progress (4): 483/638 kB | 147 kB | 53/205 kB | 45 kB
Progress (4): 487/638 kB | 147 kB | 53/205 kB | 45 kB
Progress (4): 492/638 kB | 147 kB | 53/205 kB | 45 kB
Progress (4): 496/638 kB | 147 kB | 53/205 kB | 45 kB
Progress (4): 500/638 kB | 147 kB | 53/205 kB | 45 kB
Progress (4): 504/638 kB | 147 kB | 53/205 kB | 45 kB
Progress (4): 508/638 kB | 147 kB | 53/205 kB | 45 kB
Progress (4): 512/638 kB | 147 kB | 53/205 kB | 45 kB
Progress (4): 516/638 kB | 147 kB | 53/205 kB | 45 kB
Progress (4): 520/638 kB | 147 kB | 53/205 kB | 45 kB
Progress (4): 524/638 kB | 147 kB | 53/205 kB | 45 kB
Progress (4): 528/638 kB | 147 kB | 53/205 kB | 45 kB
Progress (4): 532/638 kB | 147 kB | 53/205 kB | 45 kB

Downloading from central: https://repo.maven.apache.org/maven2/org/eclipse/sisu/org.eclipse.sisu.inject/0.3.2/org.eclipse.sisu.inject-0.3.2.jar
Progress (4): 532/638 kB | 147 kB | 57/205 kB | 45 kB
Progress (4): 532/638 kB | 147 kB | 61/205 kB | 45 kB
Progress (4): 532/638 kB | 147 kB | 66/205 kB | 45 kB
Progress (4): 532/638 kB | 147 kB | 70/205 kB | 45 kB
Progress (4): 532/638 kB | 147 kB | 74/205 kB | 45 kB
Progress (4): 532/638 kB | 147 kB | 78/205 kB | 45 kB
Progress (4): 532/638 kB | 147 kB | 82/205 kB | 45 kB

Downloaded from central: https://repo.maven.apache.org/maven2/javax/enterprise/cdi-api/1.0/cdi-api-1.0.jar (45 kB at 120 kB/s)
Downloaded from central: https://repo.maven.apache.org/maven2/org/eclipse/aether/aether-util/1.0.2.v20150114/aether-util-1.0.2.v20150114.jar (147 kB at 392 kB/s)
Downloading from central: https://repo.maven.apache.org/maven2/com/google/inject/guice/4.0/guice-4.0-no_aop.jar
Progress (3): 532/638 kB | 82/205 kB | 4.1/378 kB
Progress (3): 532/638 kB | 82/205 kB | 8.2/378 kB
Progress (3): 532/638 kB | 82/205 kB | 12/378 kB
Progress (3): 532/638 kB | 82/205 kB | 16/378 kB
Progress (3): 532/638 kB | 82/205 kB | 20/378 kB
Progress (3): 532/638 kB | 82/205 kB | 25/378 kB
Progress (3): 532/638 kB | 82/205 kB | 29/378 kB
Progress (3): 532/638 kB | 82/205 kB | 33/378 kB
Progress (3): 532/638 kB | 82/205 kB | 37/378 kB
Progress (3): 532/638 kB | 82/205 kB | 41/378 kB
Progress (3): 532/638 kB | 82/205 kB | 45/378 kB
Progress (3): 532/638 kB | 82/205 kB | 49/378 kB

Downloading from central: https://repo.maven.apache.org/maven2/javax/inject/javax.inject/1/javax.inject-1.jar
Progress (4): 532/638 kB | 82/205 kB | 49/378 kB | 4.1/424 kB
Progress (4): 532/638 kB | 82/205 kB | 49/378 kB | 8.2/424 kB
Progress (4): 532/638 kB | 82/205 kB | 49/378 kB | 12/424 kB
Progress (4): 532/638 kB | 82/205 kB | 49/378 kB | 16/424 kB
Progress (4): 532/638 kB | 82/205 kB | 49/378 kB | 20/424 kB
Progress (5): 532/638 kB | 82/205 kB | 49/378 kB | 20/424 kB | 2.5 kB
Progress (5): 532/638 kB | 86/205 kB | 49/378 kB | 20/424 kB | 2.5 kB
Progress (5): 532/638 kB | 90/205 kB | 49/378 kB | 20/424 kB | 2.5 kB
Progress (5): 532/638 kB | 94/205 kB | 49/378 kB | 20/424 kB | 2.5 kB
Progress (5): 532/638 kB | 98/205 kB | 49/378 kB | 20/424 kB | 2.5 kB
Progress (5): 532/638 kB | 102/205 kB | 49/378 kB | 20/424 kB | 2.5 kB
Progress (5): 532/638 kB | 102/205 kB | 49/378 kB | 25/424 kB | 2.5 kB
Progress (5): 532/638 kB | 102/205 kB | 49/378 kB | 29/424 kB | 2.5 kB
Progress (5): 532/638 kB | 102/205 kB | 49/378 kB | 33/424 kB | 2.5 kB
Progress (5): 532/638 kB | 102/205 kB | 49/378 kB | 37/424 kB | 2.5 kB
Progress (5): 532/638 kB | 102/205 kB | 49/378 kB | 41/424 kB | 2.5 kB
Progress (5): 532/638 kB | 102/205 kB | 49/378 kB | 45/424 kB | 2.5 kB
Progress (5): 532/638 kB | 102/205 kB | 49/378 kB | 49/424 kB | 2.5 kB
Progress (5): 532/638 kB | 102/205 kB | 49/378 kB | 53/424 kB | 2.5 kB
Progress (5): 532/638 kB | 102/205 kB | 49/378 kB | 57/424 kB | 2.5 kB
Progress (5): 532/638 kB | 102/205 kB | 53/378 kB | 57/424 kB | 2.5 kB
Progress (5): 532/638 kB | 102/205 kB | 57/378 kB | 57/424 kB | 2.5 kB
Progress (5): 532/638 kB | 102/205 kB | 61/378 kB | 57/424 kB | 2.5 kB
Progress (5): 532/638 kB | 102/205 kB | 66/378 kB | 57/424 kB | 2.5 kB

Downloaded from central: https://repo.maven.apache.org/maven2/javax/inject/javax.inject/1/javax.inject-1.jar (2.5 kB at 6.2 kB/s)
Progress (4): 537/638 kB | 102/205 kB | 66/378 kB | 57/424 kB
Progress (4): 541/638 kB | 102/205 kB | 66/378 kB | 57/424 kB
Progress (4): 545/638 kB | 102/205 kB | 66/378 kB | 57/424 kB
Progress (4): 549/638 kB | 102/205 kB | 66/378 kB | 57/424 kB
Progress (4): 553/638 kB | 102/205 kB | 66/378 kB | 57/424 kB
Progress (4): 557/638 kB | 102/205 kB | 66/378 kB | 57/424 kB
Progress (4): 561/638 kB | 102/205 kB | 66/378 kB | 57/424 kB
Progress (4): 565/638 kB | 102/205 kB | 66/378 kB | 57/424 kB
Progress (4): 565/638 kB | 106/205 kB | 66/378 kB | 57/424 kB
Progress (4): 565/638 kB | 111/205 kB | 66/378 kB | 57/424 kB
Progress (4): 565/638 kB | 115/205 kB | 66/378 kB | 57/424 kB

Downloading from central: https://repo.maven.apache.org/maven2/aopalliance/aopalliance/1.0/aopalliance-1.0.jar
Progress (4): 565/638 kB | 119/205 kB | 66/378 kB | 57/424 kB
Progress (4): 565/638 kB | 123/205 kB | 66/378 kB | 57/424 kB
Progress (4): 565/638 kB | 127/205 kB | 66/378 kB | 57/424 kB
Progress (4): 565/638 kB | 131/205 kB | 66/378 kB | 57/424 kB
Progress (4): 565/638 kB | 131/205 kB | 66/378 kB | 61/424 kB
Progress (4): 565/638 kB | 131/205 kB | 66/378 kB | 66/424 kB
Progress (4): 565/638 kB | 131/205 kB | 70/378 kB | 66/424 kB
Progress (4): 565/638 kB | 131/205 kB | 74/378 kB | 66/424 kB
Progress (4): 565/638 kB | 131/205 kB | 78/378 kB | 66/424 kB
Progress (4): 565/638 kB | 131/205 kB | 82/378 kB | 66/424 kB
Progress (5): 565/638 kB | 131/205 kB | 82/378 kB | 66/424 kB | 4.1/4.5 kB
Progress (5): 565/638 kB | 131/205 kB | 82/378 kB | 66/424 kB | 4.5 kB
Progress (5): 569/638 kB | 131/205 kB | 82/378 kB | 66/424 kB | 4.5 kB
Progress (5): 573/638 kB | 131/205 kB | 82/378 kB | 66/424 kB | 4.5 kB
Progress (5): 578/638 kB | 131/205 kB | 82/378 kB | 66/424 kB | 4.5 kB
Progress (5): 582/638 kB | 131/205 kB | 82/378 kB | 66/424 kB | 4.5 kB
Progress (5): 582/638 kB | 131/205 kB | 82/378 kB | 70/424 kB | 4.5 kB
Progress (5): 582/638 kB | 131/205 kB | 82/378 kB | 74/424 kB | 4.5 kB
Progress (5): 582/638 kB | 131/205 kB | 82/378 kB | 78/424 kB | 4.5 kB
Progress (5): 582/638 kB | 131/205 kB | 82/378 kB | 82/424 kB | 4.5 kB
Progress (5): 582/638 kB | 131/205 kB | 82/378 kB | 86/424 kB | 4.5 kB
Progress (5): 582/638 kB | 135/205 kB | 82/378 kB | 86/424 kB | 4.5 kB
Progress (5): 582/638 kB | 139/205 kB | 82/378 kB | 86/424 kB | 4.5 kB
Progress (5): 582/638 kB | 143/205 kB | 82/378 kB | 86/424 kB | 4.5 kB
Progress (5): 582/638 kB | 147/205 kB | 82/378 kB | 86/424 kB | 4.5 kB
Progress (5): 582/638 kB | 152/205 kB | 82/378 kB | 86/424 kB | 4.5 kB
Progress (5): 582/638 kB | 156/205 kB | 82/378 kB | 86/424 kB | 4.5 kB
Progress (5): 582/638 kB | 160/205 kB | 82/378 kB | 86/424 kB | 4.5 kB
Progress (5): 582/638 kB | 164/205 kB | 82/378 kB | 86/424 kB | 4.5 kB
Progress (5): 582/638 kB | 168/205 kB | 82/378 kB | 86/424 kB | 4.5 kB
Progress (5): 582/638 kB | 172/205 kB | 82/378 kB | 86/424 kB | 4.5 kB
Progress (5): 582/638 kB | 176/205 kB | 82/378 kB | 86/424 kB | 4.5 kB
Progress (5): 582/638 kB | 180/205 kB | 82/378 kB | 86/424 kB | 4.5 kB
Progress (5): 582/638 kB | 180/205 kB | 86/378 kB | 86/424 kB | 4.5 kB
Progress (5): 582/638 kB | 180/205 kB | 90/378 kB | 86/424 kB | 4.5 kB
Progress (5): 582/638 kB | 180/205 kB | 94/378 kB | 86/424 kB | 4.5 kB
Progress (5): 582/638 kB | 180/205 kB | 98/378 kB | 86/424 kB | 4.5 kB
Progress (5): 582/638 kB | 180/205 kB | 102/378 kB | 86/424 kB | 4.5 kB
Progress (5): 582/638 kB | 180/205 kB | 106/378 kB | 86/424 kB | 4.5 kB
Progress (5): 582/638 kB | 180/205 kB | 111/378 kB | 86/424 kB | 4.5 kB
Progress (5): 582/638 kB | 180/205 kB | 115/378 kB | 86/424 kB | 4.5 kB
Progress (5): 582/638 kB | 180/205 kB | 119/378 kB | 86/424 kB | 4.5 kB
Progress (5): 582/638 kB | 180/205 kB | 123/378 kB | 86/424 kB | 4.5 kB
Progress (5): 582/638 kB | 180/205 kB | 127/378 kB | 86/424 kB | 4.5 kB
Progress (5): 582/638 kB | 180/205 kB | 131/378 kB | 86/424 kB | 4.5 kB
Progress (5): 582/638 kB | 180/205 kB | 135/378 kB | 86/424 kB | 4.5 kB
Progress (5): 582/638 kB | 180/205 kB | 139/378 kB | 86/424 kB | 4.5 kB
Progress (5): 582/638 kB | 180/205 kB | 143/378 kB | 86/424 kB | 4.5 kB
Progress (5): 582/638 kB | 180/205 kB | 147/378 kB | 86/424 kB | 4.5 kB

Downloaded from central: https://repo.maven.apache.org/maven2/aopalliance/aopalliance/1.0/aopalliance-1.0.jar (4.5 kB at 10 kB/s)
Downloading from central: https://repo.maven.apache.org/maven2/org/codehaus/plexus/plexus-classworlds/2.5.2/plexus-classworlds-2.5.2.jar
Progress (4): 586/638 kB | 180/205 kB | 147/378 kB | 86/424 kB
Progress (4): 590/638 kB | 180/205 kB | 147/378 kB | 86/424 kB
Progress (4): 594/638 kB | 180/205 kB | 147/378 kB | 86/424 kB
Progress (4): 598/638 kB | 180/205 kB | 147/378 kB | 86/424 kB
Progress (4): 602/638 kB | 180/205 kB | 147/378 kB | 86/424 kB
Progress (4): 606/638 kB | 180/205 kB | 147/378 kB | 86/424 kB
Progress (4): 610/638 kB | 180/205 kB | 147/378 kB | 86/424 kB
Progress (4): 614/638 kB | 180/205 kB | 147/378 kB | 86/424 kB
Progress (4): 618/638 kB | 180/205 kB | 147/378 kB | 86/424 kB
Progress (4): 623/638 kB | 180/205 kB | 147/378 kB | 86/424 kB
Progress (4): 627/638 kB | 180/205 kB | 147/378 kB | 86/424 kB
Progress (4): 631/638 kB | 180/205 kB | 147/378 kB | 86/424 kB
Progress (4): 635/638 kB | 180/205 kB | 147/378 kB | 86/424 kB
Progress (4): 638 kB | 180/205 kB | 147/378 kB | 86/424 kB
Progress (4): 638 kB | 184/205 kB | 147/378 kB | 86/424 kB
Progress (4): 638 kB | 184/205 kB | 147/378 kB | 90/424 kB
Progress (4): 638 kB | 184/205 kB | 147/378 kB | 94/424 kB
Progress (4): 638 kB | 184/205 kB | 147/378 kB | 98/424 kB
Progress (4): 638 kB | 184/205 kB | 147/378 kB | 102/424 kB
Progress (4): 638 kB | 184/205 kB | 147/378 kB | 106/424 kB
Progress (4): 638 kB | 184/205 kB | 147/378 kB | 111/424 kB
Progress (4): 638 kB | 184/205 kB | 147/378 kB | 115/424 kB
Progress (4): 638 kB | 184/205 kB | 147/378 kB | 119/424 kB
Progress (4): 638 kB | 184/205 kB | 147/378 kB | 123/424 kB
Progress (4): 638 kB | 184/205 kB | 147/378 kB | 127/424 kB
Progress (4): 638 kB | 184/205 kB | 147/378 kB | 131/424 kB
Progress (4): 638 kB | 184/205 kB | 147/378 kB | 135/424 kB
Progress (4): 638 kB | 184/205 kB | 147/378 kB | 139/424 kB
Progress (4): 638 kB | 184/205 kB | 147/378 kB | 143/424 kB
Progress (4): 638 kB | 184/205 kB | 147/378 kB | 147/424 kB
Progress (4): 638 kB | 184/205 kB | 147/378 kB | 152/424 kB
Progress (4): 638 kB | 184/205 kB | 147/378 kB | 156/424 kB
Progress (4): 638 kB | 184/205 kB | 147/378 kB | 160/424 kB
Progress (4): 638 kB | 184/205 kB | 147/378 kB | 164/424 kB
Progress (4): 638 kB | 188/205 kB | 147/378 kB | 164/424 kB
Progress (4): 638 kB | 193/205 kB | 147/378 kB | 164/424 kB
Progress (4): 638 kB | 197/205 kB | 147/378 kB | 164/424 kB
Progress (4): 638 kB | 201/205 kB | 147/378 kB | 164/424 kB
Progress (4): 638 kB | 205/205 kB | 147/378 kB | 164/424 kB
Progress (4): 638 kB | 205 kB | 147/378 kB | 164/424 kB
Progress (4): 638 kB | 205 kB | 152/378 kB | 164/424 kB
Progress (4): 638 kB | 205 kB | 156/378 kB | 164/424 kB
Progress (4): 638 kB | 205 kB | 160/378 kB | 164/424 kB
Progress (4): 638 kB | 205 kB | 164/378 kB | 164/424 kB
Progress (4): 638 kB | 205 kB | 168/378 kB | 164/424 kB
Progress (4): 638 kB | 205 kB | 172/378 kB | 164/424 kB
Progress (4): 638 kB | 205 kB | 176/378 kB | 164/424 kB
Progress (4): 638 kB | 205 kB | 180/378 kB | 164/424 kB
Progress (4): 638 kB | 205 kB | 180/378 kB | 168/424 kB
Progress (5): 638 kB | 205 kB | 180/378 kB | 168/424 kB | 4.1/53 kB
Progress (5): 638 kB | 205 kB | 180/378 kB | 168/424 kB | 8.2/53 kB
Progress (5): 638 kB | 205 kB | 180/378 kB | 168/424 kB | 12/53 kB
Progress (5): 638 kB | 205 kB | 180/378 kB | 168/424 kB | 16/53 kB
Progress (5): 638 kB | 205 kB | 180/378 kB | 168/424 kB | 20/53 kB
Progress (5): 638 kB | 205 kB | 180/378 kB | 168/424 kB | 25/53 kB
Progress (5): 638 kB | 205 kB | 180/378 kB | 168/424 kB | 29/53 kB
Progress (5): 638 kB | 205 kB | 180/378 kB | 168/424 kB | 33/53 kB

Downloaded from central: https://repo.maven.apache.org/maven2/org/eclipse/sisu/org.eclipse.sisu.plexus/0.3.2/org.eclipse.sisu.plexus-0.3.2.jar (205 kB at 448 kB/s)
Downloading from central: https://repo.maven.apache.org/maven2/org/codehaus/plexus/plexus-component-annotations/1.6/plexus-component-annotations-1.6.jar
Progress (4): 638 kB | 184/378 kB | 168/424 kB | 33/53 kB
Progress (4): 638 kB | 188/378 kB | 168/424 kB | 33/53 kB
Progress (4): 638 kB | 193/378 kB | 168/424 kB | 33/53 kB
Progress (4): 638 kB | 197/378 kB | 168/424 kB | 33/53 kB
Progress (4): 638 kB | 201/378 kB | 168/424 kB | 33/53 kB
Progress (4): 638 kB | 205/378 kB | 168/424 kB | 33/53 kB
Progress (4): 638 kB | 209/378 kB | 168/424 kB | 33/53 kB
Progress (4): 638 kB | 213/378 kB | 168/424 kB | 33/53 kB
Progress (4): 638 kB | 213/378 kB | 172/424 kB | 33/53 kB
Progress (4): 638 kB | 213/378 kB | 176/424 kB | 33/53 kB
Progress (4): 638 kB | 213/378 kB | 180/424 kB | 33/53 kB
Progress (4): 638 kB | 213/378 kB | 184/424 kB | 33/53 kB
Progress (4): 638 kB | 213/378 kB | 188/424 kB | 33/53 kB
Progress (4): 638 kB | 213/378 kB | 193/424 kB | 33/53 kB
Progress (4): 638 kB | 213/378 kB | 197/424 kB | 33/53 kB
Progress (4): 638 kB | 213/378 kB | 201/424 kB | 33/53 kB
Progress (4): 638 kB | 213/378 kB | 205/424 kB | 33/53 kB
Progress (4): 638 kB | 213/378 kB | 209/424 kB | 33/53 kB
Progress (4): 638 kB | 213/378 kB | 213/424 kB | 33/53 kB
Progress (4): 638 kB | 213/378 kB | 217/424 kB | 33/53 kB
Progress (4): 638 kB | 213/378 kB | 221/424 kB | 33/53 kB
Progress (4): 638 kB | 213/378 kB | 221/424 kB | 37/53 kB
Progress (4): 638 kB | 213/378 kB | 221/424 kB | 41/53 kB
Progress (4): 638 kB | 213/378 kB | 221/424 kB | 45/53 kB
Progress (4): 638 kB | 213/378 kB | 221/424 kB | 49/53 kB
Progress (4): 638 kB | 213/378 kB | 221/424 kB | 53 kB

Downloaded from central: https://repo.maven.apache.org/maven2/org/apache/maven/maven-core/3.3.9/maven-core-3.3.9.jar (638 kB at 1.4 MB/s)
Downloading from central: https://repo.maven.apache.org/maven2/org/apache/maven/maven-model/3.3.9/maven-model-3.3.9.jar
Progress (4): 213/378 kB | 221/424 kB | 53 kB | 4.1/4.3 kB
Progress (4): 213/378 kB | 221/424 kB | 53 kB | 4.3 kB
Progress (4): 217/378 kB | 221/424 kB | 53 kB | 4.3 kB
Progress (4): 221/378 kB | 221/424 kB | 53 kB | 4.3 kB
Progress (4): 225/378 kB | 221/424 kB | 53 kB | 4.3 kB
Progress (4): 229/378 kB | 221/424 kB | 53 kB | 4.3 kB
Progress (4): 233/378 kB | 221/424 kB | 53 kB | 4.3 kB
Progress (5): 233/378 kB | 221/424 kB | 53 kB | 4.3 kB | 4.1/164 kB
Progress (5): 233/378 kB | 221/424 kB | 53 kB | 4.3 kB | 8.2/164 kB
Progress (5): 233/378 kB | 221/424 kB | 53 kB | 4.3 kB | 12/164 kB
Progress (5): 233/378 kB | 221/424 kB | 53 kB | 4.3 kB | 16/164 kB
Progress (5): 233/378 kB | 221/424 kB | 53 kB | 4.3 kB | 20/164 kB

Downloaded from central: https://repo.maven.apache.org/maven2/org/codehaus/plexus/plexus-component-annotations/1.6/plexus-component-annotations-1.6.jar (4.3 kB at 8.4 kB/s)
Downloading from central: https://repo.maven.apache.org/maven2/org/apache/maven/maven-plugin-api/3.3.9/maven-plugin-api-3.3.9.jar
Progress (4): 233/378 kB | 225/424 kB | 53 kB | 20/164 kB
Progress (4): 233/378 kB | 229/424 kB | 53 kB | 20/164 kB
Progress (4): 233/378 kB | 233/424 kB | 53 kB | 20/164 kB
Progress (4): 233/378 kB | 238/424 kB | 53 kB | 20/164 kB
Progress (4): 233/378 kB | 242/424 kB | 53 kB | 20/164 kB
Progress (4): 233/378 kB | 246/424 kB | 53 kB | 20/164 kB
Progress (4): 233/378 kB | 250/424 kB | 53 kB | 20/164 kB
Progress (4): 233/378 kB | 254/424 kB | 53 kB | 20/164 kB
Progress (4): 233/378 kB | 258/424 kB | 53 kB | 20/164 kB
Progress (4): 233/378 kB | 262/424 kB | 53 kB | 20/164 kB
Progress (4): 233/378 kB | 266/424 kB | 53 kB | 20/164 kB
Progress (4): 233/378 kB | 270/424 kB | 53 kB | 20/164 kB
Progress (4): 233/378 kB | 274/424 kB | 53 kB | 20/164 kB
Progress (4): 238/378 kB | 274/424 kB | 53 kB | 20/164 kB
Progress (4): 242/378 kB | 274/424 kB | 53 kB | 20/164 kB
Progress (4): 246/378 kB | 274/424 kB | 53 kB | 20/164 kB
Progress (4): 250/378 kB | 274/424 kB | 53 kB | 20/164 kB

Downloaded from central: https://repo.maven.apache.org/maven2/org/codehaus/plexus/plexus-classworlds/2.5.2/plexus-classworlds-2.5.2.jar (53 kB at 99 kB/s)
Downloading from central: https://repo.maven.apache.org/maven2/org/apache/maven/maven-settings/3.3.9/maven-settings-3.3.9.jar
Progress (3): 254/378 kB | 274/424 kB | 20/164 kB
Progress (3): 258/378 kB | 274/424 kB | 20/164 kB
Progress (3): 262/378 kB | 274/424 kB | 20/164 kB
Progress (3): 266/378 kB | 274/424 kB | 20/164 kB
Progress (3): 270/378 kB | 274/424 kB | 20/164 kB
Progress (3): 274/378 kB | 274/424 kB | 20/164 kB
Progress (3): 279/378 kB | 274/424 kB | 20/164 kB
Progress (3): 283/378 kB | 274/424 kB | 20/164 kB
Progress (4): 283/378 kB | 274/424 kB | 20/164 kB | 4.1/47 kB
Progress (4): 283/378 kB | 274/424 kB | 20/164 kB | 8.2/47 kB
Progress (4): 283/378 kB | 274/424 kB | 20/164 kB | 12/47 kB
Progress (4): 283/378 kB | 274/424 kB | 20/164 kB | 16/47 kB
Progress (4): 283/378 kB | 274/424 kB | 20/164 kB | 20/47 kB
Progress (4): 283/378 kB | 274/424 kB | 20/164 kB | 25/47 kB
Progress (4): 283/378 kB | 274/424 kB | 25/164 kB | 25/47 kB
Progress (4): 283/378 kB | 274/424 kB | 29/164 kB | 25/47 kB
Progress (4): 283/378 kB | 274/424 kB | 33/164 kB | 25/47 kB
Progress (4): 283/378 kB | 274/424 kB | 37/164 kB | 25/47 kB
Progress (4): 283/378 kB | 274/424 kB | 41/164 kB | 25/47 kB
Progress (4): 283/378 kB | 274/424 kB | 45/164 kB | 25/47 kB
Progress (4): 283/378 kB | 274/424 kB | 49/164 kB | 25/47 kB
Progress (4): 283/378 kB | 274/424 kB | 53/164 kB | 25/47 kB
Progress (4): 283/378 kB | 274/424 kB | 57/164 kB | 25/47 kB
Progress (4): 283/378 kB | 274/424 kB | 61/164 kB | 25/47 kB
Progress (4): 283/378 kB | 274/424 kB | 66/164 kB | 25/47 kB
Progress (4): 283/378 kB | 274/424 kB | 70/164 kB | 25/47 kB
Progress (5): 283/378 kB | 274/424 kB | 70/164 kB | 25/47 kB | 4.1/44 kB
Progress (5): 283/378 kB | 274/424 kB | 70/164 kB | 25/47 kB | 8.2/44 kB
Progress (5): 283/378 kB | 274/424 kB | 70/164 kB | 25/47 kB | 12/44 kB
Progress (5): 283/378 kB | 274/424 kB | 70/164 kB | 25/47 kB | 16/44 kB
Progress (5): 283/378 kB | 274/424 kB | 70/164 kB | 25/47 kB | 20/44 kB
Progress (5): 283/378 kB | 274/424 kB | 70/164 kB | 25/47 kB | 25/44 kB
Progress (5): 283/378 kB | 274/424 kB | 70/164 kB | 25/47 kB | 29/44 kB
Progress (5): 283/378 kB | 274/424 kB | 70/164 kB | 25/47 kB | 33/44 kB
Progress (5): 283/378 kB | 274/424 kB | 70/164 kB | 25/47 kB | 37/44 kB
Progress (5): 283/378 kB | 274/424 kB | 70/164 kB | 25/47 kB | 41/44 kB
Progress (5): 283/378 kB | 274/424 kB | 70/164 kB | 25/47 kB | 44 kB
Progress (5): 283/378 kB | 274/424 kB | 70/164 kB | 29/47 kB | 44 kB
Progress (5): 283/378 kB | 274/424 kB | 70/164 kB | 33/47 kB | 44 kB
Progress (5): 283/378 kB | 274/424 kB | 70/164 kB | 37/47 kB | 44 kB
Progress (5): 283/378 kB | 274/424 kB | 70/164 kB | 41/47 kB | 44 kB
Progress (5): 283/378 kB | 274/424 kB | 70/164 kB | 45/47 kB | 44 kB
Progress (5): 283/378 kB | 274/424 kB | 70/164 kB | 47 kB | 44 kB
Progress (5): 283/378 kB | 279/424 kB | 70/164 kB | 47 kB | 44 kB
Progress (5): 283/378 kB | 283/424 kB | 70/164 kB | 47 kB | 44 kB
Progress (5): 283/378 kB | 287/424 kB | 70/164 kB | 47 kB | 44 kB
Progress (5): 283/378 kB | 291/424 kB | 70/164 kB | 47 kB | 44 kB
Progress (5): 283/378 kB | 295/424 kB | 70/164 kB | 47 kB | 44 kB
Progress (5): 283/378 kB | 299/424 kB | 70/164 kB | 47 kB | 44 kB
Progress (5): 283/378 kB | 303/424 kB | 70/164 kB | 47 kB | 44 kB
Progress (5): 283/378 kB | 307/424 kB | 70/164 kB | 47 kB | 44 kB
Progress (5): 283/378 kB | 311/424 kB | 70/164 kB | 47 kB | 44 kB
Progress (5): 283/378 kB | 315/424 kB | 70/164 kB | 47 kB | 44 kB
Progress (5): 283/378 kB | 319/424 kB | 70/164 kB | 47 kB | 44 kB
Progress (5): 287/378 kB | 319/424 kB | 70/164 kB | 47 kB | 44 kB
Progress (5): 291/378 kB | 319/424 kB | 70/164 kB | 47 kB | 44 kB
Progress (5): 295/378 kB | 319/424 kB | 70/164 kB | 47 kB | 44 kB
Progress (5): 299/378 kB | 319/424 kB | 70/164 kB | 47 kB | 44 kB
Progress (5): 303/378 kB | 319/424 kB | 70/164 kB | 47 kB | 44 kB
Progress (5): 307/378 kB | 319/424 kB | 70/164 kB | 47 kB | 44 kB
Progress (5): 311/378 kB | 319/424 kB | 70/164 kB | 47 kB | 44 kB
Progress (5): 315/378 kB | 319/424 kB | 70/164 kB | 47 kB | 44 kB
Progress (5): 319/378 kB | 319/424 kB | 70/164 kB | 47 kB | 44 kB
Progress (5): 324/378 kB | 319/424 kB | 70/164 kB | 47 kB | 44 kB
Progress (5): 328/378 kB | 319/424 kB | 70/164 kB | 47 kB | 44 kB
Progress (5): 332/378 kB | 319/424 kB | 70/164 kB | 47 kB | 44 kB
Progress (5): 336/378 kB | 319/424 kB | 70/164 kB | 47 kB | 44 kB
Progress (5): 340/378 kB | 319/424 kB | 70/164 kB | 47 kB | 44 kB
Progress (5): 344/378 kB | 319/424 kB | 70/164 kB | 47 kB | 44 kB
Progress (5): 348/378 kB | 319/424 kB | 70/164 kB | 47 kB | 44 kB
Progress (5): 348/378 kB | 319/424 kB | 74/164 kB | 47 kB | 44 kB
Progress (5): 348/378 kB | 319/424 kB | 78/164 kB | 47 kB | 44 kB
Progress (5): 348/378 kB | 319/424 kB | 82/164 kB | 47 kB | 44 kB
Progress (5): 348/378 kB | 319/424 kB | 86/164 kB | 47 kB | 44 kB
Progress (5): 348/378 kB | 319/424 kB | 90/164 kB | 47 kB | 44 kB
Progress (5): 348/378 kB | 319/424 kB | 94/164 kB | 47 kB | 44 kB
Progress (5): 348/378 kB | 319/424 kB | 98/164 kB | 47 kB | 44 kB
Progress (5): 348/378 kB | 319/424 kB | 102/164 kB | 47 kB | 44 kB
Progress (5): 348/378 kB | 319/424 kB | 106/164 kB | 47 kB | 44 kB
Progress (5): 348/378 kB | 319/424 kB | 111/164 kB | 47 kB | 44 kB
Progress (5): 348/378 kB | 319/424 kB | 115/164 kB | 47 kB | 44 kB
Progress (5): 348/378 kB | 319/424 kB | 119/164 kB | 47 kB | 44 kB

Downloaded from central: https://repo.maven.apache.org/maven2/org/apache/maven/maven-settings/3.3.9/maven-settings-3.3.9.jar (44 kB at 78 kB/s)
Downloaded from central: https://repo.maven.apache.org/maven2/org/apache/maven/maven-plugin-api/3.3.9/maven-plugin-api-3.3.9.jar (47 kB at 83 kB/s)
Downloading from central: https://repo.maven.apache.org/maven2/org/apache/maven/shared/maven-common-artifact-filters/3.0.1/maven-common-artifact-filters-3.0.1.jar
Downloading from central: https://repo.maven.apache.org/maven2/org/codehaus/plexus/plexus-archiver/3.6.0/plexus-archiver-3.6.0.jar
Progress (3): 348/378 kB | 324/424 kB | 119/164 kB
Progress (3): 348/378 kB | 328/424 kB | 119/164 kB
Progress (3): 348/378 kB | 332/424 kB | 119/164 kB
Progress (3): 348/378 kB | 336/424 kB | 119/164 kB
Progress (3): 348/378 kB | 340/424 kB | 119/164 kB
Progress (3): 348/378 kB | 344/424 kB | 119/164 kB
Progress (3): 348/378 kB | 348/424 kB | 119/164 kB
Progress (3): 348/378 kB | 352/424 kB | 119/164 kB
Progress (3): 348/378 kB | 356/424 kB | 119/164 kB
Progress (3): 348/378 kB | 360/424 kB | 119/164 kB
Progress (3): 348/378 kB | 365/424 kB | 119/164 kB
Progress (3): 348/378 kB | 369/424 kB | 119/164 kB
Progress (3): 348/378 kB | 373/424 kB | 119/164 kB
Progress (3): 348/378 kB | 377/424 kB | 119/164 kB
Progress (3): 348/378 kB | 381/424 kB | 119/164 kB
Progress (3): 348/378 kB | 385/424 kB | 119/164 kB
Progress (3): 348/378 kB | 389/424 kB | 119/164 kB
Progress (4): 348/378 kB | 389/424 kB | 119/164 kB | 4.1/61 kB
Progress (4): 348/378 kB | 389/424 kB | 119/164 kB | 8.2/61 kB
Progress (4): 348/378 kB | 389/424 kB | 119/164 kB | 12/61 kB
Progress (4): 348/378 kB | 389/424 kB | 119/164 kB | 16/61 kB
Progress (4): 348/378 kB | 389/424 kB | 119/164 kB | 20/61 kB
Progress (4): 348/378 kB | 389/424 kB | 119/164 kB | 25/61 kB
Progress (4): 348/378 kB | 389/424 kB | 119/164 kB | 29/61 kB
Progress (4): 348/378 kB | 389/424 kB | 119/164 kB | 33/61 kB
Progress (4): 348/378 kB | 389/424 kB | 119/164 kB | 37/61 kB
Progress (4): 348/378 kB | 389/424 kB | 119/164 kB | 41/61 kB
Progress (4): 348/378 kB | 389/424 kB | 119/164 kB | 45/61 kB
Progress (4): 348/378 kB | 389/424 kB | 119/164 kB | 49/61 kB
Progress (4): 348/378 kB | 389/424 kB | 119/164 kB | 53/61 kB
Progress (4): 348/378 kB | 389/424 kB | 119/164 kB | 57/61 kB
Progress (4): 348/378 kB | 389/424 kB | 119/164 kB | 61/61 kB
Progress (4): 352/378 kB | 389/424 kB | 119/164 kB | 61/61 kB
Progress (4): 356/378 kB | 389/424 kB | 119/164 kB | 61/61 kB
Progress (4): 360/378 kB | 389/424 kB | 119/164 kB | 61/61 kB
Progress (4): 365/378 kB | 389/424 kB | 119/164 kB | 61/61 kB
Progress (4): 369/378 kB | 389/424 kB | 119/164 kB | 61/61 kB
Progress (4): 373/378 kB | 389/424 kB | 119/164 kB | 61/61 kB
Progress (4): 377/378 kB | 389/424 kB | 119/164 kB | 61/61 kB
Progress (4): 378 kB | 389/424 kB | 119/164 kB | 61/61 kB
Progress (5): 378 kB | 389/424 kB | 119/164 kB | 61/61 kB | 4.1/191 kB
Progress (5): 378 kB | 389/424 kB | 119/164 kB | 61/61 kB | 8.2/191 kB
Progress (5): 378 kB | 389/424 kB | 119/164 kB | 61/61 kB | 12/191 kB
Progress (5): 378 kB | 389/424 kB | 119/164 kB | 61/61 kB | 16/191 kB
Progress (5): 378 kB | 389/424 kB | 119/164 kB | 61/61 kB | 20/191 kB
Progress (5): 378 kB | 389/424 kB | 119/164 kB | 61/61 kB | 25/191 kB
Progress (5): 378 kB | 389/424 kB | 123/164 kB | 61/61 kB | 25/191 kB
Progress (5): 378 kB | 389/424 kB | 127/164 kB | 61/61 kB | 25/191 kB
Progress (5): 378 kB | 389/424 kB | 131/164 kB | 61/61 kB | 25/191 kB
Progress (5): 378 kB | 389/424 kB | 135/164 kB | 61/61 kB | 25/191 kB
Progress (5): 378 kB | 389/424 kB | 139/164 kB | 61/61 kB | 25/191 kB
Progress (5): 378 kB | 389/424 kB | 143/164 kB | 61/61 kB | 25/191 kB
Progress (5): 378 kB | 389/424 kB | 147/164 kB | 61/61 kB | 25/191 kB
Progress (5): 378 kB | 389/424 kB | 152/164 kB | 61/61 kB | 25/191 kB
Progress (5): 378 kB | 389/424 kB | 156/164 kB | 61/61 kB | 25/191 kB
Progress (5): 378 kB | 389/424 kB | 160/164 kB | 61/61 kB | 25/191 kB
Progress (5): 378 kB | 389/424 kB | 164/164 kB | 61/61 kB | 25/191 kB
Progress (5): 378 kB | 389/424 kB | 164 kB | 61/61 kB | 25/191 kB
Progress (5): 378 kB | 389/424 kB | 164 kB | 61/61 kB | 29/191 kB
Progress (5): 378 kB | 389/424 kB | 164 kB | 61/61 kB | 33/191 kB
Progress (5): 378 kB | 389/424 kB | 164 kB | 61/61 kB | 37/191 kB
Progress (5): 378 kB | 389/424 kB | 164 kB | 61/61 kB | 41/191 kB
Progress (5): 378 kB | 389/424 kB | 164 kB | 61/61 kB | 45/191 kB
Progress (5): 378 kB | 389/424 kB | 164 kB | 61/61 kB | 49/191 kB
Progress (5): 378 kB | 389/424 kB | 164 kB | 61/61 kB | 53/191 kB
Progress (5): 378 kB | 393/424 kB | 164 kB | 61/61 kB | 53/191 kB
Progress (5): 378 kB | 397/424 kB | 164 kB | 61/61 kB | 53/191 kB
Progress (5): 378 kB | 401/424 kB | 164 kB | 61/61 kB | 53/191 kB
Progress (5): 378 kB | 406/424 kB | 164 kB | 61/61 kB | 53/191 kB
Progress (5): 378 kB | 410/424 kB | 164 kB | 61/61 kB | 53/191 kB
Progress (5): 378 kB | 414/424 kB | 164 kB | 61/61 kB | 53/191 kB

Downloaded from central: https://repo.maven.apache.org/maven2/org/eclipse/sisu/org.eclipse.sisu.inject/0.3.2/org.eclipse.sisu.inject-0.3.2.jar (378 kB at 603 kB/s)
Downloading from central: https://repo.maven.apache.org/maven2/org/codehaus/plexus/plexus-io/3.0.1/plexus-io-3.0.1.jar
Downloaded from central: https://repo.maven.apache.org/maven2/org/apache/maven/maven-model/3.3.9/maven-model-3.3.9.jar (164 kB at 261 kB/s)
Progress (3): 414/424 kB | 61 kB | 53/191 kB

Downloading from central: https://repo.maven.apache.org/maven2/org/apache/maven/plugins/maven-shade-plugin/3.2.1/maven-shade-plugin-3.2.1.jar
Progress (4): 414/424 kB | 61 kB | 53/191 kB | 4.1/74 kB
Progress (4): 414/424 kB | 61 kB | 53/191 kB | 8.2/74 kB
Progress (4): 414/424 kB | 61 kB | 57/191 kB | 8.2/74 kB
Progress (4): 414/424 kB | 61 kB | 61/191 kB | 8.2/74 kB
Progress (4): 414/424 kB | 61 kB | 66/191 kB | 8.2/74 kB
Progress (4): 414/424 kB | 61 kB | 70/191 kB | 8.2/74 kB
Progress (4): 414/424 kB | 61 kB | 74/191 kB | 8.2/74 kB
Progress (4): 414/424 kB | 61 kB | 78/191 kB | 8.2/74 kB
Progress (4): 414/424 kB | 61 kB | 82/191 kB | 8.2/74 kB
Progress (4): 414/424 kB | 61 kB | 86/191 kB | 8.2/74 kB
Progress (4): 414/424 kB | 61 kB | 90/191 kB | 8.2/74 kB
Progress (4): 414/424 kB | 61 kB | 94/191 kB | 8.2/74 kB
Progress (4): 414/424 kB | 61 kB | 98/191 kB | 8.2/74 kB
Progress (4): 414/424 kB | 61 kB | 102/191 kB | 8.2/74 kB
Progress (4): 414/424 kB | 61 kB | 106/191 kB | 8.2/74 kB
Progress (4): 414/424 kB | 61 kB | 111/191 kB | 8.2/74 kB
Progress (4): 414/424 kB | 61 kB | 115/191 kB | 8.2/74 kB

Downloaded from central: https://repo.maven.apache.org/maven2/org/apache/maven/shared/maven-common-artifact-filters/3.0.1/maven-common-artifact-filters-3.0.1.jar (61 kB at 96 kB/s)
Downloading from central: https://repo.maven.apache.org/maven2/org/apache/maven/shared/maven-artifact-transfer/0.10.0/maven-artifact-transfer-0.10.0.jar
Progress (3): 418/424 kB | 115/191 kB | 8.2/74 kB
Progress (3): 422/424 kB | 115/191 kB | 8.2/74 kB
Progress (3): 424 kB | 115/191 kB | 8.2/74 kB
Progress (3): 424 kB | 115/191 kB | 12/74 kB
Progress (3): 424 kB | 115/191 kB | 16/74 kB
Progress (3): 424 kB | 115/191 kB | 20/74 kB
Progress (3): 424 kB | 115/191 kB | 25/74 kB
Progress (3): 424 kB | 115/191 kB | 29/74 kB
Progress (3): 424 kB | 115/191 kB | 33/74 kB
Progress (3): 424 kB | 115/191 kB | 37/74 kB
Progress (4): 424 kB | 115/191 kB | 37/74 kB | 4.1/128 kB
Progress (4): 424 kB | 115/191 kB | 37/74 kB | 8.2/128 kB
Progress (4): 424 kB | 115/191 kB | 37/74 kB | 12/128 kB
Progress (4): 424 kB | 115/191 kB | 37/74 kB | 16/128 kB

Downloaded from central: https://repo.maven.apache.org/maven2/com/google/inject/guice/4.0/guice-4.0-no_aop.jar (424 kB at 642 kB/s)
Downloading from central: https://repo.maven.apache.org/maven2/org/ow2/asm/asm/7.0/asm-7.0.jar
Progress (4): 115/191 kB | 37/74 kB | 16/128 kB | 4.1/114 kB
Progress (4): 115/191 kB | 37/74 kB | 16/128 kB | 8.2/114 kB
Progress (4): 115/191 kB | 37/74 kB | 16/128 kB | 12/114 kB
Progress (4): 115/191 kB | 37/74 kB | 16/128 kB | 16/114 kB
Progress (4): 115/191 kB | 37/74 kB | 20/128 kB | 16/114 kB
Progress (4): 115/191 kB | 37/74 kB | 25/128 kB | 16/114 kB
Progress (4): 115/191 kB | 37/74 kB | 29/128 kB | 16/114 kB
Progress (4): 115/191 kB | 37/74 kB | 29/128 kB | 20/114 kB
Progress (4): 115/191 kB | 37/74 kB | 29/128 kB | 25/114 kB
Progress (4): 115/191 kB | 37/74 kB | 29/128 kB | 29/114 kB
Progress (4): 115/191 kB | 37/74 kB | 29/128 kB | 33/114 kB
Progress (4): 115/191 kB | 37/74 kB | 29/128 kB | 37/114 kB
Progress (4): 115/191 kB | 37/74 kB | 29/128 kB | 41/114 kB
Progress (4): 115/191 kB | 37/74 kB | 29/128 kB | 45/114 kB
Progress (4): 115/191 kB | 37/74 kB | 29/128 kB | 49/114 kB
Progress (4): 115/191 kB | 37/74 kB | 29/128 kB | 53/114 kB
Progress (4): 119/191 kB | 37/74 kB | 29/128 kB | 53/114 kB
Progress (4): 123/191 kB | 37/74 kB | 29/128 kB | 53/114 kB
Progress (4): 127/191 kB | 37/74 kB | 29/128 kB | 53/114 kB
Progress (4): 131/191 kB | 37/74 kB | 29/128 kB | 53/114 kB
Progress (5): 131/191 kB | 37/74 kB | 29/128 kB | 53/114 kB | 4.1/114 kB
Progress (5): 131/191 kB | 37/74 kB | 29/128 kB | 53/114 kB | 8.2/114 kB
Progress (5): 131/191 kB | 37/74 kB | 29/128 kB | 53/114 kB | 12/114 kB
Progress (5): 131/191 kB | 37/74 kB | 29/128 kB | 53/114 kB | 16/114 kB
Progress (5): 131/191 kB | 37/74 kB | 29/128 kB | 53/114 kB | 20/114 kB
Progress (5): 131/191 kB | 37/74 kB | 29/128 kB | 53/114 kB | 25/114 kB
Progress (5): 131/191 kB | 37/74 kB | 29/128 kB | 53/114 kB | 29/114 kB
Progress (5): 131/191 kB | 37/74 kB | 29/128 kB | 53/114 kB | 33/114 kB
Progress (5): 131/191 kB | 37/74 kB | 29/128 kB | 53/114 kB | 37/114 kB
Progress (5): 131/191 kB | 37/74 kB | 29/128 kB | 53/114 kB | 41/114 kB
Progress (5): 131/191 kB | 37/74 kB | 29/128 kB | 53/114 kB | 45/114 kB
Progress (5): 131/191 kB | 37/74 kB | 29/128 kB | 53/114 kB | 49/114 kB
Progress (5): 131/191 kB | 37/74 kB | 29/128 kB | 53/114 kB | 53/114 kB
Progress (5): 131/191 kB | 37/74 kB | 29/128 kB | 53/114 kB | 57/114 kB
Progress (5): 131/191 kB | 37/74 kB | 29/128 kB | 53/114 kB | 61/114 kB
Progress (5): 131/191 kB | 41/74 kB | 29/128 kB | 53/114 kB | 61/114 kB
Progress (5): 131/191 kB | 45/74 kB | 29/128 kB | 53/114 kB | 61/114 kB
Progress (5): 131/191 kB | 49/74 kB | 29/128 kB | 53/114 kB | 61/114 kB
Progress (5): 131/191 kB | 53/74 kB | 29/128 kB | 53/114 kB | 61/114 kB
Progress (5): 131/191 kB | 57/74 kB | 29/128 kB | 53/114 kB | 61/114 kB
Progress (5): 131/191 kB | 61/74 kB | 29/128 kB | 53/114 kB | 61/114 kB
Progress (5): 131/191 kB | 66/74 kB | 29/128 kB | 53/114 kB | 61/114 kB
Progress (5): 131/191 kB | 70/74 kB | 29/128 kB | 53/114 kB | 61/114 kB
Progress (5): 131/191 kB | 74/74 kB | 29/128 kB | 53/114 kB | 61/114 kB
Progress (5): 131/191 kB | 74 kB | 29/128 kB | 53/114 kB | 61/114 kB
Progress (5): 131/191 kB | 74 kB | 29/128 kB | 57/114 kB | 61/114 kB
Progress (5): 131/191 kB | 74 kB | 29/128 kB | 61/114 kB | 61/114 kB
Progress (5): 131/191 kB | 74 kB | 29/128 kB | 66/114 kB | 61/114 kB
Progress (5): 131/191 kB | 74 kB | 29/128 kB | 70/114 kB | 61/114 kB
Progress (5): 131/191 kB | 74 kB | 29/128 kB | 74/114 kB | 61/114 kB
Progress (5): 135/191 kB | 74 kB | 29/128 kB | 74/114 kB | 61/114 kB
Progress (5): 139/191 kB | 74 kB | 29/128 kB | 74/114 kB | 61/114 kB
Progress (5): 143/191 kB | 74 kB | 29/128 kB | 74/114 kB | 61/114 kB
Progress (5): 147/191 kB | 74 kB | 29/128 kB | 74/114 kB | 61/114 kB
Progress (5): 152/191 kB | 74 kB | 29/128 kB | 74/114 kB | 61/114 kB
Progress (5): 156/191 kB | 74 kB | 29/128 kB | 74/114 kB | 61/114 kB
Progress (5): 160/191 kB | 74 kB | 29/128 kB | 74/114 kB | 61/114 kB
Progress (5): 164/191 kB | 74 kB | 29/128 kB | 74/114 kB | 61/114 kB
Progress (5): 168/191 kB | 74 kB | 29/128 kB | 74/114 kB | 61/114 kB
Progress (5): 172/191 kB | 74 kB | 29/128 kB | 74/114 kB | 61/114 kB
Progress (5): 176/191 kB | 74 kB | 29/128 kB | 74/114 kB | 61/114 kB
Progress (5): 180/191 kB | 74 kB | 29/128 kB | 74/114 kB | 61/114 kB
Progress (5): 184/191 kB | 74 kB | 29/128 kB | 74/114 kB | 61/114 kB
Progress (5): 188/191 kB | 74 kB | 29/128 kB | 74/114 kB | 61/114 kB
Progress (5): 191 kB | 74 kB | 29/128 kB | 74/114 kB | 61/114 kB
Progress (5): 191 kB | 74 kB | 33/128 kB | 74/114 kB | 61/114 kB
Progress (5): 191 kB | 74 kB | 37/128 kB | 74/114 kB | 61/114 kB
Progress (5): 191 kB | 74 kB | 41/128 kB | 74/114 kB | 61/114 kB
Progress (5): 191 kB | 74 kB | 45/128 kB | 74/114 kB | 61/114 kB
Progress (5): 191 kB | 74 kB | 49/128 kB | 74/114 kB | 61/114 kB
Progress (5): 191 kB | 74 kB | 53/128 kB | 74/114 kB | 61/114 kB
Progress (5): 191 kB | 74 kB | 57/128 kB | 74/114 kB | 61/114 kB
Progress (5): 191 kB | 74 kB | 61/128 kB | 74/114 kB | 61/114 kB
Progress (5): 191 kB | 74 kB | 66/128 kB | 74/114 kB | 61/114 kB
Progress (5): 191 kB | 74 kB | 70/128 kB | 74/114 kB | 61/114 kB
Progress (5): 191 kB | 74 kB | 74/128 kB | 74/114 kB | 61/114 kB
Progress (5): 191 kB | 74 kB | 78/128 kB | 74/114 kB | 61/114 kB
Progress (5): 191 kB | 74 kB | 82/128 kB | 74/114 kB | 61/114 kB
Progress (5): 191 kB | 74 kB | 86/128 kB | 74/114 kB | 61/114 kB
Progress (5): 191 kB | 74 kB | 90/128 kB | 74/114 kB | 61/114 kB
Progress (5): 191 kB | 74 kB | 94/128 kB | 74/114 kB | 61/114 kB
Progress (5): 191 kB | 74 kB | 98/128 kB | 74/114 kB | 61/114 kB
Progress (5): 191 kB | 74 kB | 102/128 kB | 74/114 kB | 61/114 kB

Downloaded from central: https://repo.maven.apache.org/maven2/org/codehaus/plexus/plexus-io/3.0.1/plexus-io-3.0.1.jar (74 kB at 105 kB/s)
Progress (4): 191 kB | 102/128 kB | 74/114 kB | 66/114 kB
Progress (4): 191 kB | 102/128 kB | 74/114 kB | 70/114 kB
Progress (4): 191 kB | 102/128 kB | 74/114 kB | 74/114 kB
Progress (4): 191 kB | 102/128 kB | 74/114 kB | 78/114 kB
Progress (4): 191 kB | 102/128 kB | 74/114 kB | 82/114 kB
Progress (4): 191 kB | 102/128 kB | 74/114 kB | 86/114 kB
Progress (4): 191 kB | 102/128 kB | 74/114 kB | 90/114 kB
Progress (4): 191 kB | 102/128 kB | 74/114 kB | 94/114 kB
Progress (4): 191 kB | 102/128 kB | 74/114 kB | 98/114 kB
Progress (4): 191 kB | 102/128 kB | 78/114 kB | 98/114 kB
Progress (4): 191 kB | 102/128 kB | 82/114 kB | 98/114 kB
Progress (4): 191 kB | 102/128 kB | 86/114 kB | 98/114 kB
Progress (4): 191 kB | 102/128 kB | 90/114 kB | 98/114 kB
Progress (4): 191 kB | 102/128 kB | 94/114 kB | 98/114 kB
Progress (4): 191 kB | 102/128 kB | 98/114 kB | 98/114 kB
Progress (4): 191 kB | 102/128 kB | 102/114 kB | 98/114 kB
Progress (4): 191 kB | 102/128 kB | 106/114 kB | 98/114 kB
Progress (4): 191 kB | 102/128 kB | 111/114 kB | 98/114 kB
Progress (4): 191 kB | 102/128 kB | 114 kB | 98/114 kB

Downloading from central: https://repo.maven.apache.org/maven2/org/ow2/asm/asm-commons/7.0/asm-commons-7.0.jar
Progress (4): 191 kB | 106/128 kB | 114 kB | 98/114 kB
Progress (4): 191 kB | 111/128 kB | 114 kB | 98/114 kB
Progress (4): 191 kB | 115/128 kB | 114 kB | 98/114 kB
Progress (4): 191 kB | 119/128 kB | 114 kB | 98/114 kB

Downloaded from central: https://repo.maven.apache.org/maven2/org/codehaus/plexus/plexus-archiver/3.6.0/plexus-archiver-3.6.0.jar (191 kB at 266 kB/s)
Downloading from central: https://repo.maven.apache.org/maven2/org/ow2/asm/asm-tree/7.0/asm-tree-7.0.jar
Downloaded from central: https://repo.maven.apache.org/maven2/org/apache/maven/plugins/maven-shade-plugin/3.2.1/maven-shade-plugin-3.2.1.jar (114 kB at 158 kB/s)
Progress (2): 119/128 kB | 102/114 kB
Progress (2): 119/128 kB | 106/114 kB
Progress (2): 119/128 kB | 111/114 kB
Progress (2): 119/128 kB | 114 kB

Downloading from central: https://repo.maven.apache.org/maven2/org/ow2/asm/asm-analysis/7.0/asm-analysis-7.0.jar
Progress (3): 119/128 kB | 114 kB | 4.1/50 kB
Progress (4): 119/128 kB | 114 kB | 4.1/50 kB | 4.1/80 kB
Progress (4): 119/128 kB | 114 kB | 4.1/50 kB | 8.2/80 kB
Progress (4): 119/128 kB | 114 kB | 4.1/50 kB | 12/80 kB
Progress (4): 119/128 kB | 114 kB | 4.1/50 kB | 16/80 kB
Progress (4): 119/128 kB | 114 kB | 4.1/50 kB | 20/80 kB
Progress (4): 119/128 kB | 114 kB | 4.1/50 kB | 25/80 kB
Progress (4): 119/128 kB | 114 kB | 4.1/50 kB | 29/80 kB
Progress (4): 119/128 kB | 114 kB | 4.1/50 kB | 33/80 kB
Progress (4): 119/128 kB | 114 kB | 4.1/50 kB | 37/80 kB
Progress (4): 119/128 kB | 114 kB | 4.1/50 kB | 41/80 kB
Progress (4): 119/128 kB | 114 kB | 4.1/50 kB | 45/80 kB
Progress (4): 119/128 kB | 114 kB | 4.1/50 kB | 49/80 kB
Progress (4): 119/128 kB | 114 kB | 4.1/50 kB | 53/80 kB
Progress (4): 123/128 kB | 114 kB | 4.1/50 kB | 53/80 kB
Progress (4): 127/128 kB | 114 kB | 4.1/50 kB | 53/80 kB
Progress (4): 128 kB | 114 kB | 4.1/50 kB | 53/80 kB

Downloaded from central: https://repo.maven.apache.org/maven2/org/ow2/asm/asm/7.0/asm-7.0.jar (114 kB at 154 kB/s)
Progress (3): 128 kB | 8.2/50 kB | 53/80 kB
Progress (3): 128 kB | 12/50 kB | 53/80 kB
Progress (3): 128 kB | 16/50 kB | 53/80 kB
Progress (3): 128 kB | 20/50 kB | 53/80 kB
Progress (3): 128 kB | 25/50 kB | 53/80 kB

Downloading from central: https://repo.maven.apache.org/maven2/org/jdom/jdom2/2.0.6/jdom2-2.0.6.jar
Progress (4): 128 kB | 25/50 kB | 53/80 kB | 4.1/33 kB
Progress (4): 128 kB | 25/50 kB | 53/80 kB | 8.2/33 kB
Progress (4): 128 kB | 25/50 kB | 53/80 kB | 12/33 kB
Progress (4): 128 kB | 25/50 kB | 53/80 kB | 16/33 kB

Downloaded from central: https://repo.maven.apache.org/maven2/org/apache/maven/shared/maven-artifact-transfer/0.10.0/maven-artifact-transfer-0.10.0.jar (128 kB at 172 kB/s)
Downloading from central: https://repo.maven.apache.org/maven2/org/apache/maven/shared/maven-dependency-tree/3.0.1/maven-dependency-tree-3.0.1.jar
Progress (4): 25/50 kB | 53/80 kB | 16/33 kB | 4.1/305 kB
Progress (4): 25/50 kB | 53/80 kB | 16/33 kB | 8.2/305 kB
Progress (4): 25/50 kB | 53/80 kB | 16/33 kB | 12/305 kB
Progress (4): 25/50 kB | 53/80 kB | 16/33 kB | 16/305 kB
Progress (4): 25/50 kB | 53/80 kB | 16/33 kB | 20/305 kB
Progress (4): 29/50 kB | 53/80 kB | 16/33 kB | 20/305 kB
Progress (4): 33/50 kB | 53/80 kB | 16/33 kB | 20/305 kB
Progress (4): 37/50 kB | 53/80 kB | 16/33 kB | 20/305 kB
Progress (4): 41/50 kB | 53/80 kB | 16/33 kB | 20/305 kB
Progress (4): 45/50 kB | 53/80 kB | 16/33 kB | 20/305 kB
Progress (4): 49/50 kB | 53/80 kB | 16/33 kB | 20/305 kB
Progress (4): 50 kB | 53/80 kB | 16/33 kB | 20/305 kB
Progress (5): 50 kB | 53/80 kB | 16/33 kB | 20/305 kB | 4.1/37 kB
Progress (5): 50 kB | 53/80 kB | 16/33 kB | 20/305 kB | 8.2/37 kB
Progress (5): 50 kB | 53/80 kB | 16/33 kB | 20/305 kB | 12/37 kB
Progress (5): 50 kB | 53/80 kB | 20/33 kB | 20/305 kB | 12/37 kB
Progress (5): 50 kB | 53/80 kB | 25/33 kB | 20/305 kB | 12/37 kB
Progress (5): 50 kB | 53/80 kB | 29/33 kB | 20/305 kB | 12/37 kB
Progress (5): 50 kB | 53/80 kB | 33/33 kB | 20/305 kB | 12/37 kB
Progress (5): 50 kB | 53/80 kB | 33 kB | 20/305 kB | 12/37 kB
Progress (5): 50 kB | 57/80 kB | 33 kB | 20/305 kB | 12/37 kB
Progress (5): 50 kB | 61/80 kB | 33 kB | 20/305 kB | 12/37 kB
Progress (5): 50 kB | 66/80 kB | 33 kB | 20/305 kB | 12/37 kB
Progress (5): 50 kB | 70/80 kB | 33 kB | 20/305 kB | 12/37 kB
Progress (5): 50 kB | 74/80 kB | 33 kB | 20/305 kB | 12/37 kB
Progress (5): 50 kB | 78/80 kB | 33 kB | 20/305 kB | 12/37 kB
Progress (5): 50 kB | 80 kB | 33 kB | 20/305 kB | 12/37 kB
Progress (5): 50 kB | 80 kB | 33 kB | 25/305 kB | 12/37 kB
Progress (5): 50 kB | 80 kB | 33 kB | 29/305 kB | 12/37 kB
Progress (5): 50 kB | 80 kB | 33 kB | 33/305 kB | 12/37 kB
Progress (5): 50 kB | 80 kB | 33 kB | 37/305 kB | 12/37 kB
Progress (5): 50 kB | 80 kB | 33 kB | 41/305 kB | 12/37 kB
Progress (5): 50 kB | 80 kB | 33 kB | 45/305 kB | 12/37 kB
Progress (5): 50 kB | 80 kB | 33 kB | 49/305 kB | 12/37 kB

Downloaded from central: https://repo.maven.apache.org/maven2/org/ow2/asm/asm-analysis/7.0/asm-analysis-7.0.jar (33 kB at 44 kB/s)
Downloaded from central: https://repo.maven.apache.org/maven2/org/ow2/asm/asm-commons/7.0/asm-commons-7.0.jar (80 kB at 104 kB/s)
Downloaded from central: https://repo.maven.apache.org/maven2/org/ow2/asm/asm-tree/7.0/asm-tree-7.0.jar (50 kB at 66 kB/s)
Progress (2): 49/305 kB | 16/37 kB
Progress (2): 49/305 kB | 20/37 kB
Progress (2): 49/305 kB | 25/37 kB
Progress (2): 49/305 kB | 29/37 kB
Progress (2): 49/305 kB | 33/37 kB
Progress (2): 49/305 kB | 37 kB

Downloading from central: https://repo.maven.apache.org/maven2/org/vafer/jdependency/2.1.1/jdependency-2.1.1.jar
Downloading from central: https://repo.maven.apache.org/maven2/org/ow2/asm/asm-util/7.0-beta/asm-util-7.0-beta.jar
Downloading from central: https://repo.maven.apache.org/maven2/com/google/guava/guava/19.0/guava-19.0.jar
Progress (2): 53/305 kB | 37 kB
Progress (2): 57/305 kB | 37 kB
Progress (2): 61/305 kB | 37 kB
Progress (2): 66/305 kB | 37 kB
Progress (2): 70/305 kB | 37 kB
Progress (2): 74/305 kB | 37 kB
Progress (2): 78/305 kB | 37 kB
Progress (2): 82/305 kB | 37 kB
Progress (2): 86/305 kB | 37 kB
Progress (3): 86/305 kB | 37 kB | 0/2.3 MB
Progress (3): 86/305 kB | 37 kB | 0/2.3 MB
Progress (4): 86/305 kB | 37 kB | 0/2.3 MB | 4.1/186 kB
Progress (4): 86/305 kB | 37 kB | 0/2.3 MB | 8.2/186 kB
Progress (4): 86/305 kB | 37 kB | 0/2.3 MB | 12/186 kB
Progress (4): 86/305 kB | 37 kB | 0/2.3 MB | 16/186 kB
Progress (4): 86/305 kB | 37 kB | 0/2.3 MB | 20/186 kB
Progress (5): 86/305 kB | 37 kB | 0/2.3 MB | 20/186 kB | 4.1/81 kB
Progress (5): 86/305 kB | 37 kB | 0/2.3 MB | 20/186 kB | 8.2/81 kB
Progress (5): 86/305 kB | 37 kB | 0/2.3 MB | 20/186 kB | 12/81 kB
Progress (5): 86/305 kB | 37 kB | 0/2.3 MB | 20/186 kB | 16/81 kB
Progress (5): 86/305 kB | 37 kB | 0/2.3 MB | 20/186 kB | 20/81 kB
Progress (5): 86/305 kB | 37 kB | 0/2.3 MB | 20/186 kB | 25/81 kB
Progress (5): 86/305 kB | 37 kB | 0/2.3 MB | 20/186 kB | 29/81 kB
Progress (5): 86/305 kB | 37 kB | 0/2.3 MB | 20/186 kB | 33/81 kB
Progress (5): 86/305 kB | 37 kB | 0/2.3 MB | 20/186 kB | 37/81 kB
Progress (5): 86/305 kB | 37 kB | 0/2.3 MB | 20/186 kB | 41/81 kB
Progress (5): 86/305 kB | 37 kB | 0/2.3 MB | 20/186 kB | 45/81 kB
Progress (5): 86/305 kB | 37 kB | 0/2.3 MB | 20/186 kB | 49/81 kB

Downloaded from central: https://repo.maven.apache.org/maven2/org/apache/maven/shared/maven-dependency-tree/3.0.1/maven-dependency-tree-3.0.1.jar (37 kB at 46 kB/s)
Progress (4): 86/305 kB | 0/2.3 MB | 25/186 kB | 49/81 kB
Progress (4): 86/305 kB | 0/2.3 MB | 29/186 kB | 49/81 kB
Progress (4): 86/305 kB | 0/2.3 MB | 33/186 kB | 49/81 kB
Progress (4): 86/305 kB | 0/2.3 MB | 37/186 kB | 49/81 kB
Progress (4): 86/305 kB | 0/2.3 MB | 41/186 kB | 49/81 kB
Progress (4): 86/305 kB | 0/2.3 MB | 41/186 kB | 49/81 kB
Progress (4): 90/305 kB | 0/2.3 MB | 41/186 kB | 49/81 kB
Progress (4): 94/305 kB | 0/2.3 MB | 41/186 kB | 49/81 kB
Progress (4): 98/305 kB | 0/2.3 MB | 41/186 kB | 49/81 kB
Progress (4): 102/305 kB | 0/2.3 MB | 41/186 kB | 49/81 kB
Progress (4): 106/305 kB | 0/2.3 MB | 41/186 kB | 49/81 kB
Progress (4): 111/305 kB | 0/2.3 MB | 41/186 kB | 49/81 kB
Progress (4): 115/305 kB | 0/2.3 MB | 41/186 kB | 49/81 kB
Progress (4): 119/305 kB | 0/2.3 MB | 41/186 kB | 49/81 kB
Progress (4): 123/305 kB | 0/2.3 MB | 41/186 kB | 49/81 kB
Progress (4): 123/305 kB | 0/2.3 MB | 45/186 kB | 49/81 kB
Progress (4): 123/305 kB | 0/2.3 MB | 49/186 kB | 49/81 kB
Progress (4): 123/305 kB | 0/2.3 MB | 53/186 kB | 49/81 kB
Progress (4): 123/305 kB | 0/2.3 MB | 57/186 kB | 49/81 kB
Progress (4): 123/305 kB | 0/2.3 MB | 57/186 kB | 53/81 kB
Progress (4): 123/305 kB | 0/2.3 MB | 57/186 kB | 57/81 kB
Progress (4): 123/305 kB | 0/2.3 MB | 57/186 kB | 61/81 kB
Progress (4): 123/305 kB | 0/2.3 MB | 57/186 kB | 66/81 kB
Progress (4): 123/305 kB | 0/2.3 MB | 57/186 kB | 70/81 kB
Progress (4): 123/305 kB | 0/2.3 MB | 57/186 kB | 74/81 kB
Progress (4): 123/305 kB | 0.1/2.3 MB | 57/186 kB | 74/81 kB
Progress (4): 123/305 kB | 0.1/2.3 MB | 57/186 kB | 74/81 kB
Progress (4): 123/305 kB | 0.1/2.3 MB | 57/186 kB | 74/81 kB
Progress (4): 123/305 kB | 0.1/2.3 MB | 57/186 kB | 74/81 kB
Progress (4): 123/305 kB | 0.1/2.3 MB | 57/186 kB | 74/81 kB
Progress (4): 123/305 kB | 0.1/2.3 MB | 61/186 kB | 74/81 kB
Progress (4): 123/305 kB | 0.1/2.3 MB | 66/186 kB | 74/81 kB
Progress (4): 123/305 kB | 0.1/2.3 MB | 70/186 kB | 74/81 kB
Progress (4): 123/305 kB | 0.1/2.3 MB | 74/186 kB | 74/81 kB
Progress (4): 123/305 kB | 0.1/2.3 MB | 78/186 kB | 74/81 kB
Progress (4): 123/305 kB | 0.1/2.3 MB | 82/186 kB | 74/81 kB
Progress (4): 123/305 kB | 0.1/2.3 MB | 86/186 kB | 74/81 kB
Progress (4): 123/305 kB | 0.1/2.3 MB | 90/186 kB | 74/81 kB
Progress (4): 123/305 kB | 0.1/2.3 MB | 94/186 kB | 74/81 kB
Progress (4): 123/305 kB | 0.1/2.3 MB | 98/186 kB | 74/81 kB
Progress (4): 123/305 kB | 0.1/2.3 MB | 102/186 kB | 74/81 kB
Progress (4): 123/305 kB | 0.1/2.3 MB | 106/186 kB | 74/81 kB
Progress (4): 123/305 kB | 0.1/2.3 MB | 111/186 kB | 74/81 kB
Progress (4): 123/305 kB | 0.1/2.3 MB | 115/186 kB | 74/81 kB
Progress (4): 127/305 kB | 0.1/2.3 MB | 115/186 kB | 74/81 kB
Progress (4): 131/305 kB | 0.1/2.3 MB | 115/186 kB | 74/81 kB
Progress (4): 135/305 kB | 0.1/2.3 MB | 115/186 kB | 74/81 kB
Progress (4): 139/305 kB | 0.1/2.3 MB | 115/186 kB | 74/81 kB
Progress (4): 143/305 kB | 0.1/2.3 MB | 115/186 kB | 74/81 kB
Progress (4): 147/305 kB | 0.1/2.3 MB | 115/186 kB | 74/81 kB
Progress (4): 152/305 kB | 0.1/2.3 MB | 115/186 kB | 74/81 kB
Progress (4): 156/305 kB | 0.1/2.3 MB | 115/186 kB | 74/81 kB
Progress (4): 160/305 kB | 0.1/2.3 MB | 115/186 kB | 74/81 kB
Progress (4): 164/305 kB | 0.1/2.3 MB | 115/186 kB | 74/81 kB
Progress (4): 164/305 kB | 0.1/2.3 MB | 115/186 kB | 78/81 kB
Progress (4): 164/305 kB | 0.1/2.3 MB | 115/186 kB | 81 kB
Progress (4): 168/305 kB | 0.1/2.3 MB | 115/186 kB | 81 kB
Progress (4): 172/305 kB | 0.1/2.3 MB | 115/186 kB | 81 kB

Downloaded from central: https://repo.maven.apache.org/maven2/org/ow2/asm/asm-util/7.0-beta/asm-util-7.0-beta.jar (81 kB at 97 kB/s)
Progress (3): 172/305 kB | 0.1/2.3 MB | 115/186 kB
Progress (3): 172/305 kB | 0.2/2.3 MB | 115/186 kB
Progress (3): 172/305 kB | 0.2/2.3 MB | 115/186 kB
Progress (3): 176/305 kB | 0.2/2.3 MB | 115/186 kB
Progress (3): 180/305 kB | 0.2/2.3 MB | 115/186 kB
Progress (3): 184/305 kB | 0.2/2.3 MB | 115/186 kB
Progress (3): 188/305 kB | 0.2/2.3 MB | 115/186 kB
Progress (3): 193/305 kB | 0.2/2.3 MB | 115/186 kB
Progress (3): 197/305 kB | 0.2/2.3 MB | 115/186 kB
Progress (3): 201/305 kB | 0.2/2.3 MB | 115/186 kB
Progress (3): 201/305 kB | 0.2/2.3 MB | 119/186 kB
Progress (3): 201/305 kB | 0.2/2.3 MB | 123/186 kB
Progress (3): 201/305 kB | 0.2/2.3 MB | 127/186 kB
Progress (3): 201/305 kB | 0.2/2.3 MB | 131/186 kB
Progress (3): 201/305 kB | 0.2/2.3 MB | 135/186 kB
Progress (3): 201/305 kB | 0.2/2.3 MB | 139/186 kB
Progress (3): 201/305 kB | 0.2/2.3 MB | 143/186 kB
Progress (3): 201/305 kB | 0.2/2.3 MB | 147/186 kB
Progress (3): 201/305 kB | 0.2/2.3 MB | 147/186 kB
Progress (3): 201/305 kB | 0.2/2.3 MB | 147/186 kB
Progress (3): 201/305 kB | 0.2/2.3 MB | 147/186 kB
Progress (3): 201/305 kB | 0.2/2.3 MB | 147/186 kB
Progress (3): 201/305 kB | 0.2/2.3 MB | 152/186 kB
Progress (3): 201/305 kB | 0.2/2.3 MB | 156/186 kB
Progress (3): 201/305 kB | 0.2/2.3 MB | 160/186 kB
Progress (3): 201/305 kB | 0.2/2.3 MB | 164/186 kB
Progress (3): 205/305 kB | 0.2/2.3 MB | 164/186 kB
Progress (3): 209/305 kB | 0.2/2.3 MB | 164/186 kB
Progress (3): 213/305 kB | 0.2/2.3 MB | 164/186 kB
Progress (3): 217/305 kB | 0.2/2.3 MB | 164/186 kB
Progress (3): 221/305 kB | 0.2/2.3 MB | 164/186 kB
Progress (3): 225/305 kB | 0.2/2.3 MB | 164/186 kB
Progress (3): 229/305 kB | 0.2/2.3 MB | 164/186 kB
Progress (3): 233/305 kB | 0.2/2.3 MB | 164/186 kB
Progress (3): 238/305 kB | 0.2/2.3 MB | 164/186 kB
Progress (3): 242/305 kB | 0.2/2.3 MB | 164/186 kB
Progress (3): 246/305 kB | 0.2/2.3 MB | 164/186 kB
Progress (3): 250/305 kB | 0.2/2.3 MB | 164/186 kB
Progress (3): 254/305 kB | 0.2/2.3 MB | 164/186 kB
Progress (3): 258/305 kB | 0.2/2.3 MB | 164/186 kB
Progress (3): 262/305 kB | 0.2/2.3 MB | 164/186 kB
Progress (3): 266/305 kB | 0.2/2.3 MB | 164/186 kB
Progress (3): 270/305 kB | 0.2/2.3 MB | 164/186 kB
Progress (3): 274/305 kB | 0.2/2.3 MB | 164/186 kB
Progress (3): 279/305 kB | 0.2/2.3 MB | 164/186 kB
Progress (3): 279/305 kB | 0.2/2.3 MB | 168/186 kB
Progress (3): 279/305 kB | 0.2/2.3 MB | 172/186 kB
Progress (3): 279/305 kB | 0.2/2.3 MB | 176/186 kB
Progress (3): 279/305 kB | 0.2/2.3 MB | 180/186 kB
Progress (3): 279/305 kB | 0.2/2.3 MB | 184/186 kB
Progress (3): 279/305 kB | 0.2/2.3 MB | 186 kB
Progress (3): 279/305 kB | 0.3/2.3 MB | 186 kB
Progress (3): 279/305 kB | 0.3/2.3 MB | 186 kB
Progress (3): 279/305 kB | 0.3/2.3 MB | 186 kB
Progress (3): 279/305 kB | 0.3/2.3 MB | 186 kB

Downloaded from central: https://repo.maven.apache.org/maven2/org/vafer/jdependency/2.1.1/jdependency-2.1.1.jar (186 kB at 212 kB/s)
Progress (2): 283/305 kB | 0.3/2.3 MB
Progress (2): 287/305 kB | 0.3/2.3 MB
Progress (2): 291/305 kB | 0.3/2.3 MB
Progress (2): 295/305 kB | 0.3/2.3 MB
Progress (2): 299/305 kB | 0.3/2.3 MB
Progress (2): 303/305 kB | 0.3/2.3 MB
Progress (2): 305 kB | 0.3/2.3 MB
Progress (2): 305 kB | 0.3/2.3 MB
Progress (2): 305 kB | 0.3/2.3 MB
Progress (2): 305 kB | 0.4/2.3 MB
Progress (2): 305 kB | 0.4/2.3 MB

Downloaded from central: https://repo.maven.apache.org/maven2/org/jdom/jdom2/2.0.6/jdom2-2.0.6.jar (305 kB at 341 kB/s)
Progress (1): 0.4/2.3 MB
Progress (1): 0.4/2.3 MB
Progress (1): 0.4/2.3 MB
Progress (1): 0.4/2.3 MB
Progress (1): 0.5/2.3 MB
Progress (1): 0.5/2.3 MB
Progress (1): 0.5/2.3 MB
Progress (1): 0.5/2.3 MB
Progress (1): 0.5/2.3 MB
Progress (1): 0.5/2.3 MB
Progress (1): 0.6/2.3 MB
Progress (1): 0.6/2.3 MB
Progress (1): 0.6/2.3 MB
Progress (1): 0.6/2.3 MB
Progress (1): 0.6/2.3 MB
Progress (1): 0.6/2.3 MB
Progress (1): 0.7/2.3 MB
Progress (1): 0.7/2.3 MB
Progress (1): 0.7/2.3 MB
Progress (1): 0.7/2.3 MB
Progress (1): 0.7/2.3 MB
Progress (1): 0.7/2.3 MB
Progress (1): 0.8/2.3 MB
Progress (1): 0.8/2.3 MB
Progress (1): 0.8/2.3 MB
Progress (1): 0.8/2.3 MB
Progress (1): 0.8/2.3 MB
Progress (1): 0.8/2.3 MB
Progress (1): 0.9/2.3 MB
Progress (1): 0.9/2.3 MB
Progress (1): 0.9/2.3 MB
Progress (1): 0.9/2.3 MB
Progress (1): 0.9/2.3 MB
Progress (1): 0.9/2.3 MB
Progress (1): 1.0/2.3 MB
Progress (1): 1.0/2.3 MB
Progress (1): 1.0/2.3 MB
Progress (1): 1.0/2.3 MB
Progress (1): 1.0/2.3 MB
Progress (1): 1.0/2.3 MB
Progress (1): 1.0/2.3 MB
Progress (1): 1.1/2.3 MB
Progress (1): 1.1/2.3 MB
Progress (1): 1.1/2.3 MB
Progress (1): 1.1/2.3 MB
Progress (1): 1.1/2.3 MB
Progress (1): 1.1/2.3 MB
Progress (1): 1.2/2.3 MB
Progress (1): 1.2/2.3 MB
Progress (1): 1.2/2.3 MB
Progress (1): 1.2/2.3 MB
Progress (1): 1.2/2.3 MB
Progress (1): 1.2/2.3 MB
Progress (1): 1.3/2.3 MB
Progress (1): 1.3/2.3 MB
Progress (1): 1.3/2.3 MB
Progress (1): 1.3/2.3 MB
Progress (1): 1.3/2.3 MB
Progress (1): 1.3/2.3 MB
Progress (1): 1.4/2.3 MB
Progress (1): 1.4/2.3 MB
Progress (1): 1.4/2.3 MB
Progress (1): 1.4/2.3 MB
Progress (1): 1.4/2.3 MB
Progress (1): 1.4/2.3 MB
Progress (1): 1.5/2.3 MB
Progress (1): 1.5/2.3 MB
Progress (1): 1.5/2.3 MB
Progress (1): 1.5/2.3 MB
Progress (1): 1.5/2.3 MB
Progress (1): 1.5/2.3 MB
Progress (1): 1.6/2.3 MB
Progress (1): 1.6/2.3 MB
Progress (1): 1.6/2.3 MB
Progress (1): 1.6/2.3 MB
Progress (1): 1.6/2.3 MB
Progress (1): 1.6/2.3 MB
Progress (1): 1.6/2.3 MB
Progress (1): 1.7/2.3 MB
Progress (1): 1.7/2.3 MB
Progress (1): 1.7/2.3 MB
Progress (1): 1.7/2.3 MB
Progress (1): 1.7/2.3 MB
Progress (1): 1.7/2.3 MB
Progress (1): 1.8/2.3 MB
Progress (1): 1.8/2.3 MB
Progress (1): 1.8/2.3 MB
Progress (1): 1.8/2.3 MB
Progress (1): 1.8/2.3 MB
Progress (1): 1.8/2.3 MB
Progress (1): 1.9/2.3 MB
Progress (1): 1.9/2.3 MB
Progress (1): 1.9/2.3 MB
Progress (1): 1.9/2.3 MB
Progress (1): 1.9/2.3 MB
Progress (1): 1.9/2.3 MB
Progress (1): 2.0/2.3 MB
Progress (1): 2.0/2.3 MB
Progress (1): 2.0/2.3 MB
Progress (1): 2.0/2.3 MB
Progress (1): 2.0/2.3 MB
Progress (1): 2.0/2.3 MB
Progress (1): 2.1/2.3 MB
Progress (1): 2.1/2.3 MB
Progress (1): 2.1/2.3 MB
Progress (1): 2.1/2.3 MB
Progress (1): 2.1/2.3 MB
Progress (1): 2.1/2.3 MB
Progress (1): 2.2/2.3 MB
Progress (1): 2.2/2.3 MB
Progress (1): 2.2/2.3 MB
Progress (1): 2.2/2.3 MB
Progress (1): 2.2/2.3 MB
Progress (1): 2.2/2.3 MB
Progress (1): 2.3/2.3 MB
Progress (1): 2.3/2.3 MB
Progress (1): 2.3/2.3 MB
Progress (1): 2.3/2.3 MB
Progress (1): 2.3 MB

Downloaded from central: https://repo.maven.apache.org/maven2/com/google/guava/guava/19.0/guava-19.0.jar (2.3 MB at 2.1 MB/s)
[INFO] Replacing main artifact with repackaged archive
[INFO] ------------------------------------------------------------------------
[INFO] BUILD SUCCESS
[INFO] ------------------------------------------------------------------------
[INFO] Total time:  19.630 s
[INFO] Finished at: 2021-06-16T04:09:52Z
[INFO] ------------------------------------------------------------------------
Finished: SUCCESS